#
# There is insufficient memory for the Java Runtime Environment to continue.
# Native memory allocation (mmap) failed to map 65536 bytes for Failed to commit metaspace.
# Possible reasons:
#   The system is out of physical RAM or swap space
#   The process is running with CompressedOops enabled, and the Java Heap may be blocking the growth of the native heap
# Possible solutions:
#   Reduce memory load on the system
#   Increase physical memory or swap space
#   Check if swap backing store is full
#   Decrease Java heap size (-Xmx/-Xms)
#   Decrease number of Java threads
#   Decrease Java thread stack sizes (-Xss)
#   Set larger code cache with -XX:ReservedCodeCacheSize=
#   JVM is running with Unscaled Compressed Oops mode in which the Java heap is
#     placed in the first 4GB address space. The Java Heap base address is the
#     maximum limit for the native heap growth. Please use -XX:HeapBaseMinAddress
#     to set the Java Heap base and to place the Java Heap above 4GB virtual address.
# This output file may be truncated or incomplete.
#
#  Out of Memory Error (virtualSpaceNode.cpp:110), pid=8356, tid=8868
#
# JRE version: Java(TM) SE Runtime Environment (20.0.2+9) (build 20.0.2+9-78)
# Java VM: Java HotSpot(TM) 64-Bit Server VM (20.0.2+9-78, mixed mode, sharing, tiered, compressed oops, compressed class ptrs, g1 gc, windows-amd64)
# No core dump will be written. Minidumps are not enabled by default on client versions of Windows
#

---------------  S U M M A R Y ------------

Command Line: C:\Users\ADEPAV~1\AppData\Local\Temp\surefire6648137761546214488\surefirebooter15634469842756453884.jar C:\Users\ADE PAVAN\AppData\Local\Temp\surefire6648137761546214488 2024-07-14T16-07-14_088-jvmRun1 surefire5915049352896647778tmp surefire_06951852513154317237tmp

Host: Intel(R) Core(TM) i3-10110U CPU @ 2.10GHz, 4 cores, 7G,  Windows 11 , 64 bit Build 22621 (10.0.22621.3672)
Time: Sun Jul 14 16:07:14 2024 India Standard Time elapsed time: 0.247909 seconds (0d 0h 0m 0s)

---------------  T H R E A D  ---------------

Current thread (0x000001aa4691e5f0):  JavaThread "main" [_thread_in_vm, id=8868, stack(0x00000080e6400000,0x00000080e6500000)]

Stack: [0x00000080e6400000,0x00000080e6500000]
Native frames: (J=compiled Java code, j=interpreted, Vv=VM code, C=native code)
V  [jvm.dll+0x6bc25a]
V  [jvm.dll+0x84971a]
V  [jvm.dll+0x84b315]
V  [jvm.dll+0x84ba13]
V  [jvm.dll+0x280e4f]
V  [jvm.dll+0x84565b]
V  [jvm.dll+0x660616]
V  [jvm.dll+0x1eb7b7]
V  [jvm.dll+0x663032]
V  [jvm.dll+0x662e1e]
V  [jvm.dll+0x66102e]
V  [jvm.dll+0x26dde1]
V  [jvm.dll+0x21c177]
V  [jvm.dll+0x211a50]
V  [jvm.dll+0x59c7cc]
V  [jvm.dll+0x7c42a3]
V  [jvm.dll+0x7c4384]
V  [jvm.dll+0x46ca64]
V  [jvm.dll+0x471fc8]
C  [java.dll+0x17ec]

Java frames: (J=compiled Java code, j=interpreted, Vv=VM code)
j  java.lang.ClassLoader.defineClass1(Ljava/lang/ClassLoader;Ljava/lang/String;[BIILjava/security/ProtectionDomain;Ljava/lang/String;)Ljava/lang/Class;+0 java.base@20.0.2
j  java.lang.ClassLoader.defineClass(Ljava/lang/String;[BIILjava/security/ProtectionDomain;)Ljava/lang/Class;+27 java.base@20.0.2
j  java.security.SecureClassLoader.defineClass(Ljava/lang/String;[BIILjava/security/CodeSource;)Ljava/lang/Class;+12 java.base@20.0.2
j  jdk.internal.loader.BuiltinClassLoader.defineClass(Ljava/lang/String;Ljdk/internal/loader/Resource;)Ljava/lang/Class;+117 java.base@20.0.2
j  jdk.internal.loader.BuiltinClassLoader.findClassOnClassPathOrNull(Ljava/lang/String;)Ljava/lang/Class;+37 java.base@20.0.2
J 400 c1 jdk.internal.loader.BuiltinClassLoader.loadClassOrNull(Ljava/lang/String;Z)Ljava/lang/Class; java.base@20.0.2 (143 bytes) @ 0x000001aa4ea85bb4 [0x000001aa4ea85140+0x0000000000000a74]
j  jdk.internal.loader.BuiltinClassLoader.loadClass(Ljava/lang/String;Z)Ljava/lang/Class;+3 java.base@20.0.2
j  jdk.internal.loader.ClassLoaders$AppClassLoader.loadClass(Ljava/lang/String;Z)Ljava/lang/Class;+36 java.base@20.0.2
j  java.lang.ClassLoader.loadClass(Ljava/lang/String;)Ljava/lang/Class;+3 java.base@20.0.2
v  ~StubRoutines::call_stub 0x000001aa55f2100d
j  java.lang.Class.getDeclaredConstructors0(Z)[Ljava/lang/reflect/Constructor;+0 java.base@20.0.2
j  java.lang.Class.privateGetDeclaredConstructors(Z)[Ljava/lang/reflect/Constructor;+52 java.base@20.0.2
j  java.lang.Class.getConstructor0([Ljava/lang/Class;I)Ljava/lang/reflect/Constructor;+14 java.base@20.0.2
j  java.lang.Class.getConstructor([Ljava/lang/Class;)Ljava/lang/reflect/Constructor;+24 java.base@20.0.2
j  org.apache.maven.surefire.util.ReflectionUtils.getConstructor(Ljava/lang/Class;[Ljava/lang/Class;)Ljava/lang/reflect/Constructor;+2
j  org.apache.maven.surefire.util.ReflectionUtils.instantiateOneArg(Ljava/lang/ClassLoader;Ljava/lang/String;Ljava/lang/Class;Ljava/lang/Object;)Ljava/lang/Object;+17
j  org.apache.maven.surefire.booter.ForkedBooter.createProviderInCurrentClassloader(Lorg/apache/maven/surefire/booter/ForkingReporterFactory;)Lorg/apache/maven/surefire/providerapi/SurefireProvider;+148
j  org.apache.maven.surefire.booter.ForkedBooter.invokeProviderInSameClassLoader(Lorg/apache/maven/surefire/booter/ForkingReporterFactory;)Lorg/apache/maven/surefire/suite/RunResult;+2
j  org.apache.maven.surefire.booter.ForkedBooter.runSuitesInProcess()Lorg/apache/maven/surefire/suite/RunResult;+7
j  org.apache.maven.surefire.booter.ForkedBooter.execute()V+1
j  org.apache.maven.surefire.booter.ForkedBooter.main([Ljava/lang/String;)V+35
v  ~StubRoutines::call_stub 0x000001aa55f2100d

Compiled method (c1)     266  400   !   3       jdk.internal.loader.BuiltinClassLoader::loadClassOrNull (143 bytes)
 total in heap  [0x000001aa4ea84e90,0x000001aa4ea866b8] = 6184
 relocation     [0x000001aa4ea84fd8,0x000001aa4ea85130] = 344
 main code      [0x000001aa4ea85140,0x000001aa4ea86008] = 3784
 stub code      [0x000001aa4ea86008,0x000001aa4ea860c8] = 192
 metadata       [0x000001aa4ea860c8,0x000001aa4ea86128] = 96
 scopes data    [0x000001aa4ea86128,0x000001aa4ea86350] = 552
 scopes pcs     [0x000001aa4ea86350,0x000001aa4ea86530] = 480
 dependencies   [0x000001aa4ea86530,0x000001aa4ea86540] = 16
 handler table  [0x000001aa4ea86540,0x000001aa4ea86690] = 336
 nul chk table  [0x000001aa4ea86690,0x000001aa4ea866b8] = 40

[Constant Pool (empty)]

[MachCode]
[Entry Point]
  # {method} {0x000001aa00069738} 'loadClassOrNull' '(Ljava/lang/String;Z)Ljava/lang/Class;' in 'jdk/internal/loader/BuiltinClassLoader'
  # this:     rdx:rdx   = 'jdk/internal/loader/BuiltinClassLoader'
  # parm0:    r8:r8     = 'java/lang/String'
  # parm1:    r9        = boolean
  #           [sp+0xd0]  (sp of caller)
  0x000001aa4ea85140: 448b 5208 | 49bb 0000 | 0000 aa01 | 0000 4d03 | d34c 3bd0 

  0x000001aa4ea85154: ;   {runtime_call ic_miss_stub}
  0x000001aa4ea85154: 0f85 a6ec | 4f07 660f | 1f44 0000 
[Verified Entry Point]
  0x000001aa4ea85160: 8984 2400 | 80ff ff55 | 4881 ecc0 | 0000 0090 | 4181 7f20 | 0100 0000 

  0x000001aa4ea85178: ;   {runtime_call StubRoutines (2)}
  0x000001aa4ea85178: 7405 e801 | 4b4e 0748 | 8954 2468 

  0x000001aa4ea85184: ;   {metadata(method data for {method} {0x000001aa00069738} 'loadClassOrNull' '(Ljava/lang/String;Z)Ljava/lang/Class;' in 'jdk/internal/loader/BuiltinClassLoader')}
  0x000001aa4ea85184: 48be a051 | d162 aa01 | 0000 8bbe | cc00 0000 | 83c7 0289 | becc 0000 | 0081 e7fe | 0700 0083 
  0x000001aa4ea851a4: ff00 0f84 | 380c 0000 | 4489 4c24 | 7848 8bf2 

  0x000001aa4ea851b4: ;   {metadata(method data for {method} {0x000001aa00069738} 'loadClassOrNull' '(Ljava/lang/String;Z)Ljava/lang/Class;' in 'jdk/internal/loader/BuiltinClassLoader')}
  0x000001aa4ea851b4: 48bf a051 | d162 aa01 | 0000 8b76 | 0849 ba00 | 0000 00aa | 0100 0049 | 03f2 483b | b720 0100 
  0x000001aa4ea851d4: 0075 0d48 | 8387 2801 | 0000 01e9 | 6000 0000 | 483b b730 | 0100 0075 | 0d48 8387 | 3801 0000 
  0x000001aa4ea851f4: 01e9 4a00 | 0000 4883 | bf20 0100 | 0000 7517 | 4889 b720 | 0100 0048 | c787 2801 | 0000 0100 
  0x000001aa4ea85214: 0000 e929 | 0000 0048 | 83bf 3001 | 0000 0075 | 1748 89b7 | 3001 0000 | 48c7 8738 | 0100 0001 
  0x000001aa4ea85234: 0000 00e9 | 0800 0000 | 4883 8710 | 0100 0001 | 498b f04c | 8bc6 488b | fa48 8bd7 | 4889 7424 
  0x000001aa4ea85254: ;   {optimized virtual_call}
  0x000001aa4ea85254: 7066 90e8 

  0x000001aa4ea85258: ; ImmutableOopMap {[104]=Oop [112]=Oop }
                      ;*invokevirtual getClassLoadingLock {reexecute=0 rethrow=0 return_oop=0}
                      ; - jdk.internal.loader.BuiltinClassLoader::loadClassOrNull@2 (line 651)
  0x000001aa4ea85258: 04ee ffff | 4889 8424 | 8000 0000 | 488d 9424 | a000 0000 | 488b f048 | 8972 0848 | 8b06 4883 
  0x000001aa4ea85278: c801 4889 | 02f0 480f | b116 0f84 | 1200 0000 | 482b c448 | 2507 f0ff | ff48 8902 | 0f85 700b 
  0x000001aa4ea85298: 0000 49ff | 8778 0400 | 0048 8b54 

  0x000001aa4ea852a4: ;   {metadata(method data for {method} {0x000001aa00069738} 'loadClassOrNull' '(Ljava/lang/String;Z)Ljava/lang/Class;' in 'jdk/internal/loader/BuiltinClassLoader')}
  0x000001aa4ea852a4: 2468 48be | a051 d162 | aa01 0000 | 4883 8648 | 0100 0001 

  0x000001aa4ea852b8: ;   {metadata(method data for {method} {0x000001aa00439230} 'findLoadedClass' '(Ljava/lang/String;)Ljava/lang/Class;' in 'java/lang/ClassLoader')}
  0x000001aa4ea852b8: 48ba e04f | d162 aa01 | 0000 8bb2 | cc00 0000 | 83c6 0289 | b2cc 0000 | 0081 e6fe | ff1f 0083 
  0x000001aa4ea852d8: fe00 0f84 | 3d0b 0000 

  0x000001aa4ea852e0: ;   {metadata(method data for {method} {0x000001aa00439230} 'findLoadedClass' '(Ljava/lang/String;)Ljava/lang/Class;' in 'java/lang/ClassLoader')}
  0x000001aa4ea852e0: 48ba e04f | d162 aa01 | 0000 4883 | 8210 0100 | 0001 488b 

  0x000001aa4ea852f4: ;   {static_call}
  0x000001aa4ea852f4: 5424 70e8 

  0x000001aa4ea852f8: ; ImmutableOopMap {[104]=Oop [112]=Oop [128]=Oop [168]=Oop }
                      ;*invokestatic checkName {reexecute=0 rethrow=0 return_oop=0}
                      ; - java.lang.ClassLoader::findLoadedClass@1 (line 1284)
                      ; - jdk.internal.loader.BuiltinClassLoader::loadClassOrNull@10 (line 653)
  0x000001aa4ea852f8: e489 fbff 

  0x000001aa4ea852fc: ;   {metadata(method data for {method} {0x000001aa00439230} 'findLoadedClass' '(Ljava/lang/String;)Ljava/lang/Class;' in 'java/lang/ClassLoader')}
  0x000001aa4ea852fc: 83f8 0049 | b8e0 4fd1 | 62aa 0100 | 0048 ba20 | 0100 0000 | 0000 000f | 850a 0000 | 0048 ba30 
  0x000001aa4ea8531c: 0100 0000 | 0000 0049 | 8b34 1048 | 8d76 0149 | 8934 100f | 850f 0000 

  0x000001aa4ea85334: ;   {oop(NULL)}
  0x000001aa4ea85334: 0048 be00 | 0000 0000 | 0000 00e9 | 2b00 0000 | 488b 5424 

  0x000001aa4ea85348: ;   {metadata(method data for {method} {0x000001aa00439230} 'findLoadedClass' '(Ljava/lang/String;)Ljava/lang/Class;' in 'java/lang/ClassLoader')}
  0x000001aa4ea85348: 6849 b8e0 | 4fd1 62aa | 0100 0049 | 8380 4001 | 0000 014c | 8b44 2470 | 488b 5424 

  0x000001aa4ea85364: ;   {optimized virtual_call}
  0x000001aa4ea85364: 6866 90e8 

  0x000001aa4ea85368: ; ImmutableOopMap {[104]=Oop [112]=Oop [128]=Oop [168]=Oop }
                      ;*invokevirtual findLoadedClass0 {reexecute=0 rethrow=0 return_oop=0}
                      ; - java.lang.ClassLoader::findLoadedClass@11 (line 1286)
                      ; - jdk.internal.loader.BuiltinClassLoader::loadClassOrNull@10 (line 653)
  0x000001aa4ea85368: 100d 0000 | 488b f048 

  0x000001aa4ea85370: ;   {metadata(method data for {method} {0x000001aa00069738} 'loadClassOrNull' '(Ljava/lang/String;Z)Ljava/lang/Class;' in 'jdk/internal/loader/BuiltinClassLoader')}
  0x000001aa4ea85370: 83fe 0049 | b8a0 51d1 | 62aa 0100 | 0048 ba80 | 0100 0000 | 0000 000f | 850a 0000 | 0048 ba90 
  0x000001aa4ea85390: 0100 0000 | 0000 0049 | 8b3c 1048 | 8d7f 0149 | 893c 100f | 850e 0800 | 0048 89b4 | 2488 0000 
  0x000001aa4ea853b0: 0048 8b54 

  0x000001aa4ea853b4: ;   {metadata(method data for {method} {0x000001aa00069738} 'loadClassOrNull' '(Ljava/lang/String;Z)Ljava/lang/Class;' in 'jdk/internal/loader/BuiltinClassLoader')}
  0x000001aa4ea853b4: 2468 49b8 | a051 d162 | aa01 0000 | 4983 80a0 | 0100 0001 | 4c8b 4424 | 7048 8b54 | 2468 0f1f 
  0x000001aa4ea853d4: ;   {optimized virtual_call}
  0x000001aa4ea853d4: 4400 00e8 

  0x000001aa4ea853d8: ; ImmutableOopMap {[104]=Oop [112]=Oop [128]=Oop [136]=Oop [168]=Oop }
                      ;*invokevirtual findLoadedModule {reexecute=0 rethrow=0 return_oop=0}
                      ; - jdk.internal.loader.BuiltinClassLoader::loadClassOrNull@22 (line 658)
  0x000001aa4ea853d8: af0c 0000 | 4883 f800 

  0x000001aa4ea853e0: ;   {metadata(method data for {method} {0x000001aa00069738} 'loadClassOrNull' '(Ljava/lang/String;Z)Ljava/lang/Class;' in 'jdk/internal/loader/BuiltinClassLoader')}
  0x000001aa4ea853e0: 49b8 a051 | d162 aa01 | 0000 49b9 | d801 0000 | 0000 0000 | 0f84 0a00 | 0000 49b9 | e801 0000 
  0x000001aa4ea85400: 0000 0000 | 4b8b 1408 | 488d 5201 | 4b89 1408 | 488b 5424 | 680f 84a2 | 0300 0048 | 3b00 4c8b 
  0x000001aa4ea85420: ;   {metadata(method data for {method} {0x000001aa00069738} 'loadClassOrNull' '(Ljava/lang/String;Z)Ljava/lang/Class;' in 'jdk/internal/loader/BuiltinClassLoader')}
  0x000001aa4ea85420: c049 b9a0 | 51d1 62aa 

  0x000001aa4ea85428: ;   {metadata('jdk/internal/loader/BuiltinClassLoader$LoadedModule')}
  0x000001aa4ea85428: 0100 0049 | bae8 da17 | 00aa 0100 | 004d 8991 | 0802 0000 | 4983 8110 | 0200 0001 | 8b70 0c48 
  0x000001aa4ea85448: ;   {metadata(method data for {method} {0x000001aa00069738} 'loadClassOrNull' '(Ljava/lang/String;Z)Ljava/lang/Class;' in 'jdk/internal/loader/BuiltinClassLoader')}
  0x000001aa4ea85448: 3bf2 49b8 | a051 d162 | aa01 0000 | 49b9 3002 | 0000 0000 | 0000 0f85 | 0a00 0000 | 49b9 4002 
  0x000001aa4ea85468: 0000 0000 | 0000 4b8b | 3c08 488d | 7f01 4b89 | 3c08 0f85 | 2d02 0000 

  0x000001aa4ea85480: ;   {metadata(method data for {method} {0x000001aa00069738} 'loadClassOrNull' '(Ljava/lang/String;Z)Ljava/lang/Class;' in 'jdk/internal/loader/BuiltinClassLoader')}
  0x000001aa4ea85480: 49b8 a051 | d162 aa01 | 0000 4983 | 8050 0200 

  0x000001aa4ea85490: ;   {metadata(method data for {method} {0x000001aa00452b20} 'isModuleSystemInited' '()Z' in 'jdk/internal/misc/VM')}
  0x000001aa4ea85490: 0001 49b8 | 1859 d162 | aa01 0000 | 458b 88cc | 0000 0041 | 83c1 0245 | 8988 cc00 | 0000 4181 
  0x000001aa4ea854b0: e1fe ff1f | 0041 83f9 | 000f 8484 

  0x000001aa4ea854bc: ;   {oop(a 'java/lang/Class'{0x000000008ad09940} = 'jdk/internal/misc/VM')}
  0x000001aa4ea854bc: 0900 0049 | b840 99d0 | 8a00 0000 | 0045 8b80 | 9400 0000 | 4183 f802 

  0x000001aa4ea854d4: ;   {metadata(method data for {method} {0x000001aa00452b20} 'isModuleSystemInited' '()Z' in 'jdk/internal/misc/VM')}
  0x000001aa4ea854d4: 49b8 1859 | d162 aa01 | 0000 49b9 | 1001 0000 | 0000 0000 | 0f8c 0a00 | 0000 49b9 | 2001 0000 
  0x000001aa4ea854f4: 0000 0000 | 4b8b 3408 | 488d 7601 | 4b89 3408 | 0f8c 1c00 

  0x000001aa4ea85508: ;   {metadata(method data for {method} {0x000001aa00452b20} 'isModuleSystemInited' '()Z' in 'jdk/internal/misc/VM')}
  0x000001aa4ea85508: 0000 49b8 | 1859 d162 | aa01 0000 | 41ff 8030 | 0100 0041 | b801 0000 | 00e9 0600 | 0000 41b8 
  0x000001aa4ea85528: 0000 0000 | 4183 e001 | 4183 f800 

  0x000001aa4ea85534: ;   {metadata(method data for {method} {0x000001aa00069738} 'loadClassOrNull' '(Ljava/lang/String;Z)Ljava/lang/Class;' in 'jdk/internal/loader/BuiltinClassLoader')}
  0x000001aa4ea85534: 49b8 a051 | d162 aa01 | 0000 49b9 | 7002 0000 | 0000 0000 | 0f85 0a00 | 0000 49b9 | 6002 0000 
  0x000001aa4ea85554: 0000 0000 | 4b8b 3408 | 488d 7601 | 4b89 3408 | 0f85 0d00 | 0000 488b | b424 8800 | 0000 e930 
  0x000001aa4ea85574: 0200 004c 

  0x000001aa4ea85578: ;   {metadata(method data for {method} {0x000001aa00069738} 'loadClassOrNull' '(Ljava/lang/String;Z)Ljava/lang/Class;' in 'jdk/internal/loader/BuiltinClassLoader')}
  0x000001aa4ea85578: 8bc2 49b9 | a051 d162 | aa01 0000 | 4983 8180 | 0200 0001 

  0x000001aa4ea8558c: ;   {metadata(method data for {method} {0x000001aa00069e70} 'findClassInModuleOrNull' '(Ljdk/internal/loader/BuiltinClassLoader$LoadedModule;Ljava/lang/String;)Ljava/lang/Class;' in 'jdk/internal/loader/BuiltinClassLoader')}
  0x000001aa4ea8558c: 49b8 785a | d162 aa01 | 0000 458b | 88cc 0000 | 0041 83c1 | 0245 8988 | cc00 0000 | 4181 e1fe 
  0x000001aa4ea855ac: ff1f 0041 | 83f9 000f | 84ab 0800 

  0x000001aa4ea855b8: ;   {metadata(method data for {method} {0x000001aa00069e70} 'findClassInModuleOrNull' '(Ljdk/internal/loader/BuiltinClassLoader$LoadedModule;Ljava/lang/String;)Ljava/lang/Class;' in 'jdk/internal/loader/BuiltinClassLoader')}
  0x000001aa4ea855b8: 0049 b878 | 5ad1 62aa | 0100 0049 | 8380 1001 

  0x000001aa4ea855c8: ;   {metadata(method data for {method} {0x000001aa0001baa8} 'getSecurityManager' '()Ljava/lang/SecurityManager;' in 'java/lang/System')}
  0x000001aa4ea855c8: 0000 0149 | b860 c4c5 | 62aa 0100 | 0045 8b88 | cc00 0000 | 4183 c102 | 4589 88cc | 0000 0041 
  0x000001aa4ea855e8: 81e1 feff | 1f00 4183 | f900 0f84 | 8d08 0000 

  0x000001aa4ea855f8: ;   {metadata(method data for {method} {0x000001aa0001baa8} 'getSecurityManager' '()Ljava/lang/SecurityManager;' in 'java/lang/System')}
  0x000001aa4ea855f8: 49b8 60c4 | c562 aa01 | 0000 4983 | 8010 0100 

  0x000001aa4ea85608: ;   {metadata(method data for {method} {0x000001aa0001bbc0} 'allowSecurityManager' '()Z' in 'java/lang/System')}
  0x000001aa4ea85608: 0001 49b8 | d8c5 c562 | aa01 0000 | 458b 88cc | 0000 0041 | 83c1 0245 | 8988 cc00 | 0000 4181 
  0x000001aa4ea85628: e1fe ff1f | 0041 83f9 | 000f 846f 

  0x000001aa4ea85634: ;   {metadata(method data for {method} {0x000001aa0001bbc0} 'allowSecurityManager' '()Z' in 'java/lang/System')}
  0x000001aa4ea85634: 0800 0049 | b8d8 c5c5 | 62aa 0100 | 0041 ff80 | 1001 0000 

  0x000001aa4ea85648: ;   {metadata(method data for {method} {0x000001aa0001baa8} 'getSecurityManager' '()Ljava/lang/SecurityManager;' in 'java/lang/System')}
  0x000001aa4ea85648: 49b8 60c4 | c562 aa01 | 0000 41ff | 8020 0100 

  0x000001aa4ea85658: ;   {metadata(method data for {method} {0x000001aa00069e70} 'findClassInModuleOrNull' '(Ljdk/internal/loader/BuiltinClassLoader$LoadedModule;Ljava/lang/String;)Ljava/lang/Class;' in 'jdk/internal/loader/BuiltinClassLoader')}
  0x000001aa4ea85658: 0049 b878 | 5ad1 62aa | 0100 0041 | ff80 3001 | 0000 4c8b 

  0x000001aa4ea8566c: ;   {metadata(method data for {method} {0x000001aa00069e70} 'findClassInModuleOrNull' '(Ljdk/internal/loader/BuiltinClassLoader$LoadedModule;Ljava/lang/String;)Ljava/lang/Class;' in 'jdk/internal/loader/BuiltinClassLoader')}
  0x000001aa4ea8566c: c249 b978 | 5ad1 62aa | 0100 0049 | 8381 4001 | 0000 014c | 8b44 2470 | 4c8b c848 | 8bf2 488b 
  0x000001aa4ea8568c: ;   {optimized virtual_call}
  0x000001aa4ea8568c: d666 90e8 

  0x000001aa4ea85690: ; ImmutableOopMap {[104]=Oop [128]=Oop [168]=Oop }
                      ;*invokevirtual defineClass {reexecute=0 rethrow=0 return_oop=0}
                      ; - jdk.internal.loader.BuiltinClassLoader::findClassInModuleOrNull@9 (line 741)
                      ; - jdk.internal.loader.BuiltinClassLoader::loadClassOrNull@55 (line 665)
  0x000001aa4ea85690: 6cea 4f07 

  0x000001aa4ea85694: ;   {metadata(method data for {method} {0x000001aa00069738} 'loadClassOrNull' '(Ljava/lang/String;Z)Ljava/lang/Class;' in 'jdk/internal/loader/BuiltinClassLoader')}
  0x000001aa4ea85694: 49b8 a051 | d162 aa01 | 0000 41ff | 80b8 0200 | 0048 8bf0 | e9fa 0000 | 0048 3b06 

  0x000001aa4ea856b0: ;   {metadata(method data for {method} {0x000001aa00069738} 'loadClassOrNull' '(Ljava/lang/String;Z)Ljava/lang/Class;' in 'jdk/internal/loader/BuiltinClassLoader')}
  0x000001aa4ea856b0: 4c8b c649 | b9a0 51d1 | 62aa 0100 | 0049 8381 | d002 0000 

  0x000001aa4ea856c4: ;   {metadata(method data for {method} {0x000001aa00069f20} 'loadClassOrNull' '(Ljava/lang/String;)Ljava/lang/Class;' in 'jdk/internal/loader/BuiltinClassLoader')}
  0x000001aa4ea856c4: 0149 b868 | 62d1 62aa | 0100 0045 | 8b88 cc00 | 0000 4183 | c102 4589 | 88cc 0000 | 0041 81e1 
  0x000001aa4ea856e4: feff 1f00 | 4183 f900 | 0f84 da07 | 0000 4c8b 

  0x000001aa4ea856f4: ;   {metadata(method data for {method} {0x000001aa00069f20} 'loadClassOrNull' '(Ljava/lang/String;)Ljava/lang/Class;' in 'jdk/internal/loader/BuiltinClassLoader')}
  0x000001aa4ea856f4: c649 b968 | 62d1 62aa | 0100 0045 | 8b40 0849 | ba00 0000 | 00aa 0100 | 004d 03c2 | 4d3b 8120 
  0x000001aa4ea85714: 0100 0075 | 0d49 8381 | 2801 0000 | 01e9 6000 | 0000 4d3b | 8130 0100 | 0075 0d49 | 8381 3801 
  0x000001aa4ea85734: 0000 01e9 | 4a00 0000 | 4983 b920 | 0100 0000 | 7517 4d89 | 8120 0100 | 0049 c781 | 2801 0000 
  0x000001aa4ea85754: 0100 0000 | e929 0000 | 0049 83b9 | 3001 0000 | 0075 174d | 8981 3001 | 0000 49c7 | 8138 0100 
  0x000001aa4ea85774: 0001 0000 | 00e9 0800 | 0000 4983 | 8110 0100 | 0001 4c8b | 4424 7041 | b900 0000 | 0048 8bd6 
  0x000001aa4ea85794: 9048 b8ff | ffff ffff 

  0x000001aa4ea8579c: ;   {virtual_call}
  0x000001aa4ea8579c: ffff ffe8 

  0x000001aa4ea857a0: ; ImmutableOopMap {[104]=Oop [128]=Oop [168]=Oop }
                      ;*invokevirtual loadClassOrNull {reexecute=0 rethrow=0 return_oop=0}
                      ; - jdk.internal.loader.BuiltinClassLoader::loadClassOrNull@3 (line 700)
                      ; - jdk.internal.loader.BuiltinClassLoader::loadClassOrNull@66 (line 669)
  0x000001aa4ea857a0: 5cec 4f07 

  0x000001aa4ea857a4: ;   {metadata(method data for {method} {0x000001aa00069738} 'loadClassOrNull' '(Ljava/lang/String;Z)Ljava/lang/Class;' in 'jdk/internal/loader/BuiltinClassLoader')}
  0x000001aa4ea857a4: 488b f049 | b8a0 51d1 | 62aa 0100 | 0041 ff80 | 0803 0000 | e9fa 0300 | 008b 7254 | 4883 fe00 
  0x000001aa4ea857c4: ;   {metadata(method data for {method} {0x000001aa00069738} 'loadClassOrNull' '(Ljava/lang/String;Z)Ljava/lang/Class;' in 'jdk/internal/loader/BuiltinClassLoader')}
  0x000001aa4ea857c4: 49b8 a051 | d162 aa01 | 0000 49b9 | 3003 0000 | 0000 0000 | 0f85 0a00 | 0000 49b9 | 2003 0000 
  0x000001aa4ea857e4: 0000 0000 | 4b8b 3c08 | 488d 7f01 | 4b89 3c08 | 0f85 0d00 | 0000 488b | b424 8800 | 0000 e900 
  0x000001aa4ea85804: 0100 0048 | 3b06 4c8b 

  0x000001aa4ea8580c: ;   {metadata(method data for {method} {0x000001aa00069738} 'loadClassOrNull' '(Ljava/lang/String;Z)Ljava/lang/Class;' in 'jdk/internal/loader/BuiltinClassLoader')}
  0x000001aa4ea8580c: c649 b9a0 | 51d1 62aa | 0100 0049 | 8381 4003 

  0x000001aa4ea8581c: ;   {metadata(method data for {method} {0x000001aa00069f20} 'loadClassOrNull' '(Ljava/lang/String;)Ljava/lang/Class;' in 'jdk/internal/loader/BuiltinClassLoader')}
  0x000001aa4ea8581c: 0000 0149 | b868 62d1 | 62aa 0100 | 0045 8b88 | cc00 0000 | 4183 c102 | 4589 88cc | 0000 0041 
  0x000001aa4ea8583c: 81e1 feff | 1f00 4183 | f900 0f84 | a606 0000 

  0x000001aa4ea8584c: ;   {metadata(method data for {method} {0x000001aa00069f20} 'loadClassOrNull' '(Ljava/lang/String;)Ljava/lang/Class;' in 'jdk/internal/loader/BuiltinClassLoader')}
  0x000001aa4ea8584c: 4c8b c649 | b968 62d1 | 62aa 0100 | 0045 8b40 | 0849 ba00 | 0000 00aa | 0100 004d | 03c2 4d3b 
  0x000001aa4ea8586c: 8120 0100 | 0075 0d49 | 8381 2801 | 0000 01e9 | 6000 0000 | 4d3b 8130 | 0100 0075 | 0d49 8381 
  0x000001aa4ea8588c: 3801 0000 | 01e9 4a00 | 0000 4983 | b920 0100 | 0000 7517 | 4d89 8120 | 0100 0049 | c781 2801 
  0x000001aa4ea858ac: 0000 0100 | 0000 e929 | 0000 0049 | 83b9 3001 | 0000 0075 | 174d 8981 | 3001 0000 | 49c7 8138 
  0x000001aa4ea858cc: 0100 0001 | 0000 00e9 | 0800 0000 | 4983 8110 | 0100 0001 | 4c8b 4424 | 7041 b900 | 0000 0048 
  0x000001aa4ea858ec: 8bd6 0f1f | 8000 0000 | 0048 b8b8 | a906 00aa 

  0x000001aa4ea858fc: ;   {virtual_call}
  0x000001aa4ea858fc: 0100 00e8 

  0x000001aa4ea85900: ; ImmutableOopMap {[104]=Oop [112]=Oop [128]=Oop [168]=Oop }
                      ;*invokevirtual loadClassOrNull {reexecute=0 rethrow=0 return_oop=0}
                      ; - jdk.internal.loader.BuiltinClassLoader::loadClassOrNull@3 (line 700)
                      ; - jdk.internal.loader.BuiltinClassLoader::loadClassOrNull@86 (line 676)
  0x000001aa4ea85900: dcc3 4f07 | 488b f048 

  0x000001aa4ea85908: ;   {metadata(method data for {method} {0x000001aa00069738} 'loadClassOrNull' '(Ljava/lang/String;Z)Ljava/lang/Class;' in 'jdk/internal/loader/BuiltinClassLoader')}
  0x000001aa4ea85908: 83fe 0049 | b8a0 51d1 | 62aa 0100 | 0048 ba78 | 0300 0000 | 0000 000f | 850a 0000 | 0048 ba88 
  0x000001aa4ea85928: 0300 0000 | 0000 0049 | 8b3c 1048 | 8d7f 0149 | 893c 100f | 8576 0200 | 0048 8b54 | 2468 4c8b 
  0x000001aa4ea85948: ;   {metadata(method data for {method} {0x000001aa00069738} 'loadClassOrNull' '(Ljava/lang/String;Z)Ljava/lang/Class;' in 'jdk/internal/loader/BuiltinClassLoader')}
  0x000001aa4ea85948: c248 bfa0 | 51d1 62aa | 0100 0045 | 8b40 0849 | ba00 0000 | 00aa 0100 | 004d 03c2 | 4c3b 87a8 
  0x000001aa4ea85968: 0300 0075 | 0d48 8387 | b003 0000 | 01e9 6000 | 0000 4c3b | 87b8 0300 | 0075 0d48 | 8387 c003 
  0x000001aa4ea85988: 0000 01e9 | 4a00 0000 | 4883 bfa8 | 0300 0000 | 7517 4c89 | 87a8 0300 | 0048 c787 | b003 0000 
  0x000001aa4ea859a8: 0100 0000 | e929 0000 | 0048 83bf | b803 0000 | 0075 174c | 8987 b803 | 0000 48c7 | 87c0 0300 
  0x000001aa4ea859c8: 0001 0000 | 00e9 0800 | 0000 4883 | 8798 0300 

  0x000001aa4ea859d8: ;   {metadata(method data for {method} {0x000001aa000696e0} 'hasClassPath' '()Z' in 'jdk/internal/loader/BuiltinClassLoader')}
  0x000001aa4ea859d8: 0001 49b8 | 5864 d162 | aa01 0000 | 418b b8cc | 0000 0083 | c702 4189 | b8cc 0000 | 0081 e7fe 
  0x000001aa4ea859f8: ff1f 0083 | ff00 0f84 | 0f05 0000 | 448b 4258 | 4983 f800 

  0x000001aa4ea85a0c: ;   {metadata(method data for {method} {0x000001aa000696e0} 'hasClassPath' '()Z' in 'jdk/internal/loader/BuiltinClassLoader')}
  0x000001aa4ea85a0c: 49b8 5864 | d162 aa01 | 0000 48bf | 1001 0000 | 0000 0000 | 0f84 0a00 | 0000 48bf | 2001 0000 
  0x000001aa4ea85a2c: 0000 0000 | 498b 1c38 | 488d 5b01 | 4989 1c38 | 0f84 1c00 

  0x000001aa4ea85a40: ;   {metadata(method data for {method} {0x000001aa000696e0} 'hasClassPath' '()Z' in 'jdk/internal/loader/BuiltinClassLoader')}
  0x000001aa4ea85a40: 0000 49b8 | 5864 d162 | aa01 0000 | 41ff 8030 | 0100 0041 | b801 0000 | 00e9 0600 | 0000 41b8 
  0x000001aa4ea85a60: 0000 0000 | 4183 e001 | 4183 f800 

  0x000001aa4ea85a6c: ;   {metadata(method data for {method} {0x000001aa00069738} 'loadClassOrNull' '(Ljava/lang/String;Z)Ljava/lang/Class;' in 'jdk/internal/loader/BuiltinClassLoader')}
  0x000001aa4ea85a6c: 49b8 a051 | d162 aa01 | 0000 48bf | d003 0000 | 0000 0000 | 0f84 0a00 | 0000 48bf | e003 0000 
  0x000001aa4ea85a8c: 0000 0000 | 498b 1c38 | 488d 5b01 | 4989 1c38 | 0f84 1501 

  0x000001aa4ea85aa0: ;   {metadata(method data for {method} {0x000001aa00069738} 'loadClassOrNull' '(Ljava/lang/String;Z)Ljava/lang/Class;' in 'jdk/internal/loader/BuiltinClassLoader')}
  0x000001aa4ea85aa0: 0000 49b8 | a051 d162 | aa01 0000 | 4983 80f0 | 0300 0001 

  0x000001aa4ea85ab4: ;   {metadata(method data for {method} {0x000001aa00452b20} 'isModuleSystemInited' '()Z' in 'jdk/internal/misc/VM')}
  0x000001aa4ea85ab4: 49b8 1859 | d162 aa01 | 0000 418b | b8cc 0000 | 0083 c702 | 4189 b8cc | 0000 0081 | e7fe ff1f 
  0x000001aa4ea85ad4: 0083 ff00 | 0f84 5604 

  0x000001aa4ea85adc: ;   {oop(a 'java/lang/Class'{0x000000008ad09940} = 'jdk/internal/misc/VM')}
  0x000001aa4ea85adc: 0000 49b8 | 4099 d08a | 0000 0000 | 458b 8094 | 0000 0041 

  0x000001aa4ea85af0: ;   {metadata(method data for {method} {0x000001aa00452b20} 'isModuleSystemInited' '()Z' in 'jdk/internal/misc/VM')}
  0x000001aa4ea85af0: 83f8 0249 | b818 59d1 | 62aa 0100 | 0048 bf10 | 0100 0000 | 0000 000f | 8c0a 0000 | 0048 bf20 
  0x000001aa4ea85b10: 0100 0000 | 0000 0049 | 8b1c 3848 | 8d5b 0149 | 891c 380f | 8c1c 0000 

  0x000001aa4ea85b28: ;   {metadata(method data for {method} {0x000001aa00452b20} 'isModuleSystemInited' '()Z' in 'jdk/internal/misc/VM')}
  0x000001aa4ea85b28: 0049 b818 | 59d1 62aa | 0100 0041 | ff80 3001 | 0000 41b8 | 0100 0000 | e906 0000 | 0041 b800 
  0x000001aa4ea85b48: 0000 0041 | 83e0 0141 

  0x000001aa4ea85b50: ;   {metadata(method data for {method} {0x000001aa00069738} 'loadClassOrNull' '(Ljava/lang/String;Z)Ljava/lang/Class;' in 'jdk/internal/loader/BuiltinClassLoader')}
  0x000001aa4ea85b50: 83f8 0049 | b8a0 51d1 | 62aa 0100 | 0048 bf00 | 0400 0000 | 0000 000f | 840a 0000 | 0048 bf10 
  0x000001aa4ea85b70: 0400 0000 | 0000 0049 | 8b1c 3848 | 8d5b 0149 | 891c 380f | 842e 0000 | 004c 8b44 | 2470 488b 
  0x000001aa4ea85b90: ;   {metadata(method data for {method} {0x000001aa00069738} 'loadClassOrNull' '(Ljava/lang/String;Z)Ljava/lang/Class;' in 'jdk/internal/loader/BuiltinClassLoader')}
  0x000001aa4ea85b90: f248 bfa0 | 51d1 62aa | 0100 0048 | 8387 2004 | 0000 0148 | 8bf2 488b | d666 0f1f 

  0x000001aa4ea85bac: ;   {optimized virtual_call}
  0x000001aa4ea85bac: 4400 00e8 

  0x000001aa4ea85bb0: ; ImmutableOopMap {[104]=Oop [128]=Oop [168]=Oop }
                      ;*invokevirtual findClassOnClassPathOrNull {reexecute=0 rethrow=0 return_oop=0}
                      ; - jdk.internal.loader.BuiltinClassLoader::loadClassOrNull@111 (line 681)
  0x000001aa4ea85bb0: f504 0000 | 488b f044 | 8b4c 2478 | 4183 f900 

  0x000001aa4ea85bc0: ;   {metadata(method data for {method} {0x000001aa00069738} 'loadClassOrNull' '(Ljava/lang/String;Z)Ljava/lang/Class;' in 'jdk/internal/loader/BuiltinClassLoader')}
  0x000001aa4ea85bc0: 48b8 a051 | d162 aa01 | 0000 48ba | 5804 0000 | 0000 0000 | 0f84 0a00 | 0000 48ba | 6804 0000 
  0x000001aa4ea85be0: 0000 0000 | 488b 3c10 | 488d 7f01 | 4889 3c10 | 0f84 b300 | 0000 4883 

  0x000001aa4ea85bf8: ;   {metadata(method data for {method} {0x000001aa00069738} 'loadClassOrNull' '(Ljava/lang/String;Z)Ljava/lang/Class;' in 'jdk/internal/loader/BuiltinClassLoader')}
  0x000001aa4ea85bf8: fe00 48b8 | a051 d162 | aa01 0000 | 48ba 7804 | 0000 0000 | 0000 0f84 | 0a00 0000 | 48ba 8804 
  0x000001aa4ea85c18: 0000 0000 | 0000 488b | 3c10 488d | 7f01 4889 | 3c10 0f84 | 7900 0000 | 488b 5424 

  0x000001aa4ea85c34: ;   {metadata(method data for {method} {0x000001aa00069738} 'loadClassOrNull' '(Ljava/lang/String;Z)Ljava/lang/Class;' in 'jdk/internal/loader/BuiltinClassLoader')}
  0x000001aa4ea85c34: 6848 b8a0 | 51d1 62aa | 0100 0048 | 8380 9804 

  0x000001aa4ea85c44: ;   {metadata(method data for {method} {0x000001aa00439180} 'resolveClass' '(Ljava/lang/Class;)V' in 'java/lang/ClassLoader')}
  0x000001aa4ea85c44: 0000 0148 | b8c0 68d1 | 62aa 0100 | 008b 90cc | 0000 0083 | c202 8990 | cc00 0000 | 81e2 feff 
  0x000001aa4ea85c64: 1f00 83fa | 000f 84e6 | 0200 0048 

  0x000001aa4ea85c70: ;   {metadata(method data for {method} {0x000001aa00439180} 'resolveClass' '(Ljava/lang/Class;)V' in 'java/lang/ClassLoader')}
  0x000001aa4ea85c70: 83fe 0048 | b8c0 68d1 | 62aa 0100 | 0048 ba20 | 0100 0000 | 0000 000f | 840a 0000 | 0048 ba10 
  0x000001aa4ea85c90: 0100 0000 | 0000 0048 | 8b3c 1048 | 8d7f 0148 | 893c 100f | 8443 0000 | 0048 8d84 | 24a0 0000 
  0x000001aa4ea85cb0: 0048 8b10 | 4885 d20f | 840f 0000 | 0048 8b78 | 08f0 480f | b117 0f85 | aa02 0000 | 49ff 8f78 
  0x000001aa4ea85cd0: 0400 0048 | 8bc6 4881 | c4c0 0000 

  0x000001aa4ea85cdc: ;   {poll_return}
  0x000001aa4ea85cdc: 005d 493b | a778 0300 | 000f 87a1 | 0200 00c3 | 4889 b424 | 9800 0000 | 0f1f 4000 

  0x000001aa4ea85cf8: ;   {no_reloc}
  0x000001aa4ea85cf8: e9b4 0200 | 0000 0000 | 0000 498b | 87f8 0000 | 0048 8d78 | 3049 3bbf | 0801 0000 | 0f87 a102 
  0x000001aa4ea85d18: 0000 4989 | bff8 0000 | 0048 c700 | 0100 0000 | 488b ca49 | ba00 0000 | 00aa 0100 | 0049 2bca 
  0x000001aa4ea85d38: 8948 0848 | 33c9 8948 | 0c48 33c9 | 4889 4810 | 4889 4818 | 4889 4820 | 4889 4828 

  0x000001aa4ea85d54: ;   {metadata(method data for {method} {0x000001aa00439180} 'resolveClass' '(Ljava/lang/Class;)V' in 'java/lang/ClassLoader')}
  0x000001aa4ea85d54: 488b d048 | bec0 68d1 | 62aa 0100 | 0048 8386 | 3001 0000 | 0148 8bd0 | 4889 8424 | 9000 0000 
  0x000001aa4ea85d74: ;   {optimized virtual_call}
  0x000001aa4ea85d74: 6666 90e8 

  0x000001aa4ea85d78: ; ImmutableOopMap {[128]=Oop [144]=Oop [152]=Oop [168]=Oop }
                      ;*invokespecial <init> {reexecute=0 rethrow=0 return_oop=0}
                      ; - java.lang.ClassLoader::resolveClass@8 (line 1224)
                      ; - jdk.internal.loader.BuiltinClassLoader::loadClassOrNull@128 (line 688)
  0x000001aa4ea85d78: 84e3 4f07 | 488b 8424 

  0x000001aa4ea85d80: ; ImmutableOopMap {rax=Oop [128]=Oop [152]=Oop [168]=Oop }
                      ;*athrow {reexecute=1 rethrow=0 return_oop=0}
                      ; - (reexecute) java.lang.ClassLoader::resolveClass@11 (line 1224)
                      ; - jdk.internal.loader.BuiltinClassLoader::loadClassOrNull@128 (line 688)
  0x000001aa4ea85d80: 9000 0000 

  0x000001aa4ea85d84: ;   {section_word}
  0x000001aa4ea85d84: 48ba 845d | a84e aa01 

  0x000001aa4ea85d8c: ;   {runtime_call handle_exception_nofpu Runtime1 stub}
  0x000001aa4ea85d8c: 0000 e8ed | e95b 0790 | 498b 8728 | 0400 004d | 33d2 4d89 | 9728 0400 | 004d 33d2 | 4d89 9730 
  0x000001aa4ea85dac: 0400 0048 | 8bf0 488d | 8424 a000 | 0000 488b | 3848 85ff | 0f84 0f00 | 0000 488b | 5808 f048 
  0x000001aa4ea85dcc: 0fb1 3b0f | 85f3 0100 | 0049 ff8f | 7804 0000 | 488b c6e9 | 1702 0000 

  0x000001aa4ea85de4: ;   {metadata({method} {0x000001aa00069738} 'loadClassOrNull' '(Ljava/lang/String;Z)Ljava/lang/Class;' in 'jdk/internal/loader/BuiltinClassLoader')}
  0x000001aa4ea85de4: 49ba 3097 | 0600 aa01 | 0000 4c89 | 5424 0848 | c704 24ff 

  0x000001aa4ea85df8: ;   {runtime_call counter_overflow Runtime1 stub}
  0x000001aa4ea85df8: ffff ffe8 

  0x000001aa4ea85dfc: ; ImmutableOopMap {rdx=Oop r8=Oop [104]=Oop }
                      ;*synchronization entry
                      ; - jdk.internal.loader.BuiltinClassLoader::loadClassOrNull@-1 (line 651)
  0x000001aa4ea85dfc: 0027 5c07 | e9a7 f3ff 

  0x000001aa4ea85e04: ;   {runtime_call throw_null_pointer_exception Runtime1 stub}
  0x000001aa4ea85e04: ffe8 f6c3 

  0x000001aa4ea85e08: ; ImmutableOopMap {rsi=Oop [104]=Oop [112]=Oop [128]=Oop }
                      ;*monitorenter {reexecute=0 rethrow=0 return_oop=0}
                      ; - jdk.internal.loader.BuiltinClassLoader::loadClassOrNull@7 (line 651)
  0x000001aa4ea85e08: 5b07 4889 | 7424 0848 

  0x000001aa4ea85e10: ;   {runtime_call monitorenter_nofpu Runtime1 stub}
  0x000001aa4ea85e10: 8914 24e8 

  0x000001aa4ea85e14: ; ImmutableOopMap {rsi=Oop [104]=Oop [112]=Oop [128]=Oop [168]=Oop }
                      ;*monitorenter {reexecute=0 rethrow=0 return_oop=0}
                      ; - jdk.internal.loader.BuiltinClassLoader::loadClassOrNull@7 (line 651)
  0x000001aa4ea85e14: 6801 5c07 | e984 f4ff 

  0x000001aa4ea85e1c: ;   {metadata({method} {0x000001aa00439230} 'findLoadedClass' '(Ljava/lang/String;)Ljava/lang/Class;' in 'java/lang/ClassLoader')}
  0x000001aa4ea85e1c: ff49 ba28 | 9243 00aa | 0100 004c | 8954 2408 | 48c7 0424 | ffff ffff 

  0x000001aa4ea85e34: ;   {runtime_call counter_overflow Runtime1 stub}
  0x000001aa4ea85e34: e8c7 265c 

  0x000001aa4ea85e38: ; ImmutableOopMap {[104]=Oop [112]=Oop [128]=Oop [168]=Oop }
                      ;*synchronization entry
                      ; - java.lang.ClassLoader::findLoadedClass@-1 (line 1284)
                      ; - jdk.internal.loader.BuiltinClassLoader::loadClassOrNull@10 (line 653)
  0x000001aa4ea85e38: 07e9 a2f4 

  0x000001aa4ea85e3c: ;   {runtime_call throw_null_pointer_exception Runtime1 stub}
  0x000001aa4ea85e3c: ffff e8bd 

  0x000001aa4ea85e40: ; ImmutableOopMap {rax=Oop rdx=Oop [104]=Oop [112]=Oop [128]=Oop [136]=Oop [168]=Oop }
                      ;*invokevirtual loader {reexecute=0 rethrow=0 return_oop=0}
                      ; - jdk.internal.loader.BuiltinClassLoader::loadClassOrNull@34 (line 662)
                      ;   {metadata({method} {0x000001aa00452b20} 'isModuleSystemInited' '()Z' in 'jdk/internal/misc/VM')}
  0x000001aa4ea85e40: c35b 0749 | ba18 2b45 | 00aa 0100 | 004c 8954 | 2408 48c7 | 0424 ffff 

  0x000001aa4ea85e58: ;   {runtime_call counter_overflow Runtime1 stub}
  0x000001aa4ea85e58: ffff e8a1 

  0x000001aa4ea85e5c: ; ImmutableOopMap {rax=Oop rdx=Oop [104]=Oop [112]=Oop [128]=Oop [136]=Oop [168]=Oop }
                      ;*synchronization entry
                      ; - jdk.internal.misc.VM::isModuleSystemInited@-1 (line 91)
                      ; - jdk.internal.loader.BuiltinClassLoader::loadClassOrNull@45 (line 664)
  0x000001aa4ea85e5c: 265c 07e9 | 5bf6 ffff 

  0x000001aa4ea85e64: ;   {metadata({method} {0x000001aa00069e70} 'findClassInModuleOrNull' '(Ljdk/internal/loader/BuiltinClassLoader$LoadedModule;Ljava/lang/String;)Ljava/lang/Class;' in 'jdk/internal/loader/BuiltinClassLoader')}
  0x000001aa4ea85e64: 49ba 689e | 0600 aa01 | 0000 4c89 | 5424 0848 | c704 24ff 

  0x000001aa4ea85e78: ;   {runtime_call counter_overflow Runtime1 stub}
  0x000001aa4ea85e78: ffff ffe8 

  0x000001aa4ea85e7c: ; ImmutableOopMap {rdx=Oop rax=Oop [104]=Oop [112]=Oop [128]=Oop [168]=Oop }
                      ;*synchronization entry
                      ; - jdk.internal.loader.BuiltinClassLoader::findClassInModuleOrNull@-1 (line 740)
                      ; - jdk.internal.loader.BuiltinClassLoader::loadClassOrNull@55 (line 665)
  0x000001aa4ea85e7c: 8026 5c07 | e934 f7ff 

  0x000001aa4ea85e84: ;   {metadata({method} {0x000001aa0001baa8} 'getSecurityManager' '()Ljava/lang/SecurityManager;' in 'java/lang/System')}
  0x000001aa4ea85e84: ff49 baa0 | ba01 00aa | 0100 004c | 8954 2408 | 48c7 0424 | ffff ffff 

  0x000001aa4ea85e9c: ;   {runtime_call counter_overflow Runtime1 stub}
  0x000001aa4ea85e9c: e85f 265c 

  0x000001aa4ea85ea0: ; ImmutableOopMap {rdx=Oop rax=Oop [104]=Oop [112]=Oop [128]=Oop [168]=Oop }
                      ;*synchronization entry
                      ; - java.lang.System::getSecurityManager@-1 (line 503)
                      ; - jdk.internal.loader.BuiltinClassLoader::findClassInModuleOrNull@0 (line 740)
                      ; - jdk.internal.loader.BuiltinClassLoader::loadClassOrNull@55 (line 665)
  0x000001aa4ea85ea0: 07e9 52f7 

  0x000001aa4ea85ea4: ;   {metadata({method} {0x000001aa0001bbc0} 'allowSecurityManager' '()Z' in 'java/lang/System')}
  0x000001aa4ea85ea4: ffff 49ba | b8bb 0100 | aa01 0000 | 4c89 5424 | 0848 c704 | 24ff ffff 

  0x000001aa4ea85ebc: ;   {runtime_call counter_overflow Runtime1 stub}
  0x000001aa4ea85ebc: ffe8 3e26 

  0x000001aa4ea85ec0: ; ImmutableOopMap {rdx=Oop rax=Oop [104]=Oop [112]=Oop [128]=Oop [168]=Oop }
                      ;*synchronization entry
                      ; - java.lang.System::allowSecurityManager@-1 (line 211)
                      ; - java.lang.System::getSecurityManager@0 (line 503)
                      ; - jdk.internal.loader.BuiltinClassLoader::findClassInModuleOrNull@0 (line 740)
                      ; - jdk.internal.loader.BuiltinClassLoader::loadClassOrNull@55 (line 665)
  0x000001aa4ea85ec0: 5c07 e970 

  0x000001aa4ea85ec4: ;   {runtime_call throw_null_pointer_exception Runtime1 stub}
  0x000001aa4ea85ec4: f7ff ffe8 

  0x000001aa4ea85ec8: ; ImmutableOopMap {rsi=Oop [104]=Oop [112]=Oop [128]=Oop [168]=Oop }
                      ;*invokevirtual loadClassOrNull {reexecute=0 rethrow=0 return_oop=0}
                      ; - jdk.internal.loader.BuiltinClassLoader::loadClassOrNull@66 (line 669)
  0x000001aa4ea85ec8: 34c3 5b07 

  0x000001aa4ea85ecc: ;   {metadata({method} {0x000001aa00069f20} 'loadClassOrNull' '(Ljava/lang/String;)Ljava/lang/Class;' in 'jdk/internal/loader/BuiltinClassLoader')}
  0x000001aa4ea85ecc: 49ba 189f | 0600 aa01 | 0000 4c89 | 5424 0848 | c704 24ff 

  0x000001aa4ea85ee0: ;   {runtime_call counter_overflow Runtime1 stub}
  0x000001aa4ea85ee0: ffff ffe8 

  0x000001aa4ea85ee4: ; ImmutableOopMap {rsi=Oop [104]=Oop [112]=Oop [128]=Oop [168]=Oop }
                      ;*synchronization entry
                      ; - jdk.internal.loader.BuiltinClassLoader::loadClassOrNull@-1 (line 700)
                      ; - jdk.internal.loader.BuiltinClassLoader::loadClassOrNull@66 (line 669)
  0x000001aa4ea85ee4: 1826 5c07 | e905 f8ff 

  0x000001aa4ea85eec: ;   {runtime_call throw_null_pointer_exception Runtime1 stub}
  0x000001aa4ea85eec: ffe8 0ec3 

  0x000001aa4ea85ef0: ; ImmutableOopMap {rsi=Oop [104]=Oop [112]=Oop [128]=Oop [168]=Oop }
                      ;*invokevirtual loadClassOrNull {reexecute=0 rethrow=0 return_oop=0}
                      ; - jdk.internal.loader.BuiltinClassLoader::loadClassOrNull@86 (line 676)
                      ;   {metadata({method} {0x000001aa00069f20} 'loadClassOrNull' '(Ljava/lang/String;)Ljava/lang/Class;' in 'jdk/internal/loader/BuiltinClassLoader')}
  0x000001aa4ea85ef0: 5b07 49ba | 189f 0600 | aa01 0000 | 4c89 5424 | 0848 c704 | 24ff ffff 

  0x000001aa4ea85f08: ;   {runtime_call counter_overflow Runtime1 stub}
  0x000001aa4ea85f08: ffe8 f225 

  0x000001aa4ea85f0c: ; ImmutableOopMap {rsi=Oop [104]=Oop [112]=Oop [128]=Oop [168]=Oop }
                      ;*synchronization entry
                      ; - jdk.internal.loader.BuiltinClassLoader::loadClassOrNull@-1 (line 700)
                      ; - jdk.internal.loader.BuiltinClassLoader::loadClassOrNull@86 (line 676)
  0x000001aa4ea85f0c: 5c07 e939 

  0x000001aa4ea85f10: ;   {metadata({method} {0x000001aa000696e0} 'hasClassPath' '()Z' in 'jdk/internal/loader/BuiltinClassLoader')}
  0x000001aa4ea85f10: f9ff ff49 | bad8 9606 | 00aa 0100 | 004c 8954 | 2408 48c7 | 0424 ffff 

  0x000001aa4ea85f28: ;   {runtime_call counter_overflow Runtime1 stub}
  0x000001aa4ea85f28: ffff e8d1 

  0x000001aa4ea85f2c: ; ImmutableOopMap {rdx=Oop rsi=Oop [104]=Oop [112]=Oop [128]=Oop [168]=Oop }
                      ;*synchronization entry
                      ; - jdk.internal.loader.BuiltinClassLoader::hasClassPath@-1 (line 223)
                      ; - jdk.internal.loader.BuiltinClassLoader::loadClassOrNull@97 (line 680)
  0x000001aa4ea85f2c: 255c 07e9 | d0fa ffff 

  0x000001aa4ea85f34: ;   {metadata({method} {0x000001aa00452b20} 'isModuleSystemInited' '()Z' in 'jdk/internal/misc/VM')}
  0x000001aa4ea85f34: 49ba 182b | 4500 aa01 | 0000 4c89 | 5424 0848 | c704 24ff 

  0x000001aa4ea85f48: ;   {runtime_call counter_overflow Runtime1 stub}
  0x000001aa4ea85f48: ffff ffe8 

  0x000001aa4ea85f4c: ; ImmutableOopMap {rdx=Oop rsi=Oop [104]=Oop [112]=Oop [128]=Oop [168]=Oop }
                      ;*synchronization entry
                      ; - jdk.internal.misc.VM::isModuleSystemInited@-1 (line 91)
                      ; - jdk.internal.loader.BuiltinClassLoader::loadClassOrNull@103 (line 680)
  0x000001aa4ea85f4c: b025 5c07 | e989 fbff 

  0x000001aa4ea85f54: ;   {metadata({method} {0x000001aa00439180} 'resolveClass' '(Ljava/lang/Class;)V' in 'java/lang/ClassLoader')}
  0x000001aa4ea85f54: ff49 ba78 | 9143 00aa | 0100 004c | 8954 2408 | 48c7 0424 | ffff ffff 

  0x000001aa4ea85f6c: ;   {runtime_call counter_overflow Runtime1 stub}
  0x000001aa4ea85f6c: e88f 255c 

  0x000001aa4ea85f70: ; ImmutableOopMap {rsi=Oop [128]=Oop [168]=Oop }
                      ;*synchronization entry
                      ; - java.lang.ClassLoader::resolveClass@-1 (line 1223)
                      ; - jdk.internal.loader.BuiltinClassLoader::loadClassOrNull@128 (line 688)
  0x000001aa4ea85f70: 07e9 f9fc | ffff 488d | 8424 a000 | 0000 4889 

  0x000001aa4ea85f80: ;   {runtime_call monitorexit_nofpu Runtime1 stub}
  0x000001aa4ea85f80: 0424 e8f9 | 055c 07e9 | 47fd ffff 

  0x000001aa4ea85f8c: ;   {internal_word}
  0x000001aa4ea85f8c: 49ba de5c | a84e aa01 | 0000 4d89 | 9790 0300 

  0x000001aa4ea85f9c: ;   {runtime_call SafepointBlob}
  0x000001aa4ea85f9c: 00e9 de4d 

  0x000001aa4ea85fa0: ;   {metadata(NULL)}
  0x000001aa4ea85fa0: 5007 48ba | 0000 0000 | 0000 0000 | b800 0f05 

  0x000001aa4ea85fb0: ;   {runtime_call load_klass_patching Runtime1 stub}
  0x000001aa4ea85fb0: 0ae8 4a10 

  0x000001aa4ea85fb4: ; ImmutableOopMap {[128]=Oop [152]=Oop [168]=Oop }
                      ;*new {reexecute=1 rethrow=0 return_oop=0}
                      ; - (reexecute) java.lang.ClassLoader::resolveClass@4 (line 1224)
                      ; - jdk.internal.loader.BuiltinClassLoader::loadClassOrNull@128 (line 688)
  0x000001aa4ea85fb4: 5c07 e93d | fdff ff48 

  0x000001aa4ea85fbc: ;   {runtime_call fast_new_instance Runtime1 stub}
  0x000001aa4ea85fbc: 8bd2 e83d 

  0x000001aa4ea85fc0: ; ImmutableOopMap {[128]=Oop [152]=Oop [168]=Oop }
                      ;*new {reexecute=0 rethrow=0 return_oop=0}
                      ; - java.lang.ClassLoader::resolveClass@4 (line 1224)
                      ; - jdk.internal.loader.BuiltinClassLoader::loadClassOrNull@128 (line 688)
  0x000001aa4ea85fc0: d45b 07e9 | 8cfd ffff | 488d 8424 | a000 0000 | 4889 0424 

  0x000001aa4ea85fd4: ;   {runtime_call monitorexit_nofpu Runtime1 stub}
  0x000001aa4ea85fd4: e8a7 055c | 07e9 fefd | ffff 498b | 8728 0400 | 0049 c787 | 2804 0000 | 0000 0000 | 49c7 8730 
  0x000001aa4ea85ff4: 0400 0000 | 0000 0048 | 81c4 c000 

  0x000001aa4ea86000: ;   {runtime_call unwind_exception Runtime1 stub}
  0x000001aa4ea86000: 0000 5de9 | f8a1 5b07 
[Stub Code]
  0x000001aa4ea86008: ;   {no_reloc}
  0x000001aa4ea86008: 0f1f 4400 

  0x000001aa4ea8600c: ;   {static_stub}
  0x000001aa4ea8600c: 0048 bb00 | 0000 0000 

  0x000001aa4ea86014: ;   {runtime_call}
  0x000001aa4ea86014: 0000 00e9 | fbff ffff 

  0x000001aa4ea8601c: ;   {static_stub}
  0x000001aa4ea8601c: 9048 bb00 | 0000 0000 

  0x000001aa4ea86024: ;   {runtime_call}
  0x000001aa4ea86024: 0000 00e9 | fbff ffff 

  0x000001aa4ea8602c: ;   {static_stub}
  0x000001aa4ea8602c: 9048 bb00 | 0000 0000 

  0x000001aa4ea86034: ;   {runtime_call}
  0x000001aa4ea86034: 0000 00e9 | fbff ffff 
[Exception Handler]
  0x000001aa4ea8603c: ;   {runtime_call handle_exception_from_callee Runtime1 stub}
  0x000001aa4ea8603c: e83f ed5b 

  0x000001aa4ea86040: ;   {external_word}
  0x000001aa4ea86040: 0748 b9b0 | 33d1 f5ff | 7f00 0048 

  0x000001aa4ea8604c: ;   {runtime_call}
  0x000001aa4ea8604c: 83e4 f048 | b860 1d9d | f5ff 7f00 | 00ff d0f4 
[Deopt Handler Code]
  0x000001aa4ea8605c: ;   {section_word}
  0x000001aa4ea8605c: 49ba 5c60 | a84e aa01 | 0000 4152 

  0x000001aa4ea86068: ;   {runtime_call DeoptimizationBlob}
  0x000001aa4ea86068: e9b3 3f50 

  0x000001aa4ea8606c: ;   {static_stub}
  0x000001aa4ea8606c: 0748 bb00 | 0000 0000 

  0x000001aa4ea86074: ;   {runtime_call}
  0x000001aa4ea86074: 0000 00e9 | fbff ffff 

  0x000001aa4ea8607c: ;   {static_stub}
  0x000001aa4ea8607c: 48bb b88b | 4300 aa01 

  0x000001aa4ea86084: ;   {runtime_call I2C/C2I adapters}
  0x000001aa4ea86084: 0000 e9cc 

  0x000001aa4ea86088: ;   {static_stub}
  0x000001aa4ea86088: 3750 0748 | bb50 9b06 | 00aa 0100 

  0x000001aa4ea86094: ;   {runtime_call I2C/C2I adapters}
  0x000001aa4ea86094: 00e9 bd37 

  0x000001aa4ea86098: ;   {static_stub}
  0x000001aa4ea86098: 5007 48bb | 0000 0000 | 0000 0000 

  0x000001aa4ea860a4: ;   {runtime_call}
  0x000001aa4ea860a4: e9fb ffff 

  0x000001aa4ea860a8: ;   {static_stub}
  0x000001aa4ea860a8: ff48 bbc0 | 9e06 00aa 

  0x000001aa4ea860b0: ;   {runtime_call I2C/C2I adapters}
  0x000001aa4ea860b0: 0100 00e9 | 9f37 5007 

  0x000001aa4ea860b8: ;   {static_stub}
  0x000001aa4ea860b8: 48bb 0000 | 0000 0000 

  0x000001aa4ea860c0: ;   {runtime_call}
  0x000001aa4ea860c0: 0000 e9fb | ffff fff4 
[/MachCode]


---------------  P R O C E S S  ---------------

Threads class SMR info:
_java_thread_list=0x000001aa66e11da0, length=13, elements={
0x000001aa4691e5f0, 0x000001aa629c3c50, 0x000001aa629c6840, 0x000001aa629c7c20,
0x000001aa629c99f0, 0x000001aa629cc1a0, 0x000001aa629ce180, 0x000001aa629d9700,
0x000001aa629e1ca0, 0x000001aa629cdc30, 0x000001aa629cc6f0, 0x000001aa629ccc40,
0x000001aa629cd190
}

Java Threads: ( => current thread )
=>0x000001aa4691e5f0 JavaThread "main" [_thread_in_vm, id=8868, stack(0x00000080e6400000,0x00000080e6500000)]
  0x000001aa629c3c50 JavaThread "Reference Handler" daemon [_thread_blocked, id=15780, stack(0x00000080e6b00000,0x00000080e6c00000)]
  0x000001aa629c6840 JavaThread "Finalizer" daemon [_thread_blocked, id=17956, stack(0x00000080e6c00000,0x00000080e6d00000)]
  0x000001aa629c7c20 JavaThread "Signal Dispatcher" daemon [_thread_blocked, id=12152, stack(0x00000080e6d00000,0x00000080e6e00000)]
  0x000001aa629c99f0 JavaThread "Attach Listener" daemon [_thread_blocked, id=9188, stack(0x00000080e6e00000,0x00000080e6f00000)]
  0x000001aa629cc1a0 JavaThread "Service Thread" daemon [_thread_blocked, id=9528, stack(0x00000080e6f00000,0x00000080e7000000)]
  0x000001aa629ce180 JavaThread "Monitor Deflation Thread" daemon [_thread_blocked, id=7556, stack(0x00000080e7000000,0x00000080e7100000)]
  0x000001aa629d9700 JavaThread "C2 CompilerThread0" daemon [_thread_blocked, id=16908, stack(0x00000080e7100000,0x00000080e7200000)]
  0x000001aa629e1ca0 JavaThread "C1 CompilerThread0" daemon [_thread_blocked, id=16516, stack(0x00000080e7200000,0x00000080e7300000)]
  0x000001aa629cdc30 JavaThread "Notification Thread" daemon [_thread_blocked, id=15648, stack(0x00000080e7300000,0x00000080e7400000)]
  0x000001aa629cc6f0 JavaThread "Common-Cleaner" daemon [_thread_blocked, id=15076, stack(0x00000080e7500000,0x00000080e7600000)]
  0x000001aa629ccc40 JavaThread "surefire-forkedjvm-command-thread" daemon [_thread_in_native, id=8316, stack(0x00000080e7600000,0x00000080e7700000)]
  0x000001aa629cd190 JavaThread "surefire-forkedjvm-ping-30s" daemon [_thread_blocked, id=17132, stack(0x00000080e7700000,0x00000080e7800000)]

Other Threads:
  0x000001aa629a9a70 VMThread "VM Thread" [stack: 0x00000080e6a00000,0x00000080e6b00000] [id=3012]
  0x000001aa66cf3710 WatcherThread "VM Periodic Task Thread" [stack: 0x00000080e7400000,0x00000080e7500000] [id=9092]
  0x000001aa4697cb80 WorkerThread "GC Thread#0" [stack: 0x00000080e6500000,0x00000080e6600000] [id=14972]
  0x000001aa4698d4d0 ConcurrentGCThread "G1 Main Marker" [stack: 0x00000080e6600000,0x00000080e6700000] [id=13020]
  0x000001aa4698ed50 WorkerThread "G1 Conc#0" [stack: 0x00000080e6700000,0x00000080e6800000] [id=17636]
  0x000001aa628630d0 ConcurrentGCThread "G1 Refine#0" [stack: 0x00000080e6800000,0x00000080e6900000] [id=17164]
  0x000001aa62863a10 ConcurrentGCThread "G1 Service" [stack: 0x00000080e6900000,0x00000080e6a00000] [id=1112]

Threads with active compile tasks:

VM state: not at safepoint (normal execution)

VM Mutex/Monitor currently owned by a thread:  ([mutex/lock_event])
[0x000001aa4476d320] Metaspace_lock - owner thread: 0x000001aa4691e5f0

Heap address: 0x0000000083000000, size: 2000 MB, Compressed Oops mode: 32-bit

CDS archive(s) mapped at: [0x000001aa00000000-0x000001aa00c60000-0x000001aa00c60000), size 12976128, SharedBaseAddress: 0x000001aa00000000, ArchiveRelocationMode: 1.
Compressed class space mapped at: 0x000001aa01000000-0x000001aa41000000, reserved size: 1073741824
Narrow klass base: 0x000001aa00000000, Narrow klass shift: 0, Narrow klass range: 0x100000000

GC Precious Log:
 CardTable entry size: 512
 Card Set container configuration: InlinePtr #cards 5 size 8 Array Of Cards #cards 12 size 40 Howl #buckets 4 coarsen threshold 1843 Howl Bitmap #cards 512 size 80 coarsen threshold 460 Card regions per heap region 1 cards per card region 2048
 CPUs: 4 total, 4 available
 Memory: 7996M
 Large Page Support: Disabled
 NUMA Support: Disabled
 Compressed Oops: Enabled (32-bit)
 Heap Region Size: 1M
 Heap Min Capacity: 8M
 Heap Initial Capacity: 126M
 Heap Max Capacity: 2000M
 Pre-touch: Disabled
 Parallel Workers: 4
 Concurrent Workers: 1
 Concurrent Refinement Workers: 4
 Periodic GC: Disabled

Heap:
 garbage-first heap   total 129024K, used 5120K [0x0000000083000000, 0x0000000100000000)
  region size 1024K, 7 young (7168K), 0 survivors (0K)
 Metaspace       used 1736K, committed 1792K, reserved 1114112K
  class space    used 157K, committed 192K, reserved 1048576K

Heap Regions: E=young(eden), S=young(survivor), O=old, HS=humongous(starts), HC=humongous(continues), CS=collection set, F=free, OA=open archive, CA=closed archive, TAMS=top-at-mark-start, PB=parsable bottom
|   0|0x0000000083000000, 0x0000000083000000, 0x0000000083100000|  0%| F|  |TAMS 0x0000000083000000| PB 0x0000000083000000| Untracked 
|   1|0x0000000083100000, 0x0000000083100000, 0x0000000083200000|  0%| F|  |TAMS 0x0000000083100000| PB 0x0000000083100000| Untracked 
|   2|0x0000000083200000, 0x0000000083200000, 0x0000000083300000|  0%| F|  |TAMS 0x0000000083200000| PB 0x0000000083200000| Untracked 
|   3|0x0000000083300000, 0x0000000083300000, 0x0000000083400000|  0%| F|  |TAMS 0x0000000083300000| PB 0x0000000083300000| Untracked 
|   4|0x0000000083400000, 0x0000000083400000, 0x0000000083500000|  0%| F|  |TAMS 0x0000000083400000| PB 0x0000000083400000| Untracked 
|   5|0x0000000083500000, 0x0000000083500000, 0x0000000083600000|  0%| F|  |TAMS 0x0000000083500000| PB 0x0000000083500000| Untracked 
|   6|0x0000000083600000, 0x0000000083600000, 0x0000000083700000|  0%| F|  |TAMS 0x0000000083600000| PB 0x0000000083600000| Untracked 
|   7|0x0000000083700000, 0x0000000083700000, 0x0000000083800000|  0%| F|  |TAMS 0x0000000083700000| PB 0x0000000083700000| Untracked 
|   8|0x0000000083800000, 0x0000000083800000, 0x0000000083900000|  0%| F|  |TAMS 0x0000000083800000| PB 0x0000000083800000| Untracked 
|   9|0x0000000083900000, 0x0000000083900000, 0x0000000083a00000|  0%| F|  |TAMS 0x0000000083900000| PB 0x0000000083900000| Untracked 
|  10|0x0000000083a00000, 0x0000000083a00000, 0x0000000083b00000|  0%| F|  |TAMS 0x0000000083a00000| PB 0x0000000083a00000| Untracked 
|  11|0x0000000083b00000, 0x0000000083b00000, 0x0000000083c00000|  0%| F|  |TAMS 0x0000000083b00000| PB 0x0000000083b00000| Untracked 
|  12|0x0000000083c00000, 0x0000000083c00000, 0x0000000083d00000|  0%| F|  |TAMS 0x0000000083c00000| PB 0x0000000083c00000| Untracked 
|  13|0x0000000083d00000, 0x0000000083d00000, 0x0000000083e00000|  0%| F|  |TAMS 0x0000000083d00000| PB 0x0000000083d00000| Untracked 
|  14|0x0000000083e00000, 0x0000000083e00000, 0x0000000083f00000|  0%| F|  |TAMS 0x0000000083e00000| PB 0x0000000083e00000| Untracked 
|  15|0x0000000083f00000, 0x0000000083f00000, 0x0000000084000000|  0%| F|  |TAMS 0x0000000083f00000| PB 0x0000000083f00000| Untracked 
|  16|0x0000000084000000, 0x0000000084000000, 0x0000000084100000|  0%| F|  |TAMS 0x0000000084000000| PB 0x0000000084000000| Untracked 
|  17|0x0000000084100000, 0x0000000084100000, 0x0000000084200000|  0%| F|  |TAMS 0x0000000084100000| PB 0x0000000084100000| Untracked 
|  18|0x0000000084200000, 0x0000000084200000, 0x0000000084300000|  0%| F|  |TAMS 0x0000000084200000| PB 0x0000000084200000| Untracked 
|  19|0x0000000084300000, 0x0000000084300000, 0x0000000084400000|  0%| F|  |TAMS 0x0000000084300000| PB 0x0000000084300000| Untracked 
|  20|0x0000000084400000, 0x0000000084400000, 0x0000000084500000|  0%| F|  |TAMS 0x0000000084400000| PB 0x0000000084400000| Untracked 
|  21|0x0000000084500000, 0x0000000084500000, 0x0000000084600000|  0%| F|  |TAMS 0x0000000084500000| PB 0x0000000084500000| Untracked 
|  22|0x0000000084600000, 0x0000000084600000, 0x0000000084700000|  0%| F|  |TAMS 0x0000000084600000| PB 0x0000000084600000| Untracked 
|  23|0x0000000084700000, 0x0000000084700000, 0x0000000084800000|  0%| F|  |TAMS 0x0000000084700000| PB 0x0000000084700000| Untracked 
|  24|0x0000000084800000, 0x0000000084800000, 0x0000000084900000|  0%| F|  |TAMS 0x0000000084800000| PB 0x0000000084800000| Untracked 
|  25|0x0000000084900000, 0x0000000084900000, 0x0000000084a00000|  0%| F|  |TAMS 0x0000000084900000| PB 0x0000000084900000| Untracked 
|  26|0x0000000084a00000, 0x0000000084a00000, 0x0000000084b00000|  0%| F|  |TAMS 0x0000000084a00000| PB 0x0000000084a00000| Untracked 
|  27|0x0000000084b00000, 0x0000000084b00000, 0x0000000084c00000|  0%| F|  |TAMS 0x0000000084b00000| PB 0x0000000084b00000| Untracked 
|  28|0x0000000084c00000, 0x0000000084c00000, 0x0000000084d00000|  0%| F|  |TAMS 0x0000000084c00000| PB 0x0000000084c00000| Untracked 
|  29|0x0000000084d00000, 0x0000000084d00000, 0x0000000084e00000|  0%| F|  |TAMS 0x0000000084d00000| PB 0x0000000084d00000| Untracked 
|  30|0x0000000084e00000, 0x0000000084e00000, 0x0000000084f00000|  0%| F|  |TAMS 0x0000000084e00000| PB 0x0000000084e00000| Untracked 
|  31|0x0000000084f00000, 0x0000000084f00000, 0x0000000085000000|  0%| F|  |TAMS 0x0000000084f00000| PB 0x0000000084f00000| Untracked 
|  32|0x0000000085000000, 0x0000000085000000, 0x0000000085100000|  0%| F|  |TAMS 0x0000000085000000| PB 0x0000000085000000| Untracked 
|  33|0x0000000085100000, 0x0000000085100000, 0x0000000085200000|  0%| F|  |TAMS 0x0000000085100000| PB 0x0000000085100000| Untracked 
|  34|0x0000000085200000, 0x0000000085200000, 0x0000000085300000|  0%| F|  |TAMS 0x0000000085200000| PB 0x0000000085200000| Untracked 
|  35|0x0000000085300000, 0x0000000085300000, 0x0000000085400000|  0%| F|  |TAMS 0x0000000085300000| PB 0x0000000085300000| Untracked 
|  36|0x0000000085400000, 0x0000000085400000, 0x0000000085500000|  0%| F|  |TAMS 0x0000000085400000| PB 0x0000000085400000| Untracked 
|  37|0x0000000085500000, 0x0000000085500000, 0x0000000085600000|  0%| F|  |TAMS 0x0000000085500000| PB 0x0000000085500000| Untracked 
|  38|0x0000000085600000, 0x0000000085600000, 0x0000000085700000|  0%| F|  |TAMS 0x0000000085600000| PB 0x0000000085600000| Untracked 
|  39|0x0000000085700000, 0x0000000085700000, 0x0000000085800000|  0%| F|  |TAMS 0x0000000085700000| PB 0x0000000085700000| Untracked 
|  40|0x0000000085800000, 0x0000000085800000, 0x0000000085900000|  0%| F|  |TAMS 0x0000000085800000| PB 0x0000000085800000| Untracked 
|  41|0x0000000085900000, 0x0000000085900000, 0x0000000085a00000|  0%| F|  |TAMS 0x0000000085900000| PB 0x0000000085900000| Untracked 
|  42|0x0000000085a00000, 0x0000000085a00000, 0x0000000085b00000|  0%| F|  |TAMS 0x0000000085a00000| PB 0x0000000085a00000| Untracked 
|  43|0x0000000085b00000, 0x0000000085b00000, 0x0000000085c00000|  0%| F|  |TAMS 0x0000000085b00000| PB 0x0000000085b00000| Untracked 
|  44|0x0000000085c00000, 0x0000000085c00000, 0x0000000085d00000|  0%| F|  |TAMS 0x0000000085c00000| PB 0x0000000085c00000| Untracked 
|  45|0x0000000085d00000, 0x0000000085d00000, 0x0000000085e00000|  0%| F|  |TAMS 0x0000000085d00000| PB 0x0000000085d00000| Untracked 
|  46|0x0000000085e00000, 0x0000000085e00000, 0x0000000085f00000|  0%| F|  |TAMS 0x0000000085e00000| PB 0x0000000085e00000| Untracked 
|  47|0x0000000085f00000, 0x0000000085f00000, 0x0000000086000000|  0%| F|  |TAMS 0x0000000085f00000| PB 0x0000000085f00000| Untracked 
|  48|0x0000000086000000, 0x0000000086000000, 0x0000000086100000|  0%| F|  |TAMS 0x0000000086000000| PB 0x0000000086000000| Untracked 
|  49|0x0000000086100000, 0x0000000086100000, 0x0000000086200000|  0%| F|  |TAMS 0x0000000086100000| PB 0x0000000086100000| Untracked 
|  50|0x0000000086200000, 0x0000000086200000, 0x0000000086300000|  0%| F|  |TAMS 0x0000000086200000| PB 0x0000000086200000| Untracked 
|  51|0x0000000086300000, 0x0000000086300000, 0x0000000086400000|  0%| F|  |TAMS 0x0000000086300000| PB 0x0000000086300000| Untracked 
|  52|0x0000000086400000, 0x0000000086400000, 0x0000000086500000|  0%| F|  |TAMS 0x0000000086400000| PB 0x0000000086400000| Untracked 
|  53|0x0000000086500000, 0x0000000086500000, 0x0000000086600000|  0%| F|  |TAMS 0x0000000086500000| PB 0x0000000086500000| Untracked 
|  54|0x0000000086600000, 0x0000000086600000, 0x0000000086700000|  0%| F|  |TAMS 0x0000000086600000| PB 0x0000000086600000| Untracked 
|  55|0x0000000086700000, 0x0000000086700000, 0x0000000086800000|  0%| F|  |TAMS 0x0000000086700000| PB 0x0000000086700000| Untracked 
|  56|0x0000000086800000, 0x0000000086800000, 0x0000000086900000|  0%| F|  |TAMS 0x0000000086800000| PB 0x0000000086800000| Untracked 
|  57|0x0000000086900000, 0x0000000086900000, 0x0000000086a00000|  0%| F|  |TAMS 0x0000000086900000| PB 0x0000000086900000| Untracked 
|  58|0x0000000086a00000, 0x0000000086a00000, 0x0000000086b00000|  0%| F|  |TAMS 0x0000000086a00000| PB 0x0000000086a00000| Untracked 
|  59|0x0000000086b00000, 0x0000000086b00000, 0x0000000086c00000|  0%| F|  |TAMS 0x0000000086b00000| PB 0x0000000086b00000| Untracked 
|  60|0x0000000086c00000, 0x0000000086c00000, 0x0000000086d00000|  0%| F|  |TAMS 0x0000000086c00000| PB 0x0000000086c00000| Untracked 
|  61|0x0000000086d00000, 0x0000000086d00000, 0x0000000086e00000|  0%| F|  |TAMS 0x0000000086d00000| PB 0x0000000086d00000| Untracked 
|  62|0x0000000086e00000, 0x0000000086e00000, 0x0000000086f00000|  0%| F|  |TAMS 0x0000000086e00000| PB 0x0000000086e00000| Untracked 
|  63|0x0000000086f00000, 0x0000000086f00000, 0x0000000087000000|  0%| F|  |TAMS 0x0000000086f00000| PB 0x0000000086f00000| Untracked 
|  64|0x0000000087000000, 0x0000000087000000, 0x0000000087100000|  0%| F|  |TAMS 0x0000000087000000| PB 0x0000000087000000| Untracked 
|  65|0x0000000087100000, 0x0000000087100000, 0x0000000087200000|  0%| F|  |TAMS 0x0000000087100000| PB 0x0000000087100000| Untracked 
|  66|0x0000000087200000, 0x0000000087200000, 0x0000000087300000|  0%| F|  |TAMS 0x0000000087200000| PB 0x0000000087200000| Untracked 
|  67|0x0000000087300000, 0x0000000087300000, 0x0000000087400000|  0%| F|  |TAMS 0x0000000087300000| PB 0x0000000087300000| Untracked 
|  68|0x0000000087400000, 0x0000000087400000, 0x0000000087500000|  0%| F|  |TAMS 0x0000000087400000| PB 0x0000000087400000| Untracked 
|  69|0x0000000087500000, 0x0000000087500000, 0x0000000087600000|  0%| F|  |TAMS 0x0000000087500000| PB 0x0000000087500000| Untracked 
|  70|0x0000000087600000, 0x0000000087600000, 0x0000000087700000|  0%| F|  |TAMS 0x0000000087600000| PB 0x0000000087600000| Untracked 
|  71|0x0000000087700000, 0x0000000087700000, 0x0000000087800000|  0%| F|  |TAMS 0x0000000087700000| PB 0x0000000087700000| Untracked 
|  72|0x0000000087800000, 0x0000000087800000, 0x0000000087900000|  0%| F|  |TAMS 0x0000000087800000| PB 0x0000000087800000| Untracked 
|  73|0x0000000087900000, 0x0000000087900000, 0x0000000087a00000|  0%| F|  |TAMS 0x0000000087900000| PB 0x0000000087900000| Untracked 
|  74|0x0000000087a00000, 0x0000000087a00000, 0x0000000087b00000|  0%| F|  |TAMS 0x0000000087a00000| PB 0x0000000087a00000| Untracked 
|  75|0x0000000087b00000, 0x0000000087b00000, 0x0000000087c00000|  0%| F|  |TAMS 0x0000000087b00000| PB 0x0000000087b00000| Untracked 
|  76|0x0000000087c00000, 0x0000000087c00000, 0x0000000087d00000|  0%| F|  |TAMS 0x0000000087c00000| PB 0x0000000087c00000| Untracked 
|  77|0x0000000087d00000, 0x0000000087d00000, 0x0000000087e00000|  0%| F|  |TAMS 0x0000000087d00000| PB 0x0000000087d00000| Untracked 
|  78|0x0000000087e00000, 0x0000000087e00000, 0x0000000087f00000|  0%| F|  |TAMS 0x0000000087e00000| PB 0x0000000087e00000| Untracked 
|  79|0x0000000087f00000, 0x0000000087f00000, 0x0000000088000000|  0%| F|  |TAMS 0x0000000087f00000| PB 0x0000000087f00000| Untracked 
|  80|0x0000000088000000, 0x0000000088000000, 0x0000000088100000|  0%| F|  |TAMS 0x0000000088000000| PB 0x0000000088000000| Untracked 
|  81|0x0000000088100000, 0x0000000088100000, 0x0000000088200000|  0%| F|  |TAMS 0x0000000088100000| PB 0x0000000088100000| Untracked 
|  82|0x0000000088200000, 0x0000000088200000, 0x0000000088300000|  0%| F|  |TAMS 0x0000000088200000| PB 0x0000000088200000| Untracked 
|  83|0x0000000088300000, 0x0000000088300000, 0x0000000088400000|  0%| F|  |TAMS 0x0000000088300000| PB 0x0000000088300000| Untracked 
|  84|0x0000000088400000, 0x0000000088400000, 0x0000000088500000|  0%| F|  |TAMS 0x0000000088400000| PB 0x0000000088400000| Untracked 
|  85|0x0000000088500000, 0x0000000088500000, 0x0000000088600000|  0%| F|  |TAMS 0x0000000088500000| PB 0x0000000088500000| Untracked 
|  86|0x0000000088600000, 0x0000000088600000, 0x0000000088700000|  0%| F|  |TAMS 0x0000000088600000| PB 0x0000000088600000| Untracked 
|  87|0x0000000088700000, 0x0000000088700000, 0x0000000088800000|  0%| F|  |TAMS 0x0000000088700000| PB 0x0000000088700000| Untracked 
|  88|0x0000000088800000, 0x0000000088800000, 0x0000000088900000|  0%| F|  |TAMS 0x0000000088800000| PB 0x0000000088800000| Untracked 
|  89|0x0000000088900000, 0x0000000088900000, 0x0000000088a00000|  0%| F|  |TAMS 0x0000000088900000| PB 0x0000000088900000| Untracked 
|  90|0x0000000088a00000, 0x0000000088a00000, 0x0000000088b00000|  0%| F|  |TAMS 0x0000000088a00000| PB 0x0000000088a00000| Untracked 
|  91|0x0000000088b00000, 0x0000000088b00000, 0x0000000088c00000|  0%| F|  |TAMS 0x0000000088b00000| PB 0x0000000088b00000| Untracked 
|  92|0x0000000088c00000, 0x0000000088c00000, 0x0000000088d00000|  0%| F|  |TAMS 0x0000000088c00000| PB 0x0000000088c00000| Untracked 
|  93|0x0000000088d00000, 0x0000000088d00000, 0x0000000088e00000|  0%| F|  |TAMS 0x0000000088d00000| PB 0x0000000088d00000| Untracked 
|  94|0x0000000088e00000, 0x0000000088e00000, 0x0000000088f00000|  0%| F|  |TAMS 0x0000000088e00000| PB 0x0000000088e00000| Untracked 
|  95|0x0000000088f00000, 0x0000000088f00000, 0x0000000089000000|  0%| F|  |TAMS 0x0000000088f00000| PB 0x0000000088f00000| Untracked 
|  96|0x0000000089000000, 0x0000000089000000, 0x0000000089100000|  0%| F|  |TAMS 0x0000000089000000| PB 0x0000000089000000| Untracked 
|  97|0x0000000089100000, 0x0000000089100000, 0x0000000089200000|  0%| F|  |TAMS 0x0000000089100000| PB 0x0000000089100000| Untracked 
|  98|0x0000000089200000, 0x0000000089200000, 0x0000000089300000|  0%| F|  |TAMS 0x0000000089200000| PB 0x0000000089200000| Untracked 
|  99|0x0000000089300000, 0x0000000089300000, 0x0000000089400000|  0%| F|  |TAMS 0x0000000089300000| PB 0x0000000089300000| Untracked 
| 100|0x0000000089400000, 0x0000000089400000, 0x0000000089500000|  0%| F|  |TAMS 0x0000000089400000| PB 0x0000000089400000| Untracked 
| 101|0x0000000089500000, 0x0000000089500000, 0x0000000089600000|  0%| F|  |TAMS 0x0000000089500000| PB 0x0000000089500000| Untracked 
| 102|0x0000000089600000, 0x0000000089600000, 0x0000000089700000|  0%| F|  |TAMS 0x0000000089600000| PB 0x0000000089600000| Untracked 
| 103|0x0000000089700000, 0x0000000089700000, 0x0000000089800000|  0%| F|  |TAMS 0x0000000089700000| PB 0x0000000089700000| Untracked 
| 104|0x0000000089800000, 0x0000000089800000, 0x0000000089900000|  0%| F|  |TAMS 0x0000000089800000| PB 0x0000000089800000| Untracked 
| 105|0x0000000089900000, 0x0000000089900000, 0x0000000089a00000|  0%| F|  |TAMS 0x0000000089900000| PB 0x0000000089900000| Untracked 
| 106|0x0000000089a00000, 0x0000000089a00000, 0x0000000089b00000|  0%| F|  |TAMS 0x0000000089a00000| PB 0x0000000089a00000| Untracked 
| 107|0x0000000089b00000, 0x0000000089b00000, 0x0000000089c00000|  0%| F|  |TAMS 0x0000000089b00000| PB 0x0000000089b00000| Untracked 
| 108|0x0000000089c00000, 0x0000000089c00000, 0x0000000089d00000|  0%| F|  |TAMS 0x0000000089c00000| PB 0x0000000089c00000| Untracked 
| 109|0x0000000089d00000, 0x0000000089d00000, 0x0000000089e00000|  0%| F|  |TAMS 0x0000000089d00000| PB 0x0000000089d00000| Untracked 
| 110|0x0000000089e00000, 0x0000000089e00000, 0x0000000089f00000|  0%| F|  |TAMS 0x0000000089e00000| PB 0x0000000089e00000| Untracked 
| 111|0x0000000089f00000, 0x0000000089f00000, 0x000000008a000000|  0%| F|  |TAMS 0x0000000089f00000| PB 0x0000000089f00000| Untracked 
| 112|0x000000008a000000, 0x000000008a000000, 0x000000008a100000|  0%| F|  |TAMS 0x000000008a000000| PB 0x000000008a000000| Untracked 
| 113|0x000000008a100000, 0x000000008a100000, 0x000000008a200000|  0%| F|  |TAMS 0x000000008a100000| PB 0x000000008a100000| Untracked 
| 114|0x000000008a200000, 0x000000008a200000, 0x000000008a300000|  0%| F|  |TAMS 0x000000008a200000| PB 0x000000008a200000| Untracked 
| 115|0x000000008a300000, 0x000000008a300000, 0x000000008a400000|  0%| F|  |TAMS 0x000000008a300000| PB 0x000000008a300000| Untracked 
| 116|0x000000008a400000, 0x000000008a400000, 0x000000008a500000|  0%| F|  |TAMS 0x000000008a400000| PB 0x000000008a400000| Untracked 
| 117|0x000000008a500000, 0x000000008a500000, 0x000000008a600000|  0%| F|  |TAMS 0x000000008a500000| PB 0x000000008a500000| Untracked 
| 118|0x000000008a600000, 0x000000008a600000, 0x000000008a700000|  0%| F|  |TAMS 0x000000008a600000| PB 0x000000008a600000| Untracked 
| 119|0x000000008a700000, 0x000000008a7654e0, 0x000000008a800000| 39%| E|  |TAMS 0x000000008a700000| PB 0x000000008a700000| Complete 
| 120|0x000000008a800000, 0x000000008a900000, 0x000000008a900000|100%| E|  |TAMS 0x000000008a800000| PB 0x000000008a800000| Complete 
| 121|0x000000008a900000, 0x000000008aa00000, 0x000000008aa00000|100%| E|CS|TAMS 0x000000008a900000| PB 0x000000008a900000| Complete 
| 122|0x000000008aa00000, 0x000000008ab00000, 0x000000008ab00000|100%| E|CS|TAMS 0x000000008aa00000| PB 0x000000008aa00000| Complete 
| 123|0x000000008ab00000, 0x000000008ac00000, 0x000000008ac00000|100%| E|CS|TAMS 0x000000008ab00000| PB 0x000000008ab00000| Complete 
| 124|0x000000008ac00000, 0x000000008ad00000, 0x000000008ad00000|100%| E|CS|TAMS 0x000000008ac00000| PB 0x000000008ac00000| Complete 
| 125|0x000000008ad00000, 0x000000008ae00000, 0x000000008ae00000|100%| E|CS|TAMS 0x000000008ad00000| PB 0x000000008ad00000| Complete 

Card table byte_map: [0x000001aa5dde0000,0x000001aa5e1d0000] _byte_map_base: 0x000001aa5d9c8000

Marking Bits: (CMBitMap*) 0x000001aa4697d050
 Bits: [0x000001aa5e5c0000, 0x000001aa60500000)

Polling page: 0x000001aa44740000

Metaspace:

Usage:
  Non-class:      1.54 MB used.
      Class:    157.53 KB used.
       Both:      1.70 MB used.

Virtual space:
  Non-class space:       64.00 MB reserved,       1.56 MB (  2%) committed,  1 nodes.
      Class space:        1.00 GB reserved,     192.00 KB ( <1%) committed,  1 nodes.
             Both:        1.06 GB reserved,       1.75 MB ( <1%) committed. 

Chunk freelists:
   Non-Class:  3.55 MB
       Class:  3.69 MB
        Both:  7.23 MB

MaxMetaspaceSize: unlimited
CompressedClassSpaceSize: 1.00 GB
Initial GC threshold: 21.00 MB
Current GC threshold: 21.00 MB
CDS: on
MetaspaceReclaimPolicy: balanced
 - commit_granule_bytes: 65536.
 - commit_granule_words: 8192.
 - virtual_space_node_default_size: 8388608.
 - enlarge_chunks_in_place: 1.
 - new_chunks_are_fully_committed: 0.
 - uncommit_free_chunks: 1.
 - use_allocation_guard: 0.


Internal statistics:

num_allocs_failed_limit: 0.
num_arena_births: 12.
num_arena_deaths: 0.
num_vsnodes_births: 2.
num_vsnodes_deaths: 0.
num_space_committed: 28.
num_space_uncommitted: 0.
num_chunks_returned_to_freelist: 0.
num_chunks_taken_from_freelist: 38.
num_chunk_merges: 0.
num_chunk_splits: 24.
num_chunks_enlarged: 20.
num_inconsistent_stats: 0.

CodeHeap 'non-profiled nmethods': size=120000Kb used=130Kb max_used=130Kb free=119869Kb
 bounds [0x000001aa564c0000, 0x000001aa56730000, 0x000001aa5d9f0000]
CodeHeap 'profiled nmethods': size=120000Kb used=651Kb max_used=651Kb free=119348Kb
 bounds [0x000001aa4e9f0000, 0x000001aa4ec60000, 0x000001aa55f20000]
CodeHeap 'non-nmethods': size=5760Kb used=1397Kb max_used=1415Kb free=4362Kb
 bounds [0x000001aa55f20000, 0x000001aa56190000, 0x000001aa564c0000]
 total_blobs=881 nmethods=438 adapters=354
 compilation: enabled
              stopped_count=0, restarted_count=0
 full_count=0

Compilation events (20 events):
Event: 0.229 Thread 0x000001aa629e1ca0 nmethod 424 0x000001aa4ea8d910 code [0x000001aa4ea8daa0, 0x000001aa4ea8dbb0]
Event: 0.230 Thread 0x000001aa629e1ca0  425   !   3       java.util.zip.ZipFile$Source::getEntryPos (195 bytes)
Event: 0.230 Thread 0x000001aa629d9700 nmethod 416 0x000001aa564dc490 code [0x000001aa564dc640, 0x000001aa564dcbe0]
Event: 0.230 Thread 0x000001aa629d9700  423       4       java.lang.AbstractStringBuilder::append (77 bytes)
Event: 0.232 Thread 0x000001aa629e1ca0 nmethod 425 0x000001aa4ea8dc10 code [0x000001aa4ea8df00, 0x000001aa4ea8f090]
Event: 0.232 Thread 0x000001aa629e1ca0  426       1       java.net.URL::getAuthority (5 bytes)
Event: 0.232 Thread 0x000001aa629e1ca0 nmethod 426 0x000001aa564dce90 code [0x000001aa564dd000, 0x000001aa564dd0c8]
Event: 0.232 Thread 0x000001aa629e1ca0  427       1       java.net.URL::getPath (5 bytes)
Event: 0.232 Thread 0x000001aa629e1ca0 nmethod 427 0x000001aa564dd190 code [0x000001aa564dd300, 0x000001aa564dd3c8]
Event: 0.232 Thread 0x000001aa629e1ca0  428       1       java.net.URL::getQuery (5 bytes)
Event: 0.232 Thread 0x000001aa629e1ca0 nmethod 428 0x000001aa564dd490 code [0x000001aa564dd600, 0x000001aa564dd6c8]
Event: 0.232 Thread 0x000001aa629e1ca0  429       1       java.net.URL::getRef (5 bytes)
Event: 0.232 Thread 0x000001aa629e1ca0 nmethod 429 0x000001aa564dd790 code [0x000001aa564dd900, 0x000001aa564dd9c8]
Event: 0.233 Thread 0x000001aa629e1ca0  430       3       java.io.RandomAccessFile::readFully (45 bytes)
Event: 0.233 Thread 0x000001aa629e1ca0 nmethod 430 0x000001aa4ea8fb10 code [0x000001aa4ea8fcc0, 0x000001aa4ea90090]
Event: 0.237 Thread 0x000001aa629d9700 nmethod 423 0x000001aa564dde90 code [0x000001aa564de040, 0x000001aa564de5d0]
Event: 0.237 Thread 0x000001aa629d9700  431       4       java.util.zip.ZipFile$Source::zipCoderForPos (39 bytes)
Event: 0.238 Thread 0x000001aa629d9700 nmethod 431 0x000001aa564de810 code [0x000001aa564de980, 0x000001aa564dea40]
Event: 0.239 Thread 0x000001aa629d9700  432   !   4       java.util.zip.ZipFile$Source::checkAndAddEntry (295 bytes)
Event: 0.243 Thread 0x000001aa629e1ca0  436  s!   3       jdk.internal.loader.URLClassPath::getLoader (194 bytes)

GC Heap History (0 events):
No events

Dll operation events (9 events):
Event: 0.008 Loaded shared library C:\Program Files\Java\jdk-20\bin\java.dll
Event: 0.033 Loaded shared library C:\Program Files\Java\jdk-20\bin\jsvml.dll
Event: 0.059 Loaded shared library C:\Program Files\Java\jdk-20\bin\net.dll
Event: 0.060 Loaded shared library C:\Program Files\Java\jdk-20\bin\nio.dll
Event: 0.064 Loaded shared library C:\Program Files\Java\jdk-20\bin\zip.dll
Event: 0.090 Loaded shared library C:\Program Files\Java\jdk-20\bin\management.dll
Event: 0.095 Loaded shared library C:\Program Files\Java\jdk-20\bin\management_ext.dll
Event: 0.123 Loaded shared library C:\Program Files\Java\jdk-20\bin\jimage.dll
Event: 0.191 Loaded shared library C:\Program Files\Java\jdk-20\bin\verify.dll

Deoptimization events (6 events):
Event: 0.179 Thread 0x000001aa4691e5f0 Uncommon trap: trap_request=0xffffff45 fr.pc=0x000001aa564cdaec relative=0x000000000000016c
Event: 0.179 Thread 0x000001aa4691e5f0 Uncommon trap: reason=unstable_if action=reinterpret pc=0x000001aa564cdaec method=java.util.concurrent.locks.ReentrantLock$NonfairSync.initialTryLock()Z @ 10 c2
Event: 0.179 Thread 0x000001aa4691e5f0 DEOPT PACKING pc=0x000001aa564cdaec sp=0x00000080e64ff380
Event: 0.179 Thread 0x000001aa4691e5f0 DEOPT UNPACKING pc=0x000001aa55f89d22 sp=0x00000080e64ff328 mode 2
Event: 0.209 Thread 0x000001aa4691e5f0 DEOPT PACKING pc=0x000001aa4ea049d7 sp=0x00000080e64ff070
Event: 0.209 Thread 0x000001aa4691e5f0 DEOPT UNPACKING pc=0x000001aa55f8a4c2 sp=0x00000080e64fe490 mode 0

Classes loaded (20 events):
Event: 0.182 Loading class java/lang/ProcessEnvironment$CheckedEntry
Event: 0.182 Loading class java/lang/ProcessEnvironment$CheckedEntry done
Event: 0.188 Loading class java/lang/ProcessBuilder
Event: 0.188 Loading class java/lang/ProcessBuilder done
Event: 0.189 Loading class java/lang/ProcessImpl
Event: 0.189 Loading class java/lang/Process
Event: 0.189 Loading class java/lang/Process done
Event: 0.190 Loading class java/lang/ProcessImpl done
Event: 0.193 Loading class java/lang/StringIndexOutOfBoundsException
Event: 0.193 Loading class java/lang/IndexOutOfBoundsException
Event: 0.193 Loading class java/lang/IndexOutOfBoundsException done
Event: 0.193 Loading class java/lang/StringIndexOutOfBoundsException done
Event: 0.201 Loading class java/net/MalformedURLException
Event: 0.201 Loading class java/net/MalformedURLException done
Event: 0.209 Loading class java/lang/InstantiationException
Event: 0.209 Loading class java/lang/InstantiationException done
Event: 0.209 Loading class java/lang/IllegalAccessException
Event: 0.209 Loading class java/lang/IllegalAccessException done
Event: 0.209 Loading class jdk/internal/loader/URLClassPath$FileLoader
Event: 0.210 Loading class jdk/internal/loader/URLClassPath$FileLoader done

Classes unloaded (0 events):
No events

Classes redefined (0 events):
No events

Internal exceptions (2 events):
Event: 0.103 Thread 0x000001aa4691e5f0 Exception <a 'java/lang/NoSuchMethodError'{0x000000008ab3e778}: 'int java.lang.invoke.DirectMethodHandle$Holder.invokeSpecial(java.lang.Object, java.lang.Object, java.lang.Object)'> (0x000000008ab3e778) 
thrown [s\open\src\hotspot\share\interpreter\linkResolver.cpp, line 773]
Event: 0.192 Thread 0x000001aa629cd190 Exception <a 'java/io/IOException'{0x000000008a97c8d0}: CreateProcess error=1455, The paging file is too small for this operation to complete> (0x000000008a97c8d0) 
thrown [s\open\src\hotspot\share\prims\jni.cpp, line 538]

VM Operations (6 events):
Event: 0.065 Executing VM operation: HandshakeAllThreads
Event: 0.065 Executing VM operation: HandshakeAllThreads done
Event: 0.160 Executing VM operation: HandshakeAllThreads
Event: 0.160 Executing VM operation: HandshakeAllThreads done
Event: 0.181 Executing VM operation: HandshakeAllThreads
Event: 0.181 Executing VM operation: HandshakeAllThreads done

Events (13 events):
Event: 0.033 Thread 0x000001aa4691e5f0 Thread added: 0x000001aa4691e5f0
Event: 0.042 Thread 0x000001aa629c3c50 Thread added: 0x000001aa629c3c50
Event: 0.042 Thread 0x000001aa629c6840 Thread added: 0x000001aa629c6840
Event: 0.042 Thread 0x000001aa629c7c20 Thread added: 0x000001aa629c7c20
Event: 0.042 Thread 0x000001aa629c99f0 Thread added: 0x000001aa629c99f0
Event: 0.042 Thread 0x000001aa629cc1a0 Thread added: 0x000001aa629cc1a0
Event: 0.042 Thread 0x000001aa629ce180 Thread added: 0x000001aa629ce180
Event: 0.042 Thread 0x000001aa629d9700 Thread added: 0x000001aa629d9700
Event: 0.042 Thread 0x000001aa629e1ca0 Thread added: 0x000001aa629e1ca0
Event: 0.055 Thread 0x000001aa629cdc30 Thread added: 0x000001aa629cdc30
Event: 0.056 Thread 0x000001aa629cc6f0 Thread added: 0x000001aa629cc6f0
Event: 0.079 Thread 0x000001aa629ccc40 Thread added: 0x000001aa629ccc40
Event: 0.179 Thread 0x000001aa629cd190 Thread added: 0x000001aa629cd190


Dynamic libraries:
0x00007ff78abd0000 - 0x00007ff78abe0000 	C:\Program Files\Java\jdk-20\bin\java.exe
0x00007ff8a95f0000 - 0x00007ff8a9807000 	C:\WINDOWS\SYSTEM32\ntdll.dll
0x00007ff8a91d0000 - 0x00007ff8a9294000 	C:\WINDOWS\System32\KERNEL32.DLL
0x00007ff8a69c0000 - 0x00007ff8a6d6d000 	C:\WINDOWS\System32\KERNELBASE.dll
0x00007ff8a6f00000 - 0x00007ff8a7011000 	C:\WINDOWS\System32\ucrtbase.dll
0x00007ff89ef60000 - 0x00007ff89ef7b000 	C:\Program Files\Java\jdk-20\bin\VCRUNTIME140.dll
0x00007ff89fb20000 - 0x00007ff89fb39000 	C:\Program Files\Java\jdk-20\bin\jli.dll
0x00007ff8a8220000 - 0x00007ff8a82d2000 	C:\WINDOWS\System32\ADVAPI32.dll
0x00007ff8a80f0000 - 0x00007ff8a8197000 	C:\WINDOWS\System32\msvcrt.dll
0x00007ff8a7330000 - 0x00007ff8a73d9000 	C:\WINDOWS\System32\sechost.dll
0x00007ff8a6ed0000 - 0x00007ff8a6ef8000 	C:\WINDOWS\System32\bcrypt.dll
0x00007ff8a7c40000 - 0x00007ff8a7d54000 	C:\WINDOWS\System32\RPCRT4.dll
0x00007ff8a8d40000 - 0x00007ff8a8eee000 	C:\WINDOWS\System32\USER32.dll
0x00007ff8a6d70000 - 0x00007ff8a6d96000 	C:\WINDOWS\System32\win32u.dll
0x00007ff8a90a0000 - 0x00007ff8a90c9000 	C:\WINDOWS\System32\GDI32.dll
0x00007ff8a70a0000 - 0x00007ff8a71b9000 	C:\WINDOWS\System32\gdi32full.dll
0x00007ff8a6920000 - 0x00007ff8a69ba000 	C:\WINDOWS\System32\msvcp_win.dll
0x00007ff88ca90000 - 0x00007ff88cd23000 	C:\WINDOWS\WinSxS\amd64_microsoft.windows.common-controls_6595b64144ccf1df_6.0.22621.3672_none_2713b9d173822955\COMCTL32.dll
0x00007ff89d820000 - 0x00007ff89d82a000 	C:\WINDOWS\SYSTEM32\VERSION.dll
0x00007ff8a81e0000 - 0x00007ff8a8211000 	C:\WINDOWS\System32\IMM32.DLL
0x00007ff89ef20000 - 0x00007ff89ef2c000 	C:\Program Files\Java\jdk-20\bin\vcruntime140_1.dll
0x00007ff88c490000 - 0x00007ff88c51e000 	C:\Program Files\Java\jdk-20\bin\msvcp140.dll
0x00007ffff53c0000 - 0x00007ffff6058000 	C:\Program Files\Java\jdk-20\bin\server\jvm.dll
0x00007ff87b2f0000 - 0x00007ff87b2f9000 	C:\WINDOWS\SYSTEM32\WSOCK32.dll
0x00007ff89f5d0000 - 0x00007ff89f604000 	C:\WINDOWS\SYSTEM32\WINMM.dll
0x00007ff8a87f0000 - 0x00007ff8a8861000 	C:\WINDOWS\System32\WS2_32.dll
0x00007ff8a5950000 - 0x00007ff8a5968000 	C:\WINDOWS\SYSTEM32\kernel.appcore.dll
0x00007ff89eef0000 - 0x00007ff89eefa000 	C:\Program Files\Java\jdk-20\bin\jimage.dll
0x00007ff8a3b40000 - 0x00007ff8a3d72000 	C:\WINDOWS\SYSTEM32\DBGHELP.DLL
0x00007ff8a7d60000 - 0x00007ff8a80e8000 	C:\WINDOWS\System32\combase.dll
0x00007ff8a9310000 - 0x00007ff8a93e7000 	C:\WINDOWS\System32\OLEAUT32.dll
0x00007ff87b970000 - 0x00007ff87b9a2000 	C:\WINDOWS\SYSTEM32\dbgcore.DLL
0x00007ff8a7020000 - 0x00007ff8a709b000 	C:\WINDOWS\System32\bcryptPrimitives.dll
0x00007ff89eea0000 - 0x00007ff89eec6000 	C:\Program Files\Java\jdk-20\bin\java.dll
0x00007ff86b550000 - 0x00007ff86b627000 	C:\Program Files\Java\jdk-20\bin\jsvml.dll
0x00007ff8a73e0000 - 0x00007ff8a7c3f000 	C:\WINDOWS\System32\SHELL32.dll
0x00007ff8a4870000 - 0x00007ff8a516c000 	C:\WINDOWS\SYSTEM32\windows.storage.dll
0x00007ff8a4730000 - 0x00007ff8a486f000 	C:\WINDOWS\SYSTEM32\wintypes.dll
0x00007ff8a90d0000 - 0x00007ff8a91c4000 	C:\WINDOWS\System32\SHCORE.dll
0x00007ff8a8510000 - 0x00007ff8a856e000 	C:\WINDOWS\System32\shlwapi.dll
0x00007ff8a6850000 - 0x00007ff8a6871000 	C:\WINDOWS\SYSTEM32\profapi.dll
0x00007ff89ee80000 - 0x00007ff89ee93000 	C:\Program Files\Java\jdk-20\bin\net.dll
0x00007ff89f260000 - 0x00007ff89f396000 	C:\WINDOWS\SYSTEM32\WINHTTP.dll
0x00007ff8a5dc0000 - 0x00007ff8a5e29000 	C:\WINDOWS\system32\mswsock.dll
0x00007ff89ee60000 - 0x00007ff89ee76000 	C:\Program Files\Java\jdk-20\bin\nio.dll
0x00007ff89b300000 - 0x00007ff89b318000 	C:\Program Files\Java\jdk-20\bin\zip.dll
0x00007ff89b2f0000 - 0x00007ff89b2fa000 	C:\Program Files\Java\jdk-20\bin\management.dll
0x00007ff89b2e0000 - 0x00007ff89b2eb000 	C:\Program Files\Java\jdk-20\bin\management_ext.dll
0x00007ff8a86e0000 - 0x00007ff8a86e8000 	C:\WINDOWS\System32\PSAPI.DLL
0x00007ff89fb50000 - 0x00007ff89fb60000 	C:\Program Files\Java\jdk-20\bin\verify.dll

dbghelp: loaded successfully - version: 4.0.5 - missing functions: none
symbol engine: initialized successfully - sym options: 0x614 - pdb path: .;C:\Program Files\Java\jdk-20\bin;C:\WINDOWS\SYSTEM32;C:\WINDOWS\WinSxS\amd64_microsoft.windows.common-controls_6595b64144ccf1df_6.0.22621.3672_none_2713b9d173822955;C:\Program Files\Java\jdk-20\bin\server

VM Arguments:
java_command: C:\Users\ADEPAV~1\AppData\Local\Temp\surefire6648137761546214488\surefirebooter15634469842756453884.jar C:\Users\ADE PAVAN\AppData\Local\Temp\surefire6648137761546214488 2024-07-14T16-07-14_088-jvmRun1 surefire5915049352896647778tmp surefire_06951852513154317237tmp
java_class_path (initial): C:\Users\ADEPAV~1\AppData\Local\Temp\surefire6648137761546214488\surefirebooter15634469842756453884.jar
Launcher Type: SUN_STANDARD

[Global flags]
     intx CICompilerCount                          = 3                                         {product} {ergonomic}
     uint ConcGCThreads                            = 1                                         {product} {ergonomic}
     uint G1ConcRefinementThreads                  = 4                                         {product} {ergonomic}
   size_t G1HeapRegionSize                         = 1048576                                   {product} {ergonomic}
    uintx GCDrainStackTargetSize                   = 64                                        {product} {ergonomic}
   size_t InitialHeapSize                          = 132120576                                 {product} {ergonomic}
   size_t MarkStackSize                            = 4194304                                   {product} {ergonomic}
   size_t MaxHeapSize                              = 2097152000                                {product} {ergonomic}
   size_t MaxNewSize                               = 1258291200                                {product} {ergonomic}
   size_t MinHeapDeltaBytes                        = 1048576                                   {product} {ergonomic}
   size_t MinHeapSize                              = 8388608                                   {product} {ergonomic}
    uintx NonNMethodCodeHeapSize                   = 5832780                                {pd product} {ergonomic}
    uintx NonProfiledCodeHeapSize                  = 122912730                              {pd product} {ergonomic}
    uintx ProfiledCodeHeapSize                     = 122912730                              {pd product} {ergonomic}
    uintx ReservedCodeCacheSize                    = 251658240                              {pd product} {ergonomic}
     bool SegmentedCodeCache                       = true                                      {product} {ergonomic}
   size_t SoftMaxHeapSize                          = 2097152000                             {manageable} {ergonomic}
     bool UseCompressedClassPointers               = true                           {product lp64_product} {ergonomic}
     bool UseCompressedOops                        = true                           {product lp64_product} {ergonomic}
     bool UseG1GC                                  = true                                      {product} {ergonomic}
     bool UseLargePagesIndividualAllocation        = false                                  {pd product} {ergonomic}

Logging:
Log output configuration:
 #0: stdout all=warning uptime,level,tags foldmultilines=false
 #1: stderr all=off uptime,level,tags foldmultilines=false

Environment Variables:
JAVA_HOME=C:\Program Files\Java\jdk-20
PATH=C:/Users/ADE PAVAN/Documents/Spring/eclipse//plugins/org.eclipse.justj.openjdk.hotspot.jre.full.win32.x86_64_21.0.3.v20240426-1530/jre/bin/server;C:/Users/ADE PAVAN/Documents/Spring/eclipse//plugins/org.eclipse.justj.openjdk.hotspot.jre.full.win32.x86_64_21.0.3.v20240426-1530/jre/bin;C:\Oracle_database\WINDOWS.X64_193000_db_home\bin;C:\Program Files\Common Files\Oracle\Java\javapath;C:\WINDOWS\system32;C:\WINDOWS;C:\WINDOWS\System32\Wbem;C:\WINDOWS\System32\WindowsPowerShell\v1.0\;C:\WINDOWS\System32\OpenSSH\;C:\Program Files\Git\cmd;C:\Program Files\MySQL\MySQL Server 8.0\bin;C:\Program Files\Java\jdk-20\bin;C:\Program Files\nodejs\;C:\Program Files\HP\HP One Agent;C:\Program Files\MySQL\MySQL Shell 8.0\bin\;C:\Users\ADE PAVAN\AppData\Local\Programs\Python\Python310\Scripts\;C:\Users\ADE PAVAN\AppData\Local\Programs\Python\Python310\;C:\Users\ADE PAVAN\AppData\Local\Microsoft\WindowsApps;C:\Users\ADE PAVAN\AppData\Local\Programs\Microsoft VS Code\bin;C:\MinGW\bin;C:\Users\ADE PAVAN\AppData\Roaming\npm;C:\Users\ADE PAVAN\Documents\Spring\eclipse;
USERNAME=ADE PAVAN
OS=Windows_NT
PROCESSOR_IDENTIFIER=Intel64 Family 6 Model 142 Stepping 12, GenuineIntel
TMP=C:\Users\ADEPAV~1\AppData\Local\Temp
TEMP=C:\Users\ADEPAV~1\AppData\Local\Temp




---------------  S Y S T E M  ---------------

OS:
 Windows 11 , 64 bit Build 22621 (10.0.22621.3672)
OS uptime: 0 days 2:54 hours

CPU: total 4 (initial active 4) (2 cores per cpu, 2 threads per core) family 6 model 142 stepping 12 microcode 0xea, cx8, cmov, fxsr, ht, mmx, 3dnowpref, sse, sse2, sse3, ssse3, sse4.1, sse4.2, popcnt, lzcnt, tsc, tscinvbit, avx, avx2, aes, erms, clmul, bmi1, bmi2, adx, fma, vzeroupper, clflush, clflushopt, rdtscp, f16c

Memory: 4k page, system-wide physical 7996M (887M free)
TotalPageFile size 13996M (AvailPageFile size 5M)
current process WorkingSet (physical memory assigned to process): 46M, peak: 46M
current process commit charge ("private bytes"): 203M, peak: 203M

vm_info: Java HotSpot(TM) 64-Bit Server VM (20.0.2+9-78) for windows-amd64 JRE (20.0.2+9-78), built on 2023-06-14T10:08:48Z by "mach5one" with MS VC++ 17.1 (VS2022)

END.
