#
# There is insufficient memory for the Java Runtime Environment to continue.
# Native memory allocation (mmap) failed to map 65536 bytes for Failed to commit metaspace.
# Possible reasons:
#   The system is out of physical RAM or swap space
#   The process is running with CompressedOops enabled, and the Java Heap may be blocking the growth of the native heap
# Possible solutions:
#   Reduce memory load on the system
#   Increase physical memory or swap space
#   Check if swap backing store is full
#   Decrease Java heap size (-Xmx/-Xms)
#   Decrease number of Java threads
#   Decrease Java thread stack sizes (-Xss)
#   Set larger code cache with -XX:ReservedCodeCacheSize=
#   JVM is running with Unscaled Compressed Oops mode in which the Java heap is
#     placed in the first 4GB address space. The Java Heap base address is the
#     maximum limit for the native heap growth. Please use -XX:HeapBaseMinAddress
#     to set the Java Heap base and to place the Java Heap above 4GB virtual address.
# This output file may be truncated or incomplete.
#
#  Out of Memory Error (virtualSpaceNode.cpp:110), pid=16788, tid=15692
#
# JRE version: Java(TM) SE Runtime Environment (20.0.2+9) (build 20.0.2+9-78)
# Java VM: Java HotSpot(TM) 64-Bit Server VM (20.0.2+9-78, mixed mode, sharing, tiered, compressed oops, compressed class ptrs, g1 gc, windows-amd64)
# No core dump will be written. Minidumps are not enabled by default on client versions of Windows
#

---------------  S U M M A R Y ------------

Command Line: -Dmaven.home=EMBEDDED -Dclassworlds.conf=C:\Users\ADE PAVAN\Documents\Spring\workspace\.metadata\.plugins\org.eclipse.m2e.launching\launches\m2conf3983122006723276307.tmp -Dmaven.multiModuleProjectDirectory=C:\Users\ADE PAVAN\git\SpringMvc\SpringMvc -Dm2e.build.project.data.socket.port=3295 -Dfile.encoding=UTF-8 -Dstdout.encoding=UTF-8 -Dstderr.encoding=UTF-8 -XX:+ShowCodeDetailsInExceptionMessages org.codehaus.plexus.classworlds.launcher.Launcher -B -Dstyle.color=always install

Host: Intel(R) Core(TM) i3-10110U CPU @ 2.10GHz, 4 cores, 7G,  Windows 11 , 64 bit Build 22621 (10.0.22621.3672)
Time: Sun Jul 14 16:16:44 2024 India Standard Time elapsed time: 1.748505 seconds (0d 0h 0m 1s)

---------------  T H R E A D  ---------------

Current thread (0x00000141882b0d60):  JavaThread "main" [_thread_in_vm, id=15692, stack(0x0000003f8f900000,0x0000003f8fa00000)]

Stack: [0x0000003f8f900000,0x0000003f8fa00000]
Native frames: (J=compiled Java code, j=interpreted, Vv=VM code, C=native code)
V  [jvm.dll+0x6bc25a]
V  [jvm.dll+0x84971a]
V  [jvm.dll+0x84b315]
V  [jvm.dll+0x84ba13]
V  [jvm.dll+0x280e4f]
V  [jvm.dll+0x84565b]
V  [jvm.dll+0x660616]
V  [jvm.dll+0x1eb7b7]
V  [jvm.dll+0x663032]
V  [jvm.dll+0x662e1e]
V  [jvm.dll+0x66102e]
V  [jvm.dll+0x26c9df]
V  [jvm.dll+0x66b665]
V  [jvm.dll+0x21b712]
V  [jvm.dll+0x21bc45]
V  [jvm.dll+0x21c631]
V  [jvm.dll+0x211a50]
V  [jvm.dll+0x59c7cc]
V  [jvm.dll+0x7c42a3]
V  [jvm.dll+0x7c4384]
V  [jvm.dll+0x46ca64]
V  [jvm.dll+0x471fc8]
C  [java.dll+0x17ec]

Java frames: (J=compiled Java code, j=interpreted, Vv=VM code)
J 917  java.lang.ClassLoader.defineClass1(Ljava/lang/ClassLoader;Ljava/lang/String;[BIILjava/security/ProtectionDomain;Ljava/lang/String;)Ljava/lang/Class; java.base@20.0.2 (0 bytes) @ 0x0000014197e92e71 [0x0000014197e92da0+0x00000000000000d1]
J 997 c1 java.lang.ClassLoader.defineClass(Ljava/lang/String;[BIILjava/security/ProtectionDomain;)Ljava/lang/Class; java.base@20.0.2 (43 bytes) @ 0x00000141905566dc [0x0000014190556380+0x000000000000035c]
J 916 c1 java.security.SecureClassLoader.defineClass(Ljava/lang/String;[BIILjava/security/CodeSource;)Ljava/lang/Class; java.base@20.0.2 (16 bytes) @ 0x000001419050f074 [0x000001419050efa0+0x00000000000000d4]
J 1011 c1 java.net.URLClassLoader.defineClass(Ljava/lang/String;Ljdk/internal/loader/Resource;)Ljava/lang/Class; java.base@20.0.2 (224 bytes) @ 0x000001419055f11c [0x000001419055de60+0x00000000000012bc]
J 1010 c1 java.net.URLClassLoader$1.run()Ljava/lang/Class; java.base@20.0.2 (81 bytes) @ 0x000001419055c89c [0x000001419055bc20+0x0000000000000c7c]
J 1009 c1 java.net.URLClassLoader$1.run()Ljava/lang/Object; java.base@20.0.2 (5 bytes) @ 0x000001419055b734 [0x000001419055b6a0+0x0000000000000094]
J 576 c1 java.security.AccessController.doPrivileged(Ljava/security/PrivilegedExceptionAction;Ljava/security/AccessControlContext;)Ljava/lang/Object; java.base@20.0.2 (26 bytes) @ 0x000001419045a064 [0x0000014190459e80+0x00000000000001e4]
J 1014 c1 java.net.URLClassLoader.findClass(Ljava/lang/String;)Ljava/lang/Class; java.base@20.0.2 (47 bytes) @ 0x000001419056212c [0x0000014190561f80+0x00000000000001ac]
J 937 c1 org.codehaus.plexus.classworlds.realm.ClassRealm.loadClassFromSelf(Ljava/lang/String;)Ljava/lang/Class; (40 bytes) @ 0x000001419051a494 [0x000001419051a100+0x0000000000000394]
J 1056 c1 org.codehaus.plexus.classworlds.strategy.SelfFirstStrategy.loadClass(Ljava/lang/String;)Ljava/lang/Class; (50 bytes) @ 0x000001419057c87c [0x000001419057c4a0+0x00000000000003dc]
J 907 c1 org.codehaus.plexus.classworlds.realm.ClassRealm.loadClass(Ljava/lang/String;Z)Ljava/lang/Class; (33 bytes) @ 0x0000014190505cbc [0x0000014190505b40+0x000000000000017c]
J 554 c1 org.codehaus.plexus.classworlds.realm.ClassRealm.loadClass(Ljava/lang/String;)Ljava/lang/Class; (7 bytes) @ 0x0000014190453aa4 [0x00000141904539a0+0x0000000000000104]
v  ~StubRoutines::call_stub 0x00000141978b100d
j  org.eclipse.sisu.inject.RankedSequence.iterator()Lorg/eclipse/sisu/inject/RankedSequence$Itr;+0
j  org.eclipse.sisu.inject.RankedBindings$Itr.<init>(Lorg/eclipse/sisu/inject/RankedBindings;)V+17
j  org.eclipse.sisu.inject.RankedBindings.iterator()Lorg/eclipse/sisu/inject/RankedBindings$Itr;+5
j  org.eclipse.sisu.inject.LocatedBeans$Itr.<init>(Lorg/eclipse/sisu/inject/LocatedBeans;)V+17
j  org.eclipse.sisu.inject.LocatedBeans.iterator()Ljava/util/Iterator;+5
j  org.eclipse.sisu.plexus.RealmFilteredBeans$FilteredItr.<init>(Lorg/eclipse/sisu/plexus/RealmFilteredBeans;Ljava/util/Set;)V+17
j  org.eclipse.sisu.plexus.RealmFilteredBeans.iterator()Ljava/util/Iterator;+31
j  org.eclipse.sisu.plexus.DefaultPlexusBeans$Itr.<init>(Lorg/eclipse/sisu/plexus/DefaultPlexusBeans;)V+17
j  org.eclipse.sisu.plexus.DefaultPlexusBeans.iterator()Ljava/util/Iterator;+5
j  org.codehaus.plexus.DefaultPlexusContainer.lookup(Ljava/lang/Class;Ljava/lang/String;Ljava/lang/String;)Ljava/lang/Object;+14
j  org.codehaus.plexus.DefaultPlexusContainer.lookup(Ljava/lang/Class;Ljava/lang/String;)Ljava/lang/Object;+4
j  org.codehaus.plexus.DefaultPlexusContainer.lookup(Ljava/lang/Class;)Ljava/lang/Object;+4
j  org.apache.maven.cli.MavenCli.container(Lorg/apache/maven/cli/CliRequest;)Lorg/codehaus/plexus/PlexusContainer;+415
j  org.apache.maven.cli.MavenCli.doMain(Lorg/apache/maven/cli/CliRequest;)I+34
j  org.apache.maven.cli.MavenCli.main([Ljava/lang/String;Lorg/codehaus/plexus/classworlds/ClassWorld;)I+24
j  java.lang.invoke.DirectMethodHandle$Holder.invokeStatic(Ljava/lang/Object;Ljava/lang/Object;Ljava/lang/Object;)I+11 java.base@20.0.2
j  java.lang.invoke.LambdaForm$MH+0x00000141a5409400.invoke(Ljava/lang/Object;Ljava/lang/Object;Ljava/lang/Object;Ljava/lang/Object;)Ljava/lang/Object;+54 java.base@20.0.2
j  java.lang.invoke.LambdaForm$MH+0x00000141a5409800.invokeExact_MT(Ljava/lang/Object;Ljava/lang/Object;Ljava/lang/Object;Ljava/lang/Object;Ljava/lang/Object;)Ljava/lang/Object;+22 java.base@20.0.2
j  jdk.internal.reflect.DirectMethodHandleAccessor.invokeImpl(Ljava/lang/Object;[Ljava/lang/Object;)Ljava/lang/Object;+72 java.base@20.0.2
j  jdk.internal.reflect.DirectMethodHandleAccessor.invoke(Ljava/lang/Object;[Ljava/lang/Object;)Ljava/lang/Object;+23 java.base@20.0.2
j  java.lang.reflect.Method.invoke(Ljava/lang/Object;[Ljava/lang/Object;)Ljava/lang/Object;+102 java.base@20.0.2
j  org.codehaus.plexus.classworlds.launcher.Launcher.launchEnhanced([Ljava/lang/String;)V+45
j  org.codehaus.plexus.classworlds.launcher.Launcher.launch([Ljava/lang/String;)V+2
j  org.codehaus.plexus.classworlds.launcher.Launcher.mainWithExitCode([Ljava/lang/String;)I+108
j  org.codehaus.plexus.classworlds.launcher.Launcher.main([Ljava/lang/String;)V+1
v  ~StubRoutines::call_stub 0x00000141978b100d

Compiled method (n/a)    1761  917     n 0       java.lang.ClassLoader::defineClass1 (native)
 total in heap  [0x0000014197e92c10,0x0000014197e93240] = 1584
 relocation     [0x0000014197e92d58,0x0000014197e92d90] = 56
 main code      [0x0000014197e92da0,0x0000014197e9323e] = 1182
 stub code      [0x0000014197e9323e,0x0000014197e93240] = 2

[Constant Pool (empty)]

[MachCode]
[Entry Point]
  # {method} {0x00000141a4838da8} 'defineClass1' '(Ljava/lang/ClassLoader;Ljava/lang/String;[BIILjava/security/ProtectionDomain;Ljava/lang/String;)Ljava/lang/Class;' in 'java/lang/ClassLoader'
  # parm0:    rdx:rdx   = 'java/lang/ClassLoader'
  # parm1:    r8:r8     = 'java/lang/String'
  # parm2:    r9:r9     = '[B'
  # parm3:    rdi       = int
  # parm4:    rsi       = int
  # parm5:    rcx:rcx   = 'java/security/ProtectionDomain'
  # parm6:    [sp+0xa0]   = 'java/lang/String'  (sp of caller)
  0x0000014197e92da0: 448b 5208 | 49bb 0000 | 40a4 4101 | 0000 4d03 | d349 3bc2 | 0f84 0600 

  0x0000014197e92db8: ;   {runtime_call ic_miss_stub}
  0x0000014197e92db8: 0000 e941 | 10a8 ff90 
[Verified Entry Point]
  0x0000014197e92dc0: 8984 2400 | 80ff ff55 | 488b ec48 | 81ec 9000 | 0000 6690 | 4181 7f20 | 0100 0000 

  0x0000014197e92ddc: ;   {runtime_call StubRoutines (2)}
  0x0000014197e92ddc: 7405 e83d | 6fa6 ff48 | 837d 1000 | 488d 4510 | 480f 4445 | 1048 8944 | 2440 4889 | 4c24 7048 
  0x0000014197e92dfc: 83f9 0048 | 8d44 2470 | 480f 4444 | 2470 4889 | 4424 3848 | 8974 2430 | 4889 7c24 | 284c 894c 
  0x0000014197e92e1c: 2458 4983 | f900 488d | 4424 5848 | 0f44 4424 | 5848 8944 | 2420 4c89 | 4424 5049 | 83f8 004c 
  0x0000014197e92e3c: 8d4c 2450 | 4c0f 444c | 2450 4889 | 5424 4848 | 83fa 004c | 8d44 2448 | 4c0f 4444 

  0x0000014197e92e58: ;   {oop(a 'java/lang/Class'{0x00000000831e8df8} = 'java/lang/ClassLoader')}
  0x0000014197e92e58: 2448 49be | f88d 1e83 | 0000 0000 | 4c89 7424 | 784c 8d74 | 2478 498b | d6c5 f877 

  0x0000014197e92e74: ;   {internal_word}
  0x0000014197e92e74: 49ba 712e | e997 4101 | 0000 4d89 | 97c8 0200 | 0049 89a7 | c002 0000 

  0x0000014197e92e8c: ;   {external_word}
  0x0000014197e92e8c: 49ba 5d1a | f7f5 ff7f | 0000 4180 | 3a00 0f84 | 4e00 0000 | 5241 5041 

  0x0000014197e92ea4: ;   {metadata({method} {0x00000141a4838da8} 'defineClass1' '(Ljava/lang/ClassLoader;Ljava/lang/String;[BIILjava/security/ProtectionDomain;Ljava/lang/String;)Ljava/lang/Class;' in 'java/lang/ClassLoader')}
  0x0000014197e92ea4: 5148 baa0 | 8d83 a441 | 0100 0049 | 8bcf 4883 | ec20 40f6 | c40f 0f84 | 1900 0000 | 4883 ec08 
  0x0000014197e92ec4: ;   {runtime_call}
  0x0000014197e92ec4: 48b8 f011 | aef5 ff7f | 0000 ffd0 | 4883 c408 | e90c 0000 

  0x0000014197e92ed8: ;   {runtime_call}
  0x0000014197e92ed8: 0048 b8f0 | 11ae f5ff | 7f00 00ff | d048 83c4 | 2041 5941 | 585a 498d | 8fe0 0200 | 0041 c787 
  0x0000014197e92ef8: 7403 0000 | 0400 0000 

  0x0000014197e92f00: ;   {runtime_call}
  0x0000014197e92f00: 48b8 ac16 | f69e f87f | 0000 ffd0 | c5f8 7741 | c787 7403 | 0000 0500 | 0000 f083 | 4424 c000 
  0x0000014197e92f20: 493b af78 | 0300 000f | 870e 0000 | 0041 83bf | 7003 0000 | 000f 842b | 0000 00c5 | f877 4889 
  0x0000014197e92f40: 45f8 498b | cf4c 8be4 | 4883 ec20 | 4883 e4f0 

  0x0000014197e92f50: ;   {runtime_call}
  0x0000014197e92f50: 48b8 a001 | 7bf5 ff7f | 0000 ffd0 | 498b e44d | 33e4 488b | 45f8 41c7 | 8774 0300 | 0008 0000 
  0x0000014197e92f70: 0041 83bf | f003 0000 | 020f 8492 

  0x0000014197e92f7c: ;   {external_word}
  0x0000014197e92f7c: 0200 0049 | ba5d 1af7 | f5ff 7f00 | 0041 803a | 000f 844c | 0000 0048 

  0x0000014197e92f94: ;   {metadata({method} {0x00000141a4838da8} 'defineClass1' '(Ljava/lang/ClassLoader;Ljava/lang/String;[BIILjava/security/ProtectionDomain;Ljava/lang/String;)Ljava/lang/Class;' in 'java/lang/ClassLoader')}
  0x0000014197e92f94: 8945 f848 | baa0 8d83 | a441 0100 | 0049 8bcf | 4883 ec20 | 40f6 c40f | 0f84 1900 | 0000 4883 
  0x0000014197e92fb4: ;   {runtime_call}
  0x0000014197e92fb4: ec08 48b8 | f011 aef5 | ff7f 0000 | ffd0 4883 | c408 e90c 

  0x0000014197e92fc8: ;   {runtime_call}
  0x0000014197e92fc8: 0000 0048 | b8f0 11ae | f5ff 7f00 | 00ff d048 | 83c4 2048 | 8b45 f849 | c787 c002 | 0000 0000 
  0x0000014197e92fe8: 0000 49c7 | 87c8 0200 | 0000 0000 | 00c5 f877 | 4885 c00f | 84ed 0100 | 00a8 010f | 84e2 0100 
  0x0000014197e93008: 0048 8b40 | ff41 807f | 4000 0f84 | ce01 0000 | 4883 f800 | 0f84 c401 | 0000 498b | 4f28 4883 
  0x0000014197e93028: f900 0f84 | 1400 0000 | 4883 e908 | 4989 4f28 | 4903 4f38 | 4889 01e9 | a201 0000 | 4881 ecd0 
  0x0000014197e93048: 0000 0048 | 8904 2448 | 894c 2408 | 4889 5424 | 1048 8974 | 2418 4889 | 7c24 204c | 8944 2428 
  0x0000014197e93068: 4c89 4c24 | 304c 8954 | 2438 4c89 | 5c24 40c5 | fb11 4424 | 50c5 fb11 | 4c24 58c5 | fb11 5424 
  0x0000014197e93088: 60c5 fb11 | 5c24 68c5 | fb11 6424 | 70c5 fb11 | 6c24 78c5 | fb11 b424 | 8000 0000 | c5fb 11bc 
  0x0000014197e930a8: 2488 0000 | 00c5 7b11 | 8424 9000 | 0000 c57b | 118c 2498 | 0000 00c5 | 7b11 9424 | a000 0000 
  0x0000014197e930c8: c57b 119c | 24a8 0000 | 00c5 7b11 | a424 b000 | 0000 c57b | 11ac 24b8 | 0000 00c5 | 7b11 b424 
  0x0000014197e930e8: c000 0000 | c57b 11bc | 24c8 0000 | 0049 8bd7 | 488b c848 | 83ec 2040 | f6c4 0f0f | 8419 0000 
  0x0000014197e93108: 0048 83ec 

  0x0000014197e9310c: ;   {runtime_call}
  0x0000014197e9310c: 0848 b860 | 406e f5ff | 7f00 00ff | d048 83c4 | 08e9 0c00 

  0x0000014197e93120: ;   {runtime_call}
  0x0000014197e93120: 0000 48b8 | 6040 6ef5 | ff7f 0000 | ffd0 4883 | c420 c57b | 10bc 24c8 | 0000 00c5 | 7b10 b424 
  0x0000014197e93140: c000 0000 | c57b 10ac | 24b8 0000 | 00c5 7b10 | a424 b000 | 0000 c57b | 109c 24a8 | 0000 00c5 
  0x0000014197e93160: 7b10 9424 | a000 0000 | c57b 108c | 2498 0000 | 00c5 7b10 | 8424 9000 | 0000 c5fb | 10bc 2488 
  0x0000014197e93180: 0000 00c5 | fb10 b424 | 8000 0000 | c5fb 106c | 2478 c5fb | 1064 2470 | c5fb 105c | 2468 c5fb 
  0x0000014197e931a0: 1054 2460 | c5fb 104c | 2458 c5fb | 1044 2450 | 4c8b 5c24 | 404c 8b54 | 2438 4c8b | 4c24 304c 
  0x0000014197e931c0: 8b44 2428 | 488b 7c24 | 2048 8b74 | 2418 488b | 5424 1048 | 8b4c 2408 | 488b 0424 | 4881 c4d0 
  0x0000014197e931e0: 0000 00c5 | f877 e903 | 0000 0048 | 8b00 498b | 8f50 0300 | 00c7 8100 | 0100 0000 | 0000 00c9 
  0x0000014197e93200: 4983 7f08 | 000f 8501 | 0000 00c3 

  0x0000014197e9320c: ;   {runtime_call StubRoutines (1)}
  0x0000014197e9320c: e9ef dca1 | ffc5 f877 | 4889 45f8 | 4c8b e448 | 83ec 2048 

  0x0000014197e93220: ;   {runtime_call}
  0x0000014197e93220: 83e4 f048 | b830 46ae | f5ff 7f00 | 00ff d049 | 8be4 4d33 | e448 8b45 | f8e9 41fd | ffff f4f4 
[/MachCode]


Compiled method (c1)    1770  997       3       java.lang.ClassLoader::defineClass (43 bytes)
 total in heap  [0x0000014190556190,0x0000014190556ab8] = 2344
 relocation     [0x00000141905562d8,0x0000014190556370] = 152
 main code      [0x0000014190556380,0x0000014190556810] = 1168
 stub code      [0x0000014190556810,0x0000014190556888] = 120
 metadata       [0x0000014190556888,0x00000141905568b8] = 48
 scopes data    [0x00000141905568b8,0x00000141905569a8] = 240
 scopes pcs     [0x00000141905569a8,0x0000014190556a88] = 224
 dependencies   [0x0000014190556a88,0x0000014190556a90] = 8
 nul chk table  [0x0000014190556a90,0x0000014190556ab8] = 40

[Constant Pool (empty)]

[MachCode]
[Entry Point]
  # {method} {0x00000141a48390d0} 'defineClass' '(Ljava/lang/String;[BIILjava/security/ProtectionDomain;)Ljava/lang/Class;' in 'java/lang/ClassLoader'
  # this:     rdx:rdx   = 'java/lang/ClassLoader'
  # parm0:    r8:r8     = 'java/lang/String'
  # parm1:    r9:r9     = '[B'
  # parm2:    rdi       = int
  # parm3:    rsi       = int
  # parm4:    rcx:rcx   = 'java/security/ProtectionDomain'
  #           [sp+0xc0]  (sp of caller)
  0x0000014190556380: 448b 5208 | 49bb 0000 | 40a4 4101 | 0000 4d03 | d34c 3bd0 

  0x0000014190556394: ;   {runtime_call ic_miss_stub}
  0x0000014190556394: 0f85 66da | 3b07 660f | 1f44 0000 
[Verified Entry Point]
  0x00000141905563a0: 8984 2400 | 80ff ff55 | 4881 ecb0 | 0000 0090 | 4181 7f20 | 0100 0000 

  0x00000141905563b8: ;   {runtime_call StubRoutines (2)}
  0x00000141905563b8: 7405 e861 | 393a 0748 | 8954 2478 

  0x00000141905563c4: ;   {metadata(method data for {method} {0x00000141a48390d0} 'defineClass' '(Ljava/lang/String;[BIILjava/security/ProtectionDomain;)Ljava/lang/Class;' in 'java/lang/ClassLoader')}
  0x00000141905563c4: 48bb 4071 | 71e5 4101 | 0000 8b83 | cc00 0000 | 83c0 0289 | 83cc 0000 | 0025 fe07 | 0000 83f8 
  0x00000141905563e4: 000f 8447 | 0300 0089 | b424 9400 | 0000 89bc | 2490 0000 | 004c 898c | 2488 0000 | 0048 8bda 
  0x0000014190556404: ;   {metadata(method data for {method} {0x00000141a48390d0} 'defineClass' '(Ljava/lang/String;[BIILjava/security/ProtectionDomain;)Ljava/lang/Class;' in 'java/lang/ClassLoader')}
  0x0000014190556404: 48b8 4071 | 71e5 4101 | 0000 4883 | 8010 0100 | 0001 498b | d84c 8bc3 | 4c8b c948 | 8bca 488b 
  0x0000014190556424: d148 899c | 2480 0000 

  0x000001419055642c: ;   {optimized virtual_call}
  0x000001419055642c: 0066 90e8 

  0x0000014190556430: ; ImmutableOopMap {[120]=Oop [128]=Oop [136]=Oop }
                      ;*invokevirtual preDefineClass {reexecute=0 rethrow=0 return_oop=0}
                      ; - java.lang.ClassLoader::defineClass@4 (line 1011)
  0x0000014190556430: ac19 fbff | 4889 8424 | 9800 0000 | 488b 5424 

  0x0000014190556440: ;   {metadata(method data for {method} {0x00000141a48390d0} 'defineClass' '(Ljava/lang/String;[BIILjava/security/ProtectionDomain;)Ljava/lang/Class;' in 'java/lang/ClassLoader')}
  0x0000014190556440: 7849 b840 | 7171 e541 | 0100 0049 | 8380 4801 

  0x0000014190556450: ;   {metadata(method data for {method} {0x00000141a4838e10} 'defineClassSourceLocation' '(Ljava/security/ProtectionDomain;)Ljava/lang/String;' in 'java/lang/ClassLoader')}
  0x0000014190556450: 0000 0149 | b808 bd72 | e541 0100 | 0041 8b90 | cc00 0000 | 83c2 0241 | 8990 cc00 | 0000 81e2 
  0x0000014190556470: feff 1f00 | 83fa 000f | 84d6 0200 | 0048 3b00 

  0x0000014190556480: ;   {metadata(method data for {method} {0x00000141a4838e10} 'defineClassSourceLocation' '(Ljava/security/ProtectionDomain;)Ljava/lang/String;' in 'java/lang/ClassLoader')}
  0x0000014190556480: 4c8b c048 | ba08 bd72 | e541 0100 | 0048 8382 | 1001 0000 | 0144 8b40 | 1049 83f8 

  0x000001419055649c: ;   {metadata(method data for {method} {0x00000141a4838e10} 'defineClassSourceLocation' '(Ljava/security/ProtectionDomain;)Ljava/lang/String;' in 'java/lang/ClassLoader')}
  0x000001419055649c: 0048 ba08 | bd72 e541 | 0100 0048 | be58 0100 | 0000 0000 | 000f 850a | 0000 0048 | be48 0100 
  0x00000141905564bc: 0000 0000 | 0048 8b3c | 3248 8d7f | 0148 893c | 320f 850f 

  0x00000141905564d0: ;   {oop(NULL)}
  0x00000141905564d0: 0000 0048 | bb00 0000 | 0000 0000 | 00e9 a501 | 0000 493b | 0049 8bd0 

  0x00000141905564e8: ;   {metadata(method data for {method} {0x00000141a4838e10} 'defineClassSourceLocation' '(Ljava/security/ProtectionDomain;)Ljava/lang/String;' in 'java/lang/ClassLoader')}
  0x00000141905564e8: 48be 08bd | 72e5 4101 | 0000 4883 | 8668 0100 | 0001 418b | 500c 4883 

  0x0000014190556500: ;   {metadata(method data for {method} {0x00000141a4838e10} 'defineClassSourceLocation' '(Ljava/security/ProtectionDomain;)Ljava/lang/String;' in 'java/lang/ClassLoader')}
  0x0000014190556500: fa00 48be | 08bd 72e5 | 4101 0000 | 48bf b001 | 0000 0000 | 0000 0f85 | 0a00 0000 | 48bf a001 
  0x0000014190556520: 0000 0000 | 0000 488b | 1c3e 488d | 5b01 4889 | 1c3e 0f85 | 0f00 0000 

  0x0000014190556538: ;   {oop(NULL)}
  0x0000014190556538: 48bb 0000 | 0000 0000 | 0000 e940 

  0x0000014190556544: ;   {metadata(method data for {method} {0x00000141a4838e10} 'defineClassSourceLocation' '(Ljava/security/ProtectionDomain;)Ljava/lang/String;' in 'java/lang/ClassLoader')}
  0x0000014190556544: 0100 0048 | be08 bd72 | e541 0100 | 0048 8386 | c001 0000 | 0148 3b02 

  0x000001419055655c: ;   {metadata(method data for {method} {0x00000141a4838e10} 'defineClassSourceLocation' '(Ljava/security/ProtectionDomain;)Ljava/lang/String;' in 'java/lang/ClassLoader')}
  0x000001419055655c: 4c8b c248 | be08 bd72 | e541 0100 | 0048 8386 | f801 0000 

  0x0000014190556570: ;   {metadata(method data for {method} {0x00000141a441b3e0} 'toString' '()Ljava/lang/String;' in 'java/net/URL')}
  0x0000014190556570: 0149 b858 | ff56 e541 | 0100 0041 | 8bb0 cc00 | 0000 83c6 | 0241 89b0 | cc00 0000 | 81e6 feff 
  0x0000014190556590: 1f00 83fe | 000f 84e8 | 0100 004c 

  0x000001419055659c: ;   {metadata(method data for {method} {0x00000141a441b3e0} 'toString' '()Ljava/lang/String;' in 'java/net/URL')}
  0x000001419055659c: 8bc2 48be | 58ff 56e5 | 4101 0000 | 4883 8610 | 0100 0001 

  0x00000141905565b0: ;   {metadata(method data for {method} {0x00000141a482c908} 'toExternalForm' '()Ljava/lang/String;' in 'java/net/URL')}
  0x00000141905565b0: 49b8 7032 | 53e5 4101 | 0000 418b | b0cc 0000 | 0083 c602 | 4189 b0cc | 0000 0081 | e6fe ff1f 
  0x00000141905565d0: 0083 fe00 | 0f84 ca01 | 0000 8b72 | 3848 3b06 

  0x00000141905565e0: ;   {metadata(method data for {method} {0x00000141a482c908} 'toExternalForm' '()Ljava/lang/String;' in 'java/net/URL')}
  0x00000141905565e0: 4c8b c648 | bf70 3253 | e541 0100 | 0045 8b40 | 0849 ba00 | 0040 a441 | 0100 004d | 03c2 4c3b 
  0x0000014190556600: 8720 0100 | 0075 0d48 | 8387 2801 | 0000 01e9 | 6000 0000 | 4c3b 8730 | 0100 0075 | 0d48 8387 
  0x0000014190556620: 3801 0000 | 01e9 4a00 | 0000 4883 | bf20 0100 | 0000 7517 | 4c89 8720 | 0100 0048 | c787 2801 
  0x0000014190556640: 0000 0100 | 0000 e929 | 0000 0048 | 83bf 3001 | 0000 0075 | 174c 8987 | 3001 0000 | 48c7 8738 
  0x0000014190556660: 0100 0001 | 0000 00e9 | 0800 0000 | 4883 8710 | 0100 0001 | 4c8b c248 | 8bd6 0f1f 

  0x000001419055667c: ;   {optimized virtual_call}
  0x000001419055667c: 4400 00e8 

  0x0000014190556680: ; ImmutableOopMap {[120]=Oop [128]=Oop [136]=Oop [152]=Oop }
                      ;*invokevirtual toExternalForm {reexecute=0 rethrow=0 return_oop=0}
                      ; - java.net.URL::toExternalForm@5 (line 1195)
                      ; - java.net.URL::toString@1 (line 1181)
                      ; - java.lang.ClassLoader::defineClassSourceLocation@22 (line 913)
                      ; - java.lang.ClassLoader::defineClass@12 (line 1012)
  0x0000014190556680: 5c7b f0ff | 488b d848 | 8b84 2498 | 0000 008b | b424 9400 | 0000 8bbc | 2490 0000 | 004c 8b8c 
  0x00000141905566a0: 2488 0000 | 004c 8b84 | 2480 0000 | 0048 8b54 

  0x00000141905566b0: ;   {metadata(method data for {method} {0x00000141a48390d0} 'defineClass' '(Ljava/lang/String;[BIILjava/security/ProtectionDomain;)Ljava/lang/Class;' in 'java/lang/ClassLoader')}
  0x00000141905566b0: 2478 48b9 | 4071 71e5 | 4101 0000 | 4883 8180 | 0100 0001 | 4c8b da49 | 8bd3 488b | c848 891c 
  0x00000141905566d0: 2466 0f1f 

  0x00000141905566d4: ;   {static_call}
  0x00000141905566d4: 4400 00e8 

  0x00000141905566d8: ; ImmutableOopMap {[120]=Oop [152]=Oop }
                      ;*invokestatic defineClass1 {reexecute=0 rethrow=0 return_oop=0}
                      ; - java.lang.ClassLoader::defineClass@27 (line 1013)
  0x00000141905566d8: e4c6 9307 | 488b 5424 

  0x00000141905566e0: ;   {metadata(method data for {method} {0x00000141a48390d0} 'defineClass' '(Ljava/lang/String;[BIILjava/security/ProtectionDomain;)Ljava/lang/Class;' in 'java/lang/ClassLoader')}
  0x00000141905566e0: 7849 b840 | 7171 e541 | 0100 0049 | 8380 9001 | 0000 014c | 8bc0 4c8b | 8c24 9800 | 0000 488b 
  0x0000014190556700: 5424 7848 | 8984 24a0 | 0000 000f 

  0x000001419055670c: ;   {optimized virtual_call}
  0x000001419055670c: 1f40 00e8 

  0x0000014190556710: ; ImmutableOopMap {[160]=Oop }
                      ;*invokevirtual postDefineClass {reexecute=0 rethrow=0 return_oop=0}
                      ; - java.lang.ClassLoader::defineClass@37 (line 1014)
  0x0000014190556710: ecf5 ffff | 488b 8424 | a000 0000 | 4881 c4b0 | 0000 005d 

  0x0000014190556724: ;   {poll_return}
  0x0000014190556724: 493b a778 | 0300 000f | 8799 0000 

  0x0000014190556730: ;   {metadata({method} {0x00000141a48390d0} 'defineClass' '(Ljava/lang/String;[BIILjava/security/ProtectionDomain;)Ljava/lang/Class;' in 'java/lang/ClassLoader')}
  0x0000014190556730: 00c3 49ba | c890 83a4 | 4101 0000 | 4c89 5424 | 0848 c704 | 24ff ffff 

  0x0000014190556748: ;   {runtime_call counter_overflow Runtime1 stub}
  0x0000014190556748: ffe8 32de 

  0x000001419055674c: ; ImmutableOopMap {rdx=Oop r8=Oop r9=Oop rcx=Oop [120]=Oop }
                      ;*synchronization entry
                      ; - java.lang.ClassLoader::defineClass@-1 (line 1011)
  0x000001419055674c: 4707 e998 

  0x0000014190556750: ;   {metadata({method} {0x00000141a4838e10} 'defineClassSourceLocation' '(Ljava/security/ProtectionDomain;)Ljava/lang/String;' in 'java/lang/ClassLoader')}
  0x0000014190556750: fcff ff49 | ba08 8e83 | a441 0100 | 004c 8954 | 2408 48c7 | 0424 ffff 

  0x0000014190556768: ;   {runtime_call counter_overflow Runtime1 stub}
  0x0000014190556768: ffff e811 

  0x000001419055676c: ; ImmutableOopMap {rax=Oop [120]=Oop [128]=Oop [136]=Oop [152]=Oop }
                      ;*synchronization entry
                      ; - java.lang.ClassLoader::defineClassSourceLocation@-1 (line 910)
                      ; - java.lang.ClassLoader::defineClass@12 (line 1012)
  0x000001419055676c: de47 07e9 | 09fd ffff 

  0x0000014190556774: ;   {runtime_call throw_null_pointer_exception Runtime1 stub}
  0x0000014190556774: e887 8947 

  0x0000014190556778: ; ImmutableOopMap {rax=Oop [120]=Oop [128]=Oop [136]=Oop [152]=Oop }
                      ;*invokevirtual getCodeSource {reexecute=0 rethrow=0 return_oop=0}
                      ; - java.lang.ClassLoader::defineClassSourceLocation@1 (line 910)
                      ; - java.lang.ClassLoader::defineClass@12 (line 1012)
                      ;   {runtime_call throw_null_pointer_exception Runtime1 stub}
  0x0000014190556778: 07e8 8289 

  0x000001419055677c: ; ImmutableOopMap {rax=Oop r8=Oop [120]=Oop [128]=Oop [136]=Oop [152]=Oop }
                      ;*invokevirtual getLocation {reexecute=0 rethrow=0 return_oop=0}
                      ; - java.lang.ClassLoader::defineClassSourceLocation@12 (line 912)
                      ; - java.lang.ClassLoader::defineClass@12 (line 1012)
                      ;   {runtime_call throw_null_pointer_exception Runtime1 stub}
  0x000001419055677c: 4707 e87d 

  0x0000014190556780: ; ImmutableOopMap {rdx=Oop [120]=Oop [128]=Oop [136]=Oop [152]=Oop }
                      ;*invokevirtual toString {reexecute=0 rethrow=0 return_oop=0}
                      ; - java.lang.ClassLoader::defineClassSourceLocation@22 (line 913)
                      ; - java.lang.ClassLoader::defineClass@12 (line 1012)
                      ;   {metadata({method} {0x00000141a441b3e0} 'toString' '()Ljava/lang/String;' in 'java/net/URL')}
  0x0000014190556780: 8947 0749 | bad8 b341 | a441 0100 | 004c 8954 | 2408 48c7 | 0424 ffff 

  0x0000014190556798: ;   {runtime_call counter_overflow Runtime1 stub}
  0x0000014190556798: ffff e8e1 

  0x000001419055679c: ; ImmutableOopMap {rdx=Oop [120]=Oop [128]=Oop [136]=Oop [152]=Oop }
                      ;*synchronization entry
                      ; - java.net.URL::toString@-1 (line 1181)
                      ; - java.lang.ClassLoader::defineClassSourceLocation@22 (line 913)
                      ; - java.lang.ClassLoader::defineClass@12 (line 1012)
  0x000001419055679c: dd47 07e9 | f7fd ffff 

  0x00000141905567a4: ;   {metadata({method} {0x00000141a482c908} 'toExternalForm' '()Ljava/lang/String;' in 'java/net/URL')}
  0x00000141905567a4: 49ba 00c9 | 82a4 4101 | 0000 4c89 | 5424 0848 | c704 24ff 

  0x00000141905567b8: ;   {runtime_call counter_overflow Runtime1 stub}
  0x00000141905567b8: ffff ffe8 

  0x00000141905567bc: ; ImmutableOopMap {rdx=Oop [120]=Oop [128]=Oop [136]=Oop [152]=Oop }
                      ;*synchronization entry
                      ; - java.net.URL::toExternalForm@-1 (line 1195)
                      ; - java.net.URL::toString@1 (line 1181)
                      ; - java.lang.ClassLoader::defineClassSourceLocation@22 (line 913)
                      ; - java.lang.ClassLoader::defineClass@12 (line 1012)
  0x00000141905567bc: c0dd 4707 | e915 feff 

  0x00000141905567c4: ;   {runtime_call throw_null_pointer_exception Runtime1 stub}
  0x00000141905567c4: ffe8 3689 

  0x00000141905567c8: ; ImmutableOopMap {rdx=Oop rsi=Oop [120]=Oop [128]=Oop [136]=Oop [152]=Oop }
                      ;*invokevirtual toExternalForm {reexecute=0 rethrow=0 return_oop=0}
                      ; - java.net.URL::toExternalForm@5 (line 1195)
                      ; - java.net.URL::toString@1 (line 1181)
                      ; - java.lang.ClassLoader::defineClassSourceLocation@22 (line 913)
                      ; - java.lang.ClassLoader::defineClass@12 (line 1012)
                      ;   {internal_word}
  0x00000141905567c8: 4707 49ba | 2467 5590 | 4101 0000 | 4d89 9790 

  0x00000141905567d8: ;   {runtime_call SafepointBlob}
  0x00000141905567d8: 0300 00e9 | a045 3c07 | 498b 8728 | 0400 0049 | c787 2804 | 0000 0000 | 0000 49c7 | 8730 0400 
  0x00000141905567f8: 0000 0000 | 0048 81c4 | b000 0000 

  0x0000014190556804: ;   {runtime_call unwind_exception Runtime1 stub}
  0x0000014190556804: 5de9 f679 | 4707 f4f4 | f4f4 f4f4 
[Stub Code]
  0x0000014190556810: ;   {no_reloc}
  0x0000014190556810: 0f1f 4400 

  0x0000014190556814: ;   {static_stub}
  0x0000014190556814: 0048 bb00 | 0000 0000 

  0x000001419055681c: ;   {runtime_call}
  0x000001419055681c: 0000 00e9 | fbff ffff 
[Exception Handler]
  0x0000014190556824: ;   {runtime_call handle_exception_from_callee Runtime1 stub}
  0x0000014190556824: e857 aa47 

  0x0000014190556828: ;   {external_word}
  0x0000014190556828: 0748 b9b0 | 33d1 f5ff | 7f00 0048 

  0x0000014190556834: ;   {runtime_call}
  0x0000014190556834: 83e4 f048 | b860 1d9d | f5ff 7f00 | 00ff d0f4 
[Deopt Handler Code]
  0x0000014190556844: ;   {section_word}
  0x0000014190556844: 49ba 4468 | 5590 4101 | 0000 4152 

  0x0000014190556850: ;   {runtime_call DeoptimizationBlob}
  0x0000014190556850: e9cb 373c 

  0x0000014190556854: ;   {static_stub}
  0x0000014190556854: 0748 bb00 | 0000 0000 

  0x000001419055685c: ;   {runtime_call}
  0x000001419055685c: 0000 00e9 | fbff ffff 

  0x0000014190556864: ;   {static_stub}
  0x0000014190556864: 48bb 0000 | 0000 0000 

  0x000001419055686c: ;   {runtime_call}
  0x000001419055686c: 0000 e9fb 

  0x0000014190556870: ;   {static_stub}
  0x0000014190556870: ffff ff48 | bb00 0000 | 0000 0000 

  0x000001419055687c: ;   {runtime_call}
  0x000001419055687c: 00e9 fbff | ffff f4f4 | f4f4 f4f4 
[/MachCode]


Compiled method (c1)    1781  916       3       java.security.SecureClassLoader::defineClass (16 bytes)
 total in heap  [0x000001419050ee10,0x000001419050f1e0] = 976
 relocation     [0x000001419050ef58,0x000001419050efa0] = 72
 main code      [0x000001419050efa0,0x000001419050f0e8] = 328
 stub code      [0x000001419050f0e8,0x000001419050f138] = 80
 metadata       [0x000001419050f138,0x000001419050f140] = 8
 scopes data    [0x000001419050f140,0x000001419050f188] = 72
 scopes pcs     [0x000001419050f188,0x000001419050f1d8] = 80
 dependencies   [0x000001419050f1d8,0x000001419050f1e0] = 8

[Constant Pool (empty)]

[MachCode]
[Entry Point]
  # {method} {0x00000141a444dc48} 'defineClass' '(Ljava/lang/String;[BIILjava/security/CodeSource;)Ljava/lang/Class;' in 'java/security/SecureClassLoader'
  # this:     rdx:rdx   = 'java/security/SecureClassLoader'
  # parm0:    r8:r8     = 'java/lang/String'
  # parm1:    r9:r9     = '[B'
  # parm2:    rdi       = int
  # parm3:    rsi       = int
  # parm4:    rcx:rcx   = 'java/security/CodeSource'
  #           [sp+0x80]  (sp of caller)
  0x000001419050efa0: 448b 5208 | 49bb 0000 | 40a4 4101 | 0000 4d03 | d34c 3bd0 

  0x000001419050efb4: ;   {runtime_call ic_miss_stub}
  0x000001419050efb4: 0f85 464e | 4007 660f | 1f44 0000 
[Verified Entry Point]
  0x000001419050efc0: 8984 2400 | 80ff ff55 | 4883 ec70 | 4181 7f20 | 0100 0000 

  0x000001419050efd4: ;   {runtime_call StubRoutines (2)}
  0x000001419050efd4: 7405 e845 

  0x000001419050efd8: ;   {metadata(method data for {method} {0x00000141a444dc48} 'defineClass' '(Ljava/lang/String;[BIILjava/security/CodeSource;)Ljava/lang/Class;' in 'java/security/SecureClassLoader')}
  0x000001419050efd8: ad3e 0748 | bb58 6f71 | e541 0100 | 008b 83cc | 0000 0083 | c002 8983 | cc00 0000 | 25fe 0700 
  0x000001419050eff8: 0083 f800 | 0f84 8500 | 0000 8974 | 245c 897c | 2458 4c89 | 4c24 504c | 8944 2448 

  0x000001419050f014: ;   {metadata(method data for {method} {0x00000141a444dc48} 'defineClass' '(Ljava/lang/String;[BIILjava/security/CodeSource;)Ljava/lang/Class;' in 'java/security/SecureClassLoader')}
  0x000001419050f014: 488b da48 | b858 6f71 | e541 0100 | 0048 8380 | 1001 0000 | 014c 8bc1 | 488b c248 | 8bd0 4889 
  0x000001419050f034: ;   {optimized virtual_call}
  0x000001419050f034: 4424 40e8 

  0x000001419050f038: ; ImmutableOopMap {[64]=Oop [72]=Oop [80]=Oop }
                      ;*invokevirtual getProtectionDomain {reexecute=0 rethrow=0 return_oop=0}
                      ; - java.security.SecureClassLoader::defineClass@9 (line 150)
  0x000001419050f038: 645c ffff | 488b 5424 

  0x000001419050f040: ;   {metadata(method data for {method} {0x00000141a444dc48} 'defineClass' '(Ljava/lang/String;[BIILjava/security/CodeSource;)Ljava/lang/Class;' in 'java/security/SecureClassLoader')}
  0x000001419050f040: 4049 b858 | 6f71 e541 | 0100 0049 | 8380 4801 | 0000 014c | 8b44 2448 | 4c8b 4c24 | 508b 7c24 
  0x000001419050f060: 588b 7424 | 5c48 8bc8 | 488b 5424 

  0x000001419050f06c: ;   {optimized virtual_call}
  0x000001419050f06c: 4066 90e8 

  0x000001419050f070: ; ImmutableOopMap {}
                      ;*invokevirtual defineClass {reexecute=0 rethrow=0 return_oop=0}
                      ; - java.security.SecureClassLoader::defineClass@12 (line 150)
  0x000001419050f070: 2c73 0400 | 4883 c470 

  0x000001419050f078: ;   {poll_return}
  0x000001419050f078: 5d49 3ba7 | 7803 0000 | 0f87 2200 

  0x000001419050f084: ;   {metadata({method} {0x00000141a444dc48} 'defineClass' '(Ljava/lang/String;[BIILjava/security/CodeSource;)Ljava/lang/Class;' in 'java/security/SecureClassLoader')}
  0x000001419050f084: 0000 c349 | ba40 dc44 | a441 0100 | 004c 8954 | 2408 48c7 | 0424 ffff 

  0x000001419050f09c: ;   {runtime_call counter_overflow Runtime1 stub}
  0x000001419050f09c: ffff e8dd 

  0x000001419050f0a0: ; ImmutableOopMap {rdx=Oop r8=Oop r9=Oop rcx=Oop }
                      ;*synchronization entry
                      ; - java.security.SecureClassLoader::defineClass@-1 (line 150)
  0x000001419050f0a0: 544c 07e9 | 5aff ffff 

  0x000001419050f0a8: ;   {internal_word}
  0x000001419050f0a8: 49ba 79f0 | 5090 4101 | 0000 4d89 | 9790 0300 

  0x000001419050f0b8: ;   {runtime_call SafepointBlob}
  0x000001419050f0b8: 00e9 c2bc | 4007 498b | 8728 0400 | 0049 c787 | 2804 0000 | 0000 0000 | 49c7 8730 | 0400 0000 
  0x000001419050f0d8: 0000 0048 | 83c4 705d 

  0x000001419050f0e0: ;   {runtime_call unwind_exception Runtime1 stub}
  0x000001419050f0e0: e91b f14b | 07f4 f4f4 
[Exception Handler]
  0x000001419050f0e8: ;   {no_reloc}
  0x000001419050f0e8: e893 214c 

  0x000001419050f0ec: ;   {external_word}
  0x000001419050f0ec: 0748 b9b0 | 33d1 f5ff | 7f00 0048 

  0x000001419050f0f8: ;   {runtime_call}
  0x000001419050f0f8: 83e4 f048 | b860 1d9d | f5ff 7f00 | 00ff d0f4 
[Deopt Handler Code]
  0x000001419050f108: ;   {section_word}
  0x000001419050f108: 49ba 08f1 | 5090 4101 | 0000 4152 

  0x000001419050f114: ;   {runtime_call DeoptimizationBlob}
  0x000001419050f114: e907 af40 

  0x000001419050f118: ;   {static_stub}
  0x000001419050f118: 0748 bb00 | 0000 0000 

  0x000001419050f120: ;   {runtime_call}
  0x000001419050f120: 0000 00e9 | fbff ffff 

  0x000001419050f128: ;   {static_stub}
  0x000001419050f128: 48bb c890 | 83a4 4101 

  0x000001419050f130: ;   {runtime_call I2C/C2I adapters}
  0x000001419050f130: 0000 e9ae | 773f 07f4 
[/MachCode]


---------------  P R O C E S S  ---------------

Threads class SMR info:
_java_thread_list=0x00000141ea55a200, length=11, elements={
0x00000141882b0d60, 0x00000141a4367f80, 0x00000141a4368d80, 0x00000141a436c530,
0x00000141a436e080, 0x00000141a4370d10, 0x00000141a4371e70, 0x00000141a4374040,
0x00000141a43749c0, 0x00000141e95f0f40, 0x00000141e9600d10
}

Java Threads: ( => current thread )
=>0x00000141882b0d60 JavaThread "main" [_thread_in_vm, id=15692, stack(0x0000003f8f900000,0x0000003f8fa00000)]
  0x00000141a4367f80 JavaThread "Reference Handler" daemon [_thread_blocked, id=16008, stack(0x0000003f90100000,0x0000003f90200000)]
  0x00000141a4368d80 JavaThread "Finalizer" daemon [_thread_blocked, id=12472, stack(0x0000003f90200000,0x0000003f90300000)]
  0x00000141a436c530 JavaThread "Signal Dispatcher" daemon [_thread_blocked, id=15824, stack(0x0000003f90300000,0x0000003f90400000)]
  0x00000141a436e080 JavaThread "Attach Listener" daemon [_thread_blocked, id=16028, stack(0x0000003f90400000,0x0000003f90500000)]
  0x00000141a4370d10 JavaThread "Service Thread" daemon [_thread_blocked, id=14036, stack(0x0000003f90500000,0x0000003f90600000)]
  0x00000141a4371e70 JavaThread "Monitor Deflation Thread" daemon [_thread_blocked, id=8460, stack(0x0000003f90600000,0x0000003f90700000)]
  0x00000141a4374040 JavaThread "C2 CompilerThread0" daemon [_thread_blocked, id=1420, stack(0x0000003f90700000,0x0000003f90800000)]
  0x00000141a43749c0 JavaThread "C1 CompilerThread0" daemon [_thread_blocked, id=15816, stack(0x0000003f90800000,0x0000003f90900000)]
  0x00000141e95f0f40 JavaThread "Notification Thread" daemon [_thread_blocked, id=11796, stack(0x0000003f90900000,0x0000003f90a00000)]
  0x00000141e9600d10 JavaThread "Common-Cleaner" daemon [_thread_blocked, id=7940, stack(0x0000003f90b00000,0x0000003f90c00000)]

Other Threads:
  0x00000141a4349700 VMThread "VM Thread" [stack: 0x0000003f8ff00000,0x0000003f90000000] [id=9184]
  0x00000141e9585790 WatcherThread "VM Periodic Task Thread" [stack: 0x0000003f90a00000,0x0000003f90b00000] [id=9400]
  0x000001418830f8c0 WorkerThread "GC Thread#0" [stack: 0x0000003f8fa00000,0x0000003f8fb00000] [id=16944]
  0x00000141e9b10ed0 WorkerThread "GC Thread#1" [stack: 0x0000003f90c00000,0x0000003f90d00000] [id=6500]
  0x00000141e9b111a0 WorkerThread "GC Thread#2" [stack: 0x0000003f90d00000,0x0000003f90e00000] [id=17592]
  0x00000141e9b115f0 WorkerThread "GC Thread#3" [stack: 0x0000003f90e00000,0x0000003f90f00000] [id=16304]
  0x0000014188320b90 ConcurrentGCThread "G1 Main Marker" [stack: 0x0000003f8fb00000,0x0000003f8fc00000] [id=15180]
  0x00000141883215c0 WorkerThread "G1 Conc#0" [stack: 0x0000003f8fc00000,0x0000003f8fd00000] [id=19200]
  0x000001418836e2f0 ConcurrentGCThread "G1 Refine#0" [stack: 0x0000003f8fd00000,0x0000003f8fe00000] [id=2732]
  0x00000141a42040e0 ConcurrentGCThread "G1 Service" [stack: 0x0000003f8fe00000,0x0000003f8ff00000] [id=8112]

Threads with active compile tasks:

VM state: not at safepoint (normal execution)

VM Mutex/Monitor currently owned by a thread:  ([mutex/lock_event])
[0x000001418618d700] Metaspace_lock - owner thread: 0x00000141882b0d60

Heap address: 0x0000000083000000, size: 2000 MB, Compressed Oops mode: 32-bit

CDS archive(s) mapped at: [0x00000141a4400000-0x00000141a5060000-0x00000141a5060000), size 12976128, SharedBaseAddress: 0x00000141a4400000, ArchiveRelocationMode: 1.
Compressed class space mapped at: 0x00000141a5400000-0x00000141e5400000, reserved size: 1073741824
Narrow klass base: 0x00000141a4400000, Narrow klass shift: 0, Narrow klass range: 0x100000000

GC Precious Log:
 CardTable entry size: 512
 Card Set container configuration: InlinePtr #cards 5 size 8 Array Of Cards #cards 12 size 40 Howl #buckets 4 coarsen threshold 1843 Howl Bitmap #cards 512 size 80 coarsen threshold 460 Card regions per heap region 1 cards per card region 2048
 CPUs: 4 total, 4 available
 Memory: 7996M
 Large Page Support: Disabled
 NUMA Support: Disabled
 Compressed Oops: Enabled (32-bit)
 Heap Region Size: 1M
 Heap Min Capacity: 8M
 Heap Initial Capacity: 126M
 Heap Max Capacity: 2000M
 Pre-touch: Disabled
 Parallel Workers: 4
 Concurrent Workers: 1
 Concurrent Refinement Workers: 4
 Periodic GC: Disabled

Heap:
 garbage-first heap   total 129024K, used 18471K [0x0000000083000000, 0x0000000100000000)
  region size 1024K, 16 young (16384K), 3 survivors (3072K)
 Metaspace       used 14474K, committed 14656K, reserved 1114112K
  class space    used 1708K, committed 1792K, reserved 1048576K

Heap Regions: E=young(eden), S=young(survivor), O=old, HS=humongous(starts), HC=humongous(continues), CS=collection set, F=free, OA=open archive, CA=closed archive, TAMS=top-at-mark-start, PB=parsable bottom
|   0|0x0000000083000000, 0x0000000083100000, 0x0000000083100000|100%| O|  |TAMS 0x0000000083000000| PB 0x0000000083000000| Untracked 
|   1|0x0000000083100000, 0x0000000083200000, 0x0000000083200000|100%| O|  |TAMS 0x0000000083100000| PB 0x0000000083100000| Untracked 
|   2|0x0000000083200000, 0x0000000083300000, 0x0000000083300000|100%| O|  |TAMS 0x0000000083200000| PB 0x0000000083200000| Untracked 
|   3|0x0000000083300000, 0x00000000833d3400, 0x0000000083400000| 82%| O|  |TAMS 0x0000000083300000| PB 0x0000000083300000| Untracked 
|   4|0x0000000083400000, 0x0000000083400000, 0x0000000083500000|  0%| F|  |TAMS 0x0000000083400000| PB 0x0000000083400000| Untracked 
|   5|0x0000000083500000, 0x0000000083500000, 0x0000000083600000|  0%| F|  |TAMS 0x0000000083500000| PB 0x0000000083500000| Untracked 
|   6|0x0000000083600000, 0x0000000083600000, 0x0000000083700000|  0%| F|  |TAMS 0x0000000083600000| PB 0x0000000083600000| Untracked 
|   7|0x0000000083700000, 0x0000000083700000, 0x0000000083800000|  0%| F|  |TAMS 0x0000000083700000| PB 0x0000000083700000| Untracked 
|   8|0x0000000083800000, 0x0000000083800000, 0x0000000083900000|  0%| F|  |TAMS 0x0000000083800000| PB 0x0000000083800000| Untracked 
|   9|0x0000000083900000, 0x0000000083900000, 0x0000000083a00000|  0%| F|  |TAMS 0x0000000083900000| PB 0x0000000083900000| Untracked 
|  10|0x0000000083a00000, 0x0000000083a00000, 0x0000000083b00000|  0%| F|  |TAMS 0x0000000083a00000| PB 0x0000000083a00000| Untracked 
|  11|0x0000000083b00000, 0x0000000083b00000, 0x0000000083c00000|  0%| F|  |TAMS 0x0000000083b00000| PB 0x0000000083b00000| Untracked 
|  12|0x0000000083c00000, 0x0000000083c00000, 0x0000000083d00000|  0%| F|  |TAMS 0x0000000083c00000| PB 0x0000000083c00000| Untracked 
|  13|0x0000000083d00000, 0x0000000083d00000, 0x0000000083e00000|  0%| F|  |TAMS 0x0000000083d00000| PB 0x0000000083d00000| Untracked 
|  14|0x0000000083e00000, 0x0000000083e00000, 0x0000000083f00000|  0%| F|  |TAMS 0x0000000083e00000| PB 0x0000000083e00000| Untracked 
|  15|0x0000000083f00000, 0x0000000083f00000, 0x0000000084000000|  0%| F|  |TAMS 0x0000000083f00000| PB 0x0000000083f00000| Untracked 
|  16|0x0000000084000000, 0x0000000084000000, 0x0000000084100000|  0%| F|  |TAMS 0x0000000084000000| PB 0x0000000084000000| Untracked 
|  17|0x0000000084100000, 0x0000000084100000, 0x0000000084200000|  0%| F|  |TAMS 0x0000000084100000| PB 0x0000000084100000| Untracked 
|  18|0x0000000084200000, 0x0000000084200000, 0x0000000084300000|  0%| F|  |TAMS 0x0000000084200000| PB 0x0000000084200000| Untracked 
|  19|0x0000000084300000, 0x0000000084300000, 0x0000000084400000|  0%| F|  |TAMS 0x0000000084300000| PB 0x0000000084300000| Untracked 
|  20|0x0000000084400000, 0x0000000084400000, 0x0000000084500000|  0%| F|  |TAMS 0x0000000084400000| PB 0x0000000084400000| Untracked 
|  21|0x0000000084500000, 0x0000000084500000, 0x0000000084600000|  0%| F|  |TAMS 0x0000000084500000| PB 0x0000000084500000| Untracked 
|  22|0x0000000084600000, 0x0000000084600000, 0x0000000084700000|  0%| F|  |TAMS 0x0000000084600000| PB 0x0000000084600000| Untracked 
|  23|0x0000000084700000, 0x0000000084700000, 0x0000000084800000|  0%| F|  |TAMS 0x0000000084700000| PB 0x0000000084700000| Untracked 
|  24|0x0000000084800000, 0x0000000084800000, 0x0000000084900000|  0%| F|  |TAMS 0x0000000084800000| PB 0x0000000084800000| Untracked 
|  25|0x0000000084900000, 0x0000000084900000, 0x0000000084a00000|  0%| F|  |TAMS 0x0000000084900000| PB 0x0000000084900000| Untracked 
|  26|0x0000000084a00000, 0x0000000084a00000, 0x0000000084b00000|  0%| F|  |TAMS 0x0000000084a00000| PB 0x0000000084a00000| Untracked 
|  27|0x0000000084b00000, 0x0000000084b00000, 0x0000000084c00000|  0%| F|  |TAMS 0x0000000084b00000| PB 0x0000000084b00000| Untracked 
|  28|0x0000000084c00000, 0x0000000084c00000, 0x0000000084d00000|  0%| F|  |TAMS 0x0000000084c00000| PB 0x0000000084c00000| Untracked 
|  29|0x0000000084d00000, 0x0000000084d00000, 0x0000000084e00000|  0%| F|  |TAMS 0x0000000084d00000| PB 0x0000000084d00000| Untracked 
|  30|0x0000000084e00000, 0x0000000084e00000, 0x0000000084f00000|  0%| F|  |TAMS 0x0000000084e00000| PB 0x0000000084e00000| Untracked 
|  31|0x0000000084f00000, 0x0000000084f00000, 0x0000000085000000|  0%| F|  |TAMS 0x0000000084f00000| PB 0x0000000084f00000| Untracked 
|  32|0x0000000085000000, 0x0000000085000000, 0x0000000085100000|  0%| F|  |TAMS 0x0000000085000000| PB 0x0000000085000000| Untracked 
|  33|0x0000000085100000, 0x0000000085100000, 0x0000000085200000|  0%| F|  |TAMS 0x0000000085100000| PB 0x0000000085100000| Untracked 
|  34|0x0000000085200000, 0x0000000085200000, 0x0000000085300000|  0%| F|  |TAMS 0x0000000085200000| PB 0x0000000085200000| Untracked 
|  35|0x0000000085300000, 0x0000000085300000, 0x0000000085400000|  0%| F|  |TAMS 0x0000000085300000| PB 0x0000000085300000| Untracked 
|  36|0x0000000085400000, 0x0000000085400000, 0x0000000085500000|  0%| F|  |TAMS 0x0000000085400000| PB 0x0000000085400000| Untracked 
|  37|0x0000000085500000, 0x0000000085500000, 0x0000000085600000|  0%| F|  |TAMS 0x0000000085500000| PB 0x0000000085500000| Untracked 
|  38|0x0000000085600000, 0x0000000085600000, 0x0000000085700000|  0%| F|  |TAMS 0x0000000085600000| PB 0x0000000085600000| Untracked 
|  39|0x0000000085700000, 0x0000000085700000, 0x0000000085800000|  0%| F|  |TAMS 0x0000000085700000| PB 0x0000000085700000| Untracked 
|  40|0x0000000085800000, 0x0000000085800000, 0x0000000085900000|  0%| F|  |TAMS 0x0000000085800000| PB 0x0000000085800000| Untracked 
|  41|0x0000000085900000, 0x0000000085900000, 0x0000000085a00000|  0%| F|  |TAMS 0x0000000085900000| PB 0x0000000085900000| Untracked 
|  42|0x0000000085a00000, 0x0000000085a00000, 0x0000000085b00000|  0%| F|  |TAMS 0x0000000085a00000| PB 0x0000000085a00000| Untracked 
|  43|0x0000000085b00000, 0x0000000085b00000, 0x0000000085c00000|  0%| F|  |TAMS 0x0000000085b00000| PB 0x0000000085b00000| Untracked 
|  44|0x0000000085c00000, 0x0000000085c00000, 0x0000000085d00000|  0%| F|  |TAMS 0x0000000085c00000| PB 0x0000000085c00000| Untracked 
|  45|0x0000000085d00000, 0x0000000085d00000, 0x0000000085e00000|  0%| F|  |TAMS 0x0000000085d00000| PB 0x0000000085d00000| Untracked 
|  46|0x0000000085e00000, 0x0000000085e00000, 0x0000000085f00000|  0%| F|  |TAMS 0x0000000085e00000| PB 0x0000000085e00000| Untracked 
|  47|0x0000000085f00000, 0x0000000085f00000, 0x0000000086000000|  0%| F|  |TAMS 0x0000000085f00000| PB 0x0000000085f00000| Untracked 
|  48|0x0000000086000000, 0x0000000086000000, 0x0000000086100000|  0%| F|  |TAMS 0x0000000086000000| PB 0x0000000086000000| Untracked 
|  49|0x0000000086100000, 0x0000000086100000, 0x0000000086200000|  0%| F|  |TAMS 0x0000000086100000| PB 0x0000000086100000| Untracked 
|  50|0x0000000086200000, 0x0000000086200000, 0x0000000086300000|  0%| F|  |TAMS 0x0000000086200000| PB 0x0000000086200000| Untracked 
|  51|0x0000000086300000, 0x0000000086300000, 0x0000000086400000|  0%| F|  |TAMS 0x0000000086300000| PB 0x0000000086300000| Untracked 
|  52|0x0000000086400000, 0x0000000086400000, 0x0000000086500000|  0%| F|  |TAMS 0x0000000086400000| PB 0x0000000086400000| Untracked 
|  53|0x0000000086500000, 0x0000000086500000, 0x0000000086600000|  0%| F|  |TAMS 0x0000000086500000| PB 0x0000000086500000| Untracked 
|  54|0x0000000086600000, 0x0000000086600000, 0x0000000086700000|  0%| F|  |TAMS 0x0000000086600000| PB 0x0000000086600000| Untracked 
|  55|0x0000000086700000, 0x0000000086700000, 0x0000000086800000|  0%| F|  |TAMS 0x0000000086700000| PB 0x0000000086700000| Untracked 
|  56|0x0000000086800000, 0x0000000086800000, 0x0000000086900000|  0%| F|  |TAMS 0x0000000086800000| PB 0x0000000086800000| Untracked 
|  57|0x0000000086900000, 0x0000000086900000, 0x0000000086a00000|  0%| F|  |TAMS 0x0000000086900000| PB 0x0000000086900000| Untracked 
|  58|0x0000000086a00000, 0x0000000086a00000, 0x0000000086b00000|  0%| F|  |TAMS 0x0000000086a00000| PB 0x0000000086a00000| Untracked 
|  59|0x0000000086b00000, 0x0000000086b00000, 0x0000000086c00000|  0%| F|  |TAMS 0x0000000086b00000| PB 0x0000000086b00000| Untracked 
|  60|0x0000000086c00000, 0x0000000086c00000, 0x0000000086d00000|  0%| F|  |TAMS 0x0000000086c00000| PB 0x0000000086c00000| Untracked 
|  61|0x0000000086d00000, 0x0000000086d00000, 0x0000000086e00000|  0%| F|  |TAMS 0x0000000086d00000| PB 0x0000000086d00000| Untracked 
|  62|0x0000000086e00000, 0x0000000086e00000, 0x0000000086f00000|  0%| F|  |TAMS 0x0000000086e00000| PB 0x0000000086e00000| Untracked 
|  63|0x0000000086f00000, 0x0000000086f00000, 0x0000000087000000|  0%| F|  |TAMS 0x0000000086f00000| PB 0x0000000086f00000| Untracked 
|  64|0x0000000087000000, 0x0000000087000000, 0x0000000087100000|  0%| F|  |TAMS 0x0000000087000000| PB 0x0000000087000000| Untracked 
|  65|0x0000000087100000, 0x0000000087100000, 0x0000000087200000|  0%| F|  |TAMS 0x0000000087100000| PB 0x0000000087100000| Untracked 
|  66|0x0000000087200000, 0x0000000087200000, 0x0000000087300000|  0%| F|  |TAMS 0x0000000087200000| PB 0x0000000087200000| Untracked 
|  67|0x0000000087300000, 0x0000000087300000, 0x0000000087400000|  0%| F|  |TAMS 0x0000000087300000| PB 0x0000000087300000| Untracked 
|  68|0x0000000087400000, 0x0000000087400000, 0x0000000087500000|  0%| F|  |TAMS 0x0000000087400000| PB 0x0000000087400000| Untracked 
|  69|0x0000000087500000, 0x0000000087500000, 0x0000000087600000|  0%| F|  |TAMS 0x0000000087500000| PB 0x0000000087500000| Untracked 
|  70|0x0000000087600000, 0x0000000087600000, 0x0000000087700000|  0%| F|  |TAMS 0x0000000087600000| PB 0x0000000087600000| Untracked 
|  71|0x0000000087700000, 0x0000000087700000, 0x0000000087800000|  0%| F|  |TAMS 0x0000000087700000| PB 0x0000000087700000| Untracked 
|  72|0x0000000087800000, 0x0000000087800000, 0x0000000087900000|  0%| F|  |TAMS 0x0000000087800000| PB 0x0000000087800000| Untracked 
|  73|0x0000000087900000, 0x0000000087900000, 0x0000000087a00000|  0%| F|  |TAMS 0x0000000087900000| PB 0x0000000087900000| Untracked 
|  74|0x0000000087a00000, 0x0000000087a00000, 0x0000000087b00000|  0%| F|  |TAMS 0x0000000087a00000| PB 0x0000000087a00000| Untracked 
|  75|0x0000000087b00000, 0x0000000087b00000, 0x0000000087c00000|  0%| F|  |TAMS 0x0000000087b00000| PB 0x0000000087b00000| Untracked 
|  76|0x0000000087c00000, 0x0000000087c00000, 0x0000000087d00000|  0%| F|  |TAMS 0x0000000087c00000| PB 0x0000000087c00000| Untracked 
|  77|0x0000000087d00000, 0x0000000087d00000, 0x0000000087e00000|  0%| F|  |TAMS 0x0000000087d00000| PB 0x0000000087d00000| Untracked 
|  78|0x0000000087e00000, 0x0000000087e00000, 0x0000000087f00000|  0%| F|  |TAMS 0x0000000087e00000| PB 0x0000000087e00000| Untracked 
|  79|0x0000000087f00000, 0x0000000087f00000, 0x0000000088000000|  0%| F|  |TAMS 0x0000000087f00000| PB 0x0000000087f00000| Untracked 
|  80|0x0000000088000000, 0x0000000088000000, 0x0000000088100000|  0%| F|  |TAMS 0x0000000088000000| PB 0x0000000088000000| Untracked 
|  81|0x0000000088100000, 0x0000000088100000, 0x0000000088200000|  0%| F|  |TAMS 0x0000000088100000| PB 0x0000000088100000| Untracked 
|  82|0x0000000088200000, 0x0000000088200000, 0x0000000088300000|  0%| F|  |TAMS 0x0000000088200000| PB 0x0000000088200000| Untracked 
|  83|0x0000000088300000, 0x0000000088300000, 0x0000000088400000|  0%| F|  |TAMS 0x0000000088300000| PB 0x0000000088300000| Untracked 
|  84|0x0000000088400000, 0x0000000088400000, 0x0000000088500000|  0%| F|  |TAMS 0x0000000088400000| PB 0x0000000088400000| Untracked 
|  85|0x0000000088500000, 0x0000000088500000, 0x0000000088600000|  0%| F|  |TAMS 0x0000000088500000| PB 0x0000000088500000| Untracked 
|  86|0x0000000088600000, 0x0000000088600000, 0x0000000088700000|  0%| F|  |TAMS 0x0000000088600000| PB 0x0000000088600000| Untracked 
|  87|0x0000000088700000, 0x0000000088700000, 0x0000000088800000|  0%| F|  |TAMS 0x0000000088700000| PB 0x0000000088700000| Untracked 
|  88|0x0000000088800000, 0x0000000088800000, 0x0000000088900000|  0%| F|  |TAMS 0x0000000088800000| PB 0x0000000088800000| Untracked 
|  89|0x0000000088900000, 0x0000000088900000, 0x0000000088a00000|  0%| F|  |TAMS 0x0000000088900000| PB 0x0000000088900000| Untracked 
|  90|0x0000000088a00000, 0x0000000088a00000, 0x0000000088b00000|  0%| F|  |TAMS 0x0000000088a00000| PB 0x0000000088a00000| Untracked 
|  91|0x0000000088b00000, 0x0000000088b00000, 0x0000000088c00000|  0%| F|  |TAMS 0x0000000088b00000| PB 0x0000000088b00000| Untracked 
|  92|0x0000000088c00000, 0x0000000088c36a00, 0x0000000088d00000| 21%| S|CS|TAMS 0x0000000088c00000| PB 0x0000000088c00000| Complete 
|  93|0x0000000088d00000, 0x0000000088e00000, 0x0000000088e00000|100%| S|CS|TAMS 0x0000000088d00000| PB 0x0000000088d00000| Complete 
|  94|0x0000000088e00000, 0x0000000088f00000, 0x0000000088f00000|100%| S|CS|TAMS 0x0000000088e00000| PB 0x0000000088e00000| Complete 
|  95|0x0000000088f00000, 0x0000000088f00000, 0x0000000089000000|  0%| F|  |TAMS 0x0000000088f00000| PB 0x0000000088f00000| Untracked 
|  96|0x0000000089000000, 0x0000000089000000, 0x0000000089100000|  0%| F|  |TAMS 0x0000000089000000| PB 0x0000000089000000| Untracked 
|  97|0x0000000089100000, 0x0000000089100000, 0x0000000089200000|  0%| F|  |TAMS 0x0000000089100000| PB 0x0000000089100000| Untracked 
|  98|0x0000000089200000, 0x0000000089200000, 0x0000000089300000|  0%| F|  |TAMS 0x0000000089200000| PB 0x0000000089200000| Untracked 
|  99|0x0000000089300000, 0x0000000089300000, 0x0000000089400000|  0%| F|  |TAMS 0x0000000089300000| PB 0x0000000089300000| Untracked 
| 100|0x0000000089400000, 0x0000000089400000, 0x0000000089500000|  0%| F|  |TAMS 0x0000000089400000| PB 0x0000000089400000| Untracked 
| 101|0x0000000089500000, 0x0000000089500000, 0x0000000089600000|  0%| F|  |TAMS 0x0000000089500000| PB 0x0000000089500000| Untracked 
| 102|0x0000000089600000, 0x0000000089600000, 0x0000000089700000|  0%| F|  |TAMS 0x0000000089600000| PB 0x0000000089600000| Untracked 
| 103|0x0000000089700000, 0x0000000089700000, 0x0000000089800000|  0%| F|  |TAMS 0x0000000089700000| PB 0x0000000089700000| Untracked 
| 104|0x0000000089800000, 0x0000000089800000, 0x0000000089900000|  0%| F|  |TAMS 0x0000000089800000| PB 0x0000000089800000| Untracked 
| 105|0x0000000089900000, 0x0000000089900000, 0x0000000089a00000|  0%| F|  |TAMS 0x0000000089900000| PB 0x0000000089900000| Untracked 
| 106|0x0000000089a00000, 0x0000000089a00000, 0x0000000089b00000|  0%| F|  |TAMS 0x0000000089a00000| PB 0x0000000089a00000| Untracked 
| 107|0x0000000089b00000, 0x0000000089b00000, 0x0000000089c00000|  0%| F|  |TAMS 0x0000000089b00000| PB 0x0000000089b00000| Untracked 
| 108|0x0000000089c00000, 0x0000000089c00000, 0x0000000089d00000|  0%| F|  |TAMS 0x0000000089c00000| PB 0x0000000089c00000| Untracked 
| 109|0x0000000089d00000, 0x0000000089d00000, 0x0000000089e00000|  0%| F|  |TAMS 0x0000000089d00000| PB 0x0000000089d00000| Untracked 
| 110|0x0000000089e00000, 0x0000000089e00000, 0x0000000089f00000|  0%| F|  |TAMS 0x0000000089e00000| PB 0x0000000089e00000| Untracked 
| 111|0x0000000089f00000, 0x0000000089f00000, 0x000000008a000000|  0%| F|  |TAMS 0x0000000089f00000| PB 0x0000000089f00000| Untracked 
| 112|0x000000008a000000, 0x000000008a000000, 0x000000008a100000|  0%| F|  |TAMS 0x000000008a000000| PB 0x000000008a000000| Untracked 
| 113|0x000000008a100000, 0x000000008a180718, 0x000000008a200000| 50%| E|  |TAMS 0x000000008a100000| PB 0x000000008a100000| Complete 
| 114|0x000000008a200000, 0x000000008a300000, 0x000000008a300000|100%| E|CS|TAMS 0x000000008a200000| PB 0x000000008a200000| Complete 
| 115|0x000000008a300000, 0x000000008a400000, 0x000000008a400000|100%| E|CS|TAMS 0x000000008a300000| PB 0x000000008a300000| Complete 
| 116|0x000000008a400000, 0x000000008a500000, 0x000000008a500000|100%| E|CS|TAMS 0x000000008a400000| PB 0x000000008a400000| Complete 
| 117|0x000000008a500000, 0x000000008a600000, 0x000000008a600000|100%| E|CS|TAMS 0x000000008a500000| PB 0x000000008a500000| Complete 
| 118|0x000000008a600000, 0x000000008a700000, 0x000000008a700000|100%| E|CS|TAMS 0x000000008a600000| PB 0x000000008a600000| Complete 
| 119|0x000000008a700000, 0x000000008a800000, 0x000000008a800000|100%| E|CS|TAMS 0x000000008a700000| PB 0x000000008a700000| Complete 
| 120|0x000000008a800000, 0x000000008a900000, 0x000000008a900000|100%| E|CS|TAMS 0x000000008a800000| PB 0x000000008a800000| Complete 
| 121|0x000000008a900000, 0x000000008aa00000, 0x000000008aa00000|100%| E|CS|TAMS 0x000000008a900000| PB 0x000000008a900000| Complete 
| 122|0x000000008aa00000, 0x000000008ab00000, 0x000000008ab00000|100%| E|CS|TAMS 0x000000008aa00000| PB 0x000000008aa00000| Complete 
| 123|0x000000008ab00000, 0x000000008ac00000, 0x000000008ac00000|100%| E|CS|TAMS 0x000000008ab00000| PB 0x000000008ab00000| Complete 
| 124|0x000000008ac00000, 0x000000008ad00000, 0x000000008ad00000|100%| E|CS|TAMS 0x000000008ac00000| PB 0x000000008ac00000| Complete 
| 125|0x000000008ad00000, 0x000000008ae00000, 0x000000008ae00000|100%| E|CS|TAMS 0x000000008ad00000| PB 0x000000008ad00000| Complete 

Card table byte_map: [0x000001419f770000,0x000001419fb60000] _byte_map_base: 0x000001419f358000

Marking Bits: (CMBitMap*) 0x000001418830fef0
 Bits: [0x000001419ff50000, 0x00000141a1e90000)

Polling page: 0x0000014186260000

Metaspace:

Usage:
  Non-class:     12.47 MB used.
      Class:      1.67 MB used.
       Both:     14.14 MB used.

Virtual space:
  Non-class space:       64.00 MB reserved,      12.56 MB ( 20%) committed,  1 nodes.
      Class space:        1.00 GB reserved,       1.75 MB ( <1%) committed,  1 nodes.
             Both:        1.06 GB reserved,      14.31 MB (  1%) committed. 

Chunk freelists:
   Non-Class:  2.80 MB
       Class:  2.13 MB
        Both:  4.93 MB

MaxMetaspaceSize: unlimited
CompressedClassSpaceSize: 1.00 GB
Initial GC threshold: 21.00 MB
Current GC threshold: 21.00 MB
CDS: on
MetaspaceReclaimPolicy: balanced
 - commit_granule_bytes: 65536.
 - commit_granule_words: 8192.
 - virtual_space_node_default_size: 8388608.
 - enlarge_chunks_in_place: 1.
 - new_chunks_are_fully_committed: 0.
 - uncommit_free_chunks: 1.
 - use_allocation_guard: 0.


Internal statistics:

num_allocs_failed_limit: 0.
num_arena_births: 126.
num_arena_deaths: 0.
num_vsnodes_births: 2.
num_vsnodes_deaths: 0.
num_space_committed: 229.
num_space_uncommitted: 0.
num_chunks_returned_to_freelist: 0.
num_chunks_taken_from_freelist: 536.
num_chunk_merges: 0.
num_chunk_splits: 376.
num_chunks_enlarged: 327.
num_inconsistent_stats: 0.

CodeHeap 'non-profiled nmethods': size=120000Kb used=893Kb max_used=893Kb free=119106Kb
 bounds [0x0000014197e50000, 0x00000141980c0000, 0x000001419f380000]
CodeHeap 'profiled nmethods': size=120000Kb used=4998Kb max_used=4998Kb free=115002Kb
 bounds [0x0000014190380000, 0x0000014190870000, 0x00000141978b0000]
CodeHeap 'non-nmethods': size=5760Kb used=1456Kb max_used=1512Kb free=4303Kb
 bounds [0x00000141978b0000, 0x0000014197b20000, 0x0000014197e50000]
 total_blobs=3051 nmethods=2563 adapters=398
 compilation: enabled
              stopped_count=0, restarted_count=0
 full_count=0

Compilation events (20 events):
Event: 1.741 Thread 0x00000141a4374040 nmethod 2556 0x0000014197f2eb90 code [0x0000014197f2ed20, 0x0000014197f2eec8]
Event: 1.741 Thread 0x00000141a4374040 2557       4       com.google.inject.internal.CycleDetectingLock$CycleDetectingLockFactory::access$100 (4 bytes)
Event: 1.741 Thread 0x00000141a43749c0 nmethod 2558 0x000001419085cd90 code [0x000001419085cfe0, 0x000001419085dc00]
Event: 1.741 Thread 0x00000141a4374040 nmethod 2557 0x0000014197f2f090 code [0x0000014197f2f200, 0x0000014197f2f270]
Event: 1.741 Thread 0x00000141a43749c0 2554       3       com.google.common.collect.AbstractMultimap::asMap (23 bytes)
Event: 1.741 Thread 0x00000141a43749c0 nmethod 2554 0x000001419085df10 code [0x000001419085e0c0, 0x000001419085e368]
Event: 1.741 Thread 0x00000141a43749c0 2555       3       com.google.common.collect.LinkedHashMultimap::succeedsInValueSet (15 bytes)
Event: 1.741 Thread 0x00000141a43749c0 nmethod 2555 0x000001419085e410 code [0x000001419085e5c0, 0x000001419085e848]
Event: 1.741 Thread 0x00000141a43749c0 2550       3       java.lang.invoke.InvokerBytecodeGenerator::emitPushArgument (150 bytes)
Event: 1.742 Thread 0x00000141a43749c0 nmethod 2550 0x000001419085e990 code [0x000001419085ec40, 0x000001419085f9d0]
Event: 1.742 Thread 0x00000141a43749c0 2560       3       com.google.inject.internal.InjectorImpl::getBindingOrThrow (26 bytes)
Event: 1.742 Thread 0x00000141a43749c0 nmethod 2560 0x000001419085fd10 code [0x000001419085fec0, 0x00000141908600d8]
Event: 1.742 Thread 0x00000141a4374040 2563       4       java.util.ArrayList$Itr::hasNext (20 bytes)
Event: 1.742 Thread 0x00000141a43749c0 2561       3       com.google.inject.internal.InternalInjectorCreator::isEagerSingleton (62 bytes)
Event: 1.743 Thread 0x00000141a4374040 nmethod 2563 0x0000014197f2f390 code [0x0000014197f2f500, 0x0000014197f2f5a8]
Event: 1.743 Thread 0x00000141a43749c0 nmethod 2561 0x0000014190860210 code [0x0000014190860420, 0x0000014190860d38]
Event: 1.743 Thread 0x00000141a43749c0 2559       3       java.lang.ThreadLocal::get (8 bytes)
Event: 1.743 Thread 0x00000141a43749c0 nmethod 2559 0x0000014190860f90 code [0x0000014190861120, 0x0000014190861270]
Event: 1.743 Thread 0x00000141a43749c0 2562       3       com.google.inject.internal.Scoping::isEagerSingleton (38 bytes)
Event: 1.743 Thread 0x00000141a43749c0 nmethod 2562 0x0000014190861310 code [0x00000141908614c0, 0x0000014190861758]

GC Heap History (6 events):
Event: 0.515 GC heap before
{Heap before GC invocations=0 (full 0):
 garbage-first heap   total 129024K, used 13312K [0x0000000083000000, 0x0000000100000000)
  region size 1024K, 13 young (13312K), 0 survivors (0K)
 Metaspace       used 5018K, committed 5184K, reserved 1114112K
  class space    used 505K, committed 576K, reserved 1048576K
}
Event: 0.524 GC heap after
{Heap after GC invocations=1 (full 0):
 garbage-first heap   total 129024K, used 3840K [0x0000000083000000, 0x0000000100000000)
  region size 1024K, 2 young (2048K), 2 survivors (2048K)
 Metaspace       used 5018K, committed 5184K, reserved 1114112K
  class space    used 505K, committed 576K, reserved 1048576K
}
Event: 0.786 GC heap before
{Heap before GC invocations=1 (full 0):
 garbage-first heap   total 129024K, used 17152K [0x0000000083000000, 0x0000000100000000)
  region size 1024K, 15 young (15360K), 2 survivors (2048K)
 Metaspace       used 7714K, committed 7936K, reserved 1114112K
  class space    used 862K, committed 960K, reserved 1048576K
}
Event: 0.793 GC heap after
{Heap after GC invocations=2 (full 0):
 garbage-first heap   total 129024K, used 4601K [0x0000000083000000, 0x0000000100000000)
  region size 1024K, 1 young (1024K), 1 survivors (1024K)
 Metaspace       used 7714K, committed 7936K, reserved 1114112K
  class space    used 862K, committed 960K, reserved 1048576K
}
Event: 1.421 GC heap before
{Heap before GC invocations=2 (full 0):
 garbage-first heap   total 129024K, used 35321K [0x0000000083000000, 0x0000000100000000)
  region size 1024K, 31 young (31744K), 1 survivors (1024K)
 Metaspace       used 12204K, committed 12416K, reserved 1114112K
  class space    used 1404K, committed 1472K, reserved 1048576K
}
Event: 1.425 GC heap after
{Heap after GC invocations=3 (full 0):
 garbage-first heap   total 129024K, used 6183K [0x0000000083000000, 0x0000000100000000)
  region size 1024K, 3 young (3072K), 3 survivors (3072K)
 Metaspace       used 12204K, committed 12416K, reserved 1114112K
  class space    used 1404K, committed 1472K, reserved 1048576K
}

Dll operation events (8 events):
Event: 0.007 Loaded shared library C:\Program Files\Java\jdk-20\bin\java.dll
Event: 0.031 Loaded shared library C:\Program Files\Java\jdk-20\bin\jsvml.dll
Event: 0.062 Loaded shared library C:\Program Files\Java\jdk-20\bin\net.dll
Event: 0.063 Loaded shared library C:\Program Files\Java\jdk-20\bin\nio.dll
Event: 0.066 Loaded shared library C:\Program Files\Java\jdk-20\bin\zip.dll
Event: 0.166 Loaded shared library C:\Program Files\Java\jdk-20\bin\jimage.dll
Event: 0.180 Loaded shared library C:\Users\ADE PAVAN\AppData\Local\Temp\jansi-2.4.1-4d386a0f6715764d-jansi.dll
Event: 1.478 Loaded shared library C:\Program Files\Java\jdk-20\bin\verify.dll

Deoptimization events (20 events):
Event: 1.351 Thread 0x00000141882b0d60 Uncommon trap: trap_request=0xffffffd6 fr.pc=0x0000014197eff970 relative=0x00000000000001f0
Event: 1.351 Thread 0x00000141882b0d60 Uncommon trap: reason=array_check action=maybe_recompile pc=0x0000014197eff970 method=java.util.stream.Nodes$FixedNodeBuilder.accept(Ljava/lang/Object;)V @ 28 c2
Event: 1.351 Thread 0x00000141882b0d60 DEOPT PACKING pc=0x0000014197eff970 sp=0x0000003f8f9fe0e0
Event: 1.351 Thread 0x00000141882b0d60 DEOPT UNPACKING pc=0x0000014197919d22 sp=0x0000003f8f9fe080 mode 2
Event: 1.473 Thread 0x00000141882b0d60 Uncommon trap: trap_request=0xffffff45 fr.pc=0x0000014197e9a0f4 relative=0x00000000000002d4
Event: 1.473 Thread 0x00000141882b0d60 Uncommon trap: reason=unstable_if action=reinterpret pc=0x0000014197e9a0f4 method=java.util.concurrent.ConcurrentHashMap.get(Ljava/lang/Object;)Ljava/lang/Object; @ 76 c2
Event: 1.473 Thread 0x00000141882b0d60 DEOPT PACKING pc=0x0000014197e9a0f4 sp=0x0000003f8f9fb5c0
Event: 1.473 Thread 0x00000141882b0d60 DEOPT UNPACKING pc=0x0000014197919d22 sp=0x0000003f8f9fb538 mode 2
Event: 1.502 Thread 0x00000141882b0d60 Uncommon trap: trap_request=0xffffff45 fr.pc=0x0000014197eccf84 relative=0x0000000000000184
Event: 1.502 Thread 0x00000141882b0d60 Uncommon trap: reason=unstable_if action=reinterpret pc=0x0000014197eccf84 method=java.lang.ClassLoader.checkName(Ljava/lang/String;)Z @ 1 c2
Event: 1.502 Thread 0x00000141882b0d60 DEOPT PACKING pc=0x0000014197eccf84 sp=0x0000003f8f9fdd00
Event: 1.502 Thread 0x00000141882b0d60 DEOPT UNPACKING pc=0x0000014197919d22 sp=0x0000003f8f9fdc98 mode 2
Event: 1.510 Thread 0x00000141882b0d60 Uncommon trap: trap_request=0xffffff45 fr.pc=0x0000014197f02af4 relative=0x00000000000002f4
Event: 1.510 Thread 0x00000141882b0d60 Uncommon trap: reason=unstable_if action=reinterpret pc=0x0000014197f02af4 method=jdk.internal.org.objectweb.asm.SymbolTable.put(Ljdk/internal/org/objectweb/asm/SymbolTable$Entry;)Ljdk/internal/org/objectweb/asm/SymbolTable$Entry; @ 13 c2
Event: 1.510 Thread 0x00000141882b0d60 DEOPT PACKING pc=0x0000014197f02af4 sp=0x0000003f8f9fd9b0
Event: 1.510 Thread 0x00000141882b0d60 DEOPT UNPACKING pc=0x0000014197919d22 sp=0x0000003f8f9fd930 mode 2
Event: 1.536 Thread 0x00000141882b0d60 DEOPT PACKING pc=0x000001419074a444 sp=0x0000003f8f9fe1d0
Event: 1.536 Thread 0x00000141882b0d60 DEOPT UNPACKING pc=0x000001419791a4c2 sp=0x0000003f8f9fd730 mode 0
Event: 1.590 Thread 0x00000141882b0d60 DEOPT PACKING pc=0x00000141907425fc sp=0x0000003f8f9fd640
Event: 1.590 Thread 0x00000141882b0d60 DEOPT UNPACKING pc=0x000001419791a4c2 sp=0x0000003f8f9fcaf8 mode 0

Classes loaded (20 events):
Event: 1.417 Loading class java/nio/channels/OverlappingFileLockException
Event: 1.417 Loading class java/nio/channels/OverlappingFileLockException done
Event: 1.417 Loading class java/nio/channels/FileLock
Event: 1.417 Loading class java/nio/channels/FileLock done
Event: 1.440 Loading class java/nio/file/AccessDeniedException
Event: 1.440 Loading class java/nio/file/AccessDeniedException done
Event: 1.470 Loading class java/lang/ExceptionInInitializerError
Event: 1.470 Loading class java/lang/ExceptionInInitializerError done
Event: 1.473 Loading class jdk/internal/vm/annotation/ForceInline
Event: 1.473 Loading class jdk/internal/vm/annotation/ForceInline done
Event: 1.495 Loading class sun/invoke/util/ValueConversions$1
Event: 1.495 Loading class sun/invoke/util/ValueConversions$1 done
Event: 1.496 Loading class java/lang/invoke/BoundMethodHandle$Species_LI
Event: 1.496 Loading class java/lang/invoke/BoundMethodHandle$Species_LI done
Event: 1.589 Loading class sun/reflect/generics/scope/MethodScope
Event: 1.589 Loading class sun/reflect/generics/scope/MethodScope done
Event: 1.589 Loading class sun/reflect/generics/repository/MethodRepository
Event: 1.589 Loading class sun/reflect/generics/repository/MethodRepository done
Event: 1.729 Loading class java/util/ConcurrentModificationException
Event: 1.729 Loading class java/util/ConcurrentModificationException done

Classes unloaded (0 events):
No events

Classes redefined (0 events):
No events

Internal exceptions (20 events):
Event: 0.268 Thread 0x00000141882b0d60 Exception <a 'java/lang/NoSuchMethodError'{0x000000008a56de98}: 'java.lang.Object java.lang.invoke.DirectMethodHandle$Holder.invokeSpecialIFC(java.lang.Object, java.lang.Object, java.lang.Object, java.lang.Object)'> (0x000000008a56de98) 
thrown [s\open\src\hotspot\share\interpreter\linkResolver.cpp, line 773]
Event: 0.373 Thread 0x00000141882b0d60 Exception <a 'java/lang/NoSuchMethodError'{0x000000008a26a9b8}: 'void java.lang.invoke.DirectMethodHandle$Holder.invokeVirtual(java.lang.Object, java.lang.Object)'> (0x000000008a26a9b8) 
thrown [s\open\src\hotspot\share\interpreter\linkResolver.cpp, line 773]
Event: 0.593 Thread 0x00000141882b0d60 Exception <a 'java/lang/NoSuchMethodError'{0x000000008abd3538}: 'void java.lang.invoke.DirectMethodHandle$Holder.invokeSpecial(java.lang.Object, java.lang.Object, java.lang.Object)'> (0x000000008abd3538) 
thrown [s\open\src\hotspot\share\interpreter\linkResolver.cpp, line 773]
Event: 0.620 Thread 0x00000141882b0d60 Exception <a 'java/lang/NoSuchMethodError'{0x000000008a928640}: 'java.lang.Object java.lang.invoke.DirectMethodHandle$Holder.invokeInterface(java.lang.Object, java.lang.Object)'> (0x000000008a928640) 
thrown [s\open\src\hotspot\share\interpreter\linkResolver.cpp, line 773]
Event: 0.634 Thread 0x00000141882b0d60 Exception <a 'java/lang/NoSuchMethodError'{0x000000008a9c8d18}: 'int java.lang.invoke.DirectMethodHandle$Holder.invokeStatic(java.lang.Object, java.lang.Object, java.lang.Object, java.lang.Object)'> (0x000000008a9c8d18) 
thrown [s\open\src\hotspot\share\interpreter\linkResolver.cpp, line 773]
Event: 0.634 Thread 0x00000141882b0d60 Exception <a 'java/lang/NoSuchMethodError'{0x000000008a9cc398}: 'java.lang.Object java.lang.invoke.Invokers$Holder.invokeExact_MT(java.lang.Object, java.lang.Object, java.lang.Object, java.lang.Object, java.lang.Object, java.lang.Object)'> (0x000000008a9cc398) 
thrown [s\open\src\hotspot\share\interpreter\linkResolver.cpp, line 773]
Event: 0.637 Thread 0x00000141882b0d60 Exception <a 'java/lang/NoSuchMethodError'{0x000000008a9e01e8}: 'int java.lang.invoke.DirectMethodHandle$Holder.invokeSpecialIFC(java.lang.Object, java.lang.Object, java.lang.Object, java.lang.Object, java.lang.Object)'> (0x000000008a9e01e8) 
thrown [s\open\src\hotspot\share\interpreter\linkResolver.cpp, line 773]
Event: 0.676 Thread 0x00000141882b0d60 Exception <a 'java/lang/NoSuchMethodError'{0x000000008a76f068}: 'java.lang.Object java.lang.invoke.DirectMethodHandle$Holder.newInvokeSpecial(java.lang.Object, java.lang.Object, java.lang.Object, java.lang.Object, java.lang.Object)'> (0x000000008a76f068) 
thrown [s\open\src\hotspot\share\interpreter\linkResolver.cpp, line 773]
Event: 0.700 Thread 0x00000141882b0d60 Exception <a 'java/lang/NoSuchMethodError'{0x000000008a6748a8}: 'int java.lang.invoke.DirectMethodHandle$Holder.invokeStaticInit(java.lang.Object, java.lang.Object)'> (0x000000008a6748a8) 
thrown [s\open\src\hotspot\share\interpreter\linkResolver.cpp, line 773]
Event: 0.705 Thread 0x00000141882b0d60 Exception <a 'java/lang/NoClassDefFoundError'{0x000000008a6ab670}: javax/enterprise/inject/Typed> (0x000000008a6ab670) 
thrown [s\open\src\hotspot\share\classfile\systemDictionary.cpp, line 294]
Event: 1.468 Thread 0x00000141882b0d60 Exception <a 'java/lang/NoSuchMethodError'{0x000000008ab5efa0}: 'void java.lang.invoke.DirectMethodHandle$Holder.invokeStaticInit(java.lang.Object, java.lang.Object, java.lang.Object)'> (0x000000008ab5efa0) 
thrown [s\open\src\hotspot\share\interpreter\linkResolver.cpp, line 773]
Event: 1.472 Thread 0x00000141882b0d60 Exception <a 'java/lang/ExceptionInInitializerError'{0x000000008ab890b0}> (0x000000008ab890b0) 
thrown [s\open\src\hotspot\share\oops\instanceKlass.cpp, line 1160]
Event: 1.496 Thread 0x00000141882b0d60 Exception <a 'java/lang/NoSuchMethodError'{0x000000008aa95290}: 'long java.lang.invoke.DirectMethodHandle$Holder.invokeStatic(java.lang.Object, java.lang.Object, int)'> (0x000000008aa95290) 
thrown [s\open\src\hotspot\share\interpreter\linkResolver.cpp, line 773]
Event: 1.497 Thread 0x00000141882b0d60 Exception <a 'java/lang/NoSuchMethodError'{0x000000008aaa8328}: 'java.lang.Object java.lang.invoke.DirectMethodHandle$Holder.invokeStatic(java.lang.Object, java.lang.Object, java.lang.Object, java.lang.Object, int)'> (0x000000008aaa8328) 
thrown [s\open\src\hotspot\share\interpreter\linkResolver.cpp, line 773]
Event: 1.497 Thread 0x00000141882b0d60 Exception <a 'java/lang/NoSuchMethodError'{0x000000008aab0240}: 'java.lang.Object java.lang.invoke.DirectMethodHandle$Holder.invokeSpecial(java.lang.Object, java.lang.Object, java.lang.Object, java.lang.Object, long)'> (0x000000008aab0240) 
thrown [s\open\src\hotspot\share\interpreter\linkResolver.cpp, line 773]
Event: 1.498 Thread 0x00000141882b0d60 Exception <a 'java/lang/NoSuchMethodError'{0x000000008aabbd30}: 'java.lang.Object java.lang.invoke.DirectMethodHandle$Holder.invokeSpecial(java.lang.Object, java.lang.Object, java.lang.Object, int, java.lang.Object)'> (0x000000008aabbd30) 
thrown [s\open\src\hotspot\share\interpreter\linkResolver.cpp, line 773]
Event: 1.499 Thread 0x00000141882b0d60 Exception <a 'java/lang/NoSuchMethodError'{0x000000008aac3e50}: 'int java.lang.invoke.DirectMethodHandle$Holder.invokeSpecial(java.lang.Object, java.lang.Object, java.lang.Object, int)'> (0x000000008aac3e50) 
thrown [s\open\src\hotspot\share\interpreter\linkResolver.cpp, line 773]
Event: 1.502 Thread 0x00000141882b0d60 Implicit null exception at 0x0000014197ecce20 to 0x0000014197eccf74
Event: 1.503 Thread 0x00000141882b0d60 Exception <a 'java/lang/NoSuchMethodError'{0x000000008aae8c08}: 'java.lang.Object java.lang.invoke.Invokers$Holder.invokeExact_MT(java.lang.Object, int, java.lang.Object)'> (0x000000008aae8c08) 
thrown [s\open\src\hotspot\share\interpreter\linkResolver.cpp, line 773]
Event: 1.732 Thread 0x00000141882b0d60 Exception <a 'java/lang/NoSuchMethodError'{0x000000008a2da170}: 'void java.lang.invoke.Invokers$Holder.invokeExact_MT(java.lang.Object, java.lang.Object, java.lang.Object, java.lang.Object)'> (0x000000008a2da170) 
thrown [s\open\src\hotspot\share\interpreter\linkResolver.cpp, line 773]

VM Operations (20 events):
Event: 1.187 Executing VM operation: HandshakeAllThreads
Event: 1.187 Executing VM operation: HandshakeAllThreads done
Event: 1.232 Executing VM operation: HandshakeAllThreads
Event: 1.232 Executing VM operation: HandshakeAllThreads done
Event: 1.233 Executing VM operation: ICBufferFull
Event: 1.233 Executing VM operation: ICBufferFull done
Event: 1.421 Executing VM operation: G1CollectForAllocation
Event: 1.425 Executing VM operation: G1CollectForAllocation done
Event: 1.479 Executing VM operation: HandshakeAllThreads
Event: 1.479 Executing VM operation: HandshakeAllThreads done
Event: 1.534 Executing VM operation: HandshakeAllThreads
Event: 1.534 Executing VM operation: HandshakeAllThreads done
Event: 1.535 Executing VM operation: HandshakeAllThreads
Event: 1.535 Executing VM operation: HandshakeAllThreads done
Event: 1.590 Executing VM operation: HandshakeAllThreads
Event: 1.590 Executing VM operation: HandshakeAllThreads done
Event: 1.728 Executing VM operation: HandshakeAllThreads
Event: 1.728 Executing VM operation: HandshakeAllThreads done
Event: 1.736 Executing VM operation: ICBufferFull
Event: 1.736 Executing VM operation: ICBufferFull done

Events (15 events):
Event: 0.031 Thread 0x00000141882b0d60 Thread added: 0x00000141882b0d60
Event: 0.041 Thread 0x00000141a4367f80 Thread added: 0x00000141a4367f80
Event: 0.041 Thread 0x00000141a4368d80 Thread added: 0x00000141a4368d80
Event: 0.041 Thread 0x00000141a436c530 Thread added: 0x00000141a436c530
Event: 0.041 Thread 0x00000141a436e080 Thread added: 0x00000141a436e080
Event: 0.041 Thread 0x00000141a4370d10 Thread added: 0x00000141a4370d10
Event: 0.041 Thread 0x00000141a4371e70 Thread added: 0x00000141a4371e70
Event: 0.041 Thread 0x00000141a4374040 Thread added: 0x00000141a4374040
Event: 0.041 Thread 0x00000141a43749c0 Thread added: 0x00000141a43749c0
Event: 0.056 Thread 0x00000141e95f0f40 Thread added: 0x00000141e95f0f40
Event: 0.058 Thread 0x00000141e9600d10 Thread added: 0x00000141e9600d10
Event: 0.164 Thread 0x00000141e98cedb0 Thread added: 0x00000141e98cedb0
Event: 0.177 Thread 0x00000141e98cedb0 Thread exited: 0x00000141e98cedb0
Event: 0.723 Thread 0x00000141e9e74dd0 Thread added: 0x00000141e9e74dd0
Event: 1.493 Thread 0x00000141e9e74dd0 Thread exited: 0x00000141e9e74dd0


Dynamic libraries:
0x00007ff7a0ae0000 - 0x00007ff7a0af0000 	C:\Program Files\Java\jdk-20\bin\javaw.exe
0x00007ff8a95f0000 - 0x00007ff8a9807000 	C:\WINDOWS\SYSTEM32\ntdll.dll
0x00007ff8a91d0000 - 0x00007ff8a9294000 	C:\WINDOWS\System32\KERNEL32.DLL
0x00007ff8a69c0000 - 0x00007ff8a6d6d000 	C:\WINDOWS\System32\KERNELBASE.dll
0x00007ff8a6f00000 - 0x00007ff8a7011000 	C:\WINDOWS\System32\ucrtbase.dll
0x00007ff89fb70000 - 0x00007ff89fb89000 	C:\Program Files\Java\jdk-20\bin\jli.dll
0x00007ff8a8220000 - 0x00007ff8a82d2000 	C:\WINDOWS\System32\ADVAPI32.dll
0x00007ff8a80f0000 - 0x00007ff8a8197000 	C:\WINDOWS\System32\msvcrt.dll
0x00007ff8a7330000 - 0x00007ff8a73d9000 	C:\WINDOWS\System32\sechost.dll
0x00007ff8a6ed0000 - 0x00007ff8a6ef8000 	C:\WINDOWS\System32\bcrypt.dll
0x00007ff8a7c40000 - 0x00007ff8a7d54000 	C:\WINDOWS\System32\RPCRT4.dll
0x00007ff8a8d40000 - 0x00007ff8a8eee000 	C:\WINDOWS\System32\USER32.dll
0x00007ff8a6d70000 - 0x00007ff8a6d96000 	C:\WINDOWS\System32\win32u.dll
0x00007ff8a90a0000 - 0x00007ff8a90c9000 	C:\WINDOWS\System32\GDI32.dll
0x00007ff8a70a0000 - 0x00007ff8a71b9000 	C:\WINDOWS\System32\gdi32full.dll
0x00007ff8a6920000 - 0x00007ff8a69ba000 	C:\WINDOWS\System32\msvcp_win.dll
0x00007ff89fb50000 - 0x00007ff89fb6b000 	C:\Program Files\Java\jdk-20\bin\VCRUNTIME140.dll
0x00007ff88ca90000 - 0x00007ff88cd23000 	C:\WINDOWS\WinSxS\amd64_microsoft.windows.common-controls_6595b64144ccf1df_6.0.22621.3672_none_2713b9d173822955\COMCTL32.dll
0x00007ff89d820000 - 0x00007ff89d82a000 	C:\WINDOWS\SYSTEM32\VERSION.dll
0x00007ff8a81e0000 - 0x00007ff8a8211000 	C:\WINDOWS\System32\IMM32.DLL
0x00007ff89fb40000 - 0x00007ff89fb4c000 	C:\Program Files\Java\jdk-20\bin\vcruntime140_1.dll
0x00007ff88c490000 - 0x00007ff88c51e000 	C:\Program Files\Java\jdk-20\bin\msvcp140.dll
0x00007ffff53c0000 - 0x00007ffff6058000 	C:\Program Files\Java\jdk-20\bin\server\jvm.dll
0x00007ff89f5d0000 - 0x00007ff89f604000 	C:\WINDOWS\SYSTEM32\WINMM.dll
0x00007ff87b2f0000 - 0x00007ff87b2f9000 	C:\WINDOWS\SYSTEM32\WSOCK32.dll
0x00007ff8a87f0000 - 0x00007ff8a8861000 	C:\WINDOWS\System32\WS2_32.dll
0x00007ff8a5950000 - 0x00007ff8a5968000 	C:\WINDOWS\SYSTEM32\kernel.appcore.dll
0x00007ff89fb30000 - 0x00007ff89fb3a000 	C:\Program Files\Java\jdk-20\bin\jimage.dll
0x00007ff8a3b40000 - 0x00007ff8a3d72000 	C:\WINDOWS\SYSTEM32\DBGHELP.DLL
0x00007ff8a7d60000 - 0x00007ff8a80e8000 	C:\WINDOWS\System32\combase.dll
0x00007ff8a9310000 - 0x00007ff8a93e7000 	C:\WINDOWS\System32\OLEAUT32.dll
0x00007ff87b970000 - 0x00007ff87b9a2000 	C:\WINDOWS\SYSTEM32\dbgcore.DLL
0x00007ff8a7020000 - 0x00007ff8a709b000 	C:\WINDOWS\System32\bcryptPrimitives.dll
0x00007ff89ef60000 - 0x00007ff89ef86000 	C:\Program Files\Java\jdk-20\bin\java.dll
0x00007ff86b550000 - 0x00007ff86b627000 	C:\Program Files\Java\jdk-20\bin\jsvml.dll
0x00007ff8a73e0000 - 0x00007ff8a7c3f000 	C:\WINDOWS\System32\SHELL32.dll
0x00007ff8a4870000 - 0x00007ff8a516c000 	C:\WINDOWS\SYSTEM32\windows.storage.dll
0x00007ff8a4730000 - 0x00007ff8a486f000 	C:\WINDOWS\SYSTEM32\wintypes.dll
0x00007ff8a90d0000 - 0x00007ff8a91c4000 	C:\WINDOWS\System32\SHCORE.dll
0x00007ff8a8510000 - 0x00007ff8a856e000 	C:\WINDOWS\System32\shlwapi.dll
0x00007ff8a6850000 - 0x00007ff8a6871000 	C:\WINDOWS\SYSTEM32\profapi.dll
0x00007ff89eeb0000 - 0x00007ff89eec3000 	C:\Program Files\Java\jdk-20\bin\net.dll
0x00007ff89f260000 - 0x00007ff89f396000 	C:\WINDOWS\SYSTEM32\WINHTTP.dll
0x00007ff8a5dc0000 - 0x00007ff8a5e29000 	C:\WINDOWS\system32\mswsock.dll
0x00007ff89ee90000 - 0x00007ff89eea6000 	C:\Program Files\Java\jdk-20\bin\nio.dll
0x00007ff89ee70000 - 0x00007ff89ee88000 	C:\Program Files\Java\jdk-20\bin\zip.dll
0x00007ff88c900000 - 0x00007ff88c924000 	C:\Users\ADE PAVAN\AppData\Local\Temp\jansi-2.4.1-4d386a0f6715764d-jansi.dll
0x00007ff89af50000 - 0x00007ff89af60000 	C:\Program Files\Java\jdk-20\bin\verify.dll

dbghelp: loaded successfully - version: 4.0.5 - missing functions: none
symbol engine: initialized successfully - sym options: 0x614 - pdb path: .;C:\Program Files\Java\jdk-20\bin;C:\WINDOWS\SYSTEM32;C:\WINDOWS\WinSxS\amd64_microsoft.windows.common-controls_6595b64144ccf1df_6.0.22621.3672_none_2713b9d173822955;C:\Program Files\Java\jdk-20\bin\server;C:\Users\ADE PAVAN\AppData\Local\Temp

VM Arguments:
jvm_args: -Dmaven.home=EMBEDDED -Dclassworlds.conf=C:\Users\ADE PAVAN\Documents\Spring\workspace\.metadata\.plugins\org.eclipse.m2e.launching\launches\m2conf3983122006723276307.tmp -Dmaven.multiModuleProjectDirectory=C:\Users\ADE PAVAN\git\SpringMvc\SpringMvc -Dm2e.build.project.data.socket.port=3295 -Dfile.encoding=UTF-8 -Dstdout.encoding=UTF-8 -Dstderr.encoding=UTF-8 -XX:+ShowCodeDetailsInExceptionMessages 
java_command: org.codehaus.plexus.classworlds.launcher.Launcher -B -Dstyle.color=always install
java_class_path (initial): C:\Users\ADE PAVAN\Documents\Spring\eclipse\plugins\org.eclipse.m2e.maven.runtime_3.9.700.20240602-2313\jars\plexus-classworlds-2.8.0.jar
Launcher Type: SUN_STANDARD

[Global flags]
     intx CICompilerCount                          = 3                                         {product} {ergonomic}
     uint ConcGCThreads                            = 1                                         {product} {ergonomic}
     uint G1ConcRefinementThreads                  = 4                                         {product} {ergonomic}
   size_t G1HeapRegionSize                         = 1048576                                   {product} {ergonomic}
    uintx GCDrainStackTargetSize                   = 64                                        {product} {ergonomic}
   size_t InitialHeapSize                          = 132120576                                 {product} {ergonomic}
   size_t MarkStackSize                            = 4194304                                   {product} {ergonomic}
   size_t MaxHeapSize                              = 2097152000                                {product} {ergonomic}
   size_t MaxNewSize                               = 1258291200                                {product} {ergonomic}
   size_t MinHeapDeltaBytes                        = 1048576                                   {product} {ergonomic}
   size_t MinHeapSize                              = 8388608                                   {product} {ergonomic}
    uintx NonNMethodCodeHeapSize                   = 5832780                                {pd product} {ergonomic}
    uintx NonProfiledCodeHeapSize                  = 122912730                              {pd product} {ergonomic}
    uintx ProfiledCodeHeapSize                     = 122912730                              {pd product} {ergonomic}
    uintx ReservedCodeCacheSize                    = 251658240                              {pd product} {ergonomic}
     bool SegmentedCodeCache                       = true                                      {product} {ergonomic}
     bool ShowCodeDetailsInExceptionMessages       = true                                   {manageable} {command line}
   size_t SoftMaxHeapSize                          = 2097152000                             {manageable} {ergonomic}
     bool UseCompressedClassPointers               = true                           {product lp64_product} {ergonomic}
     bool UseCompressedOops                        = true                           {product lp64_product} {ergonomic}
     bool UseG1GC                                  = true                                      {product} {ergonomic}
     bool UseLargePagesIndividualAllocation        = false                                  {pd product} {ergonomic}

Logging:
Log output configuration:
 #0: stdout all=warning uptime,level,tags foldmultilines=false
 #1: stderr all=off uptime,level,tags foldmultilines=false

Environment Variables:
JAVA_HOME=C:\Program Files\Java\jdk-20
PATH=C:/Users/ADE PAVAN/Documents/Spring/eclipse//plugins/org.eclipse.justj.openjdk.hotspot.jre.full.win32.x86_64_21.0.3.v20240426-1530/jre/bin/server;C:/Users/ADE PAVAN/Documents/Spring/eclipse//plugins/org.eclipse.justj.openjdk.hotspot.jre.full.win32.x86_64_21.0.3.v20240426-1530/jre/bin;C:\Oracle_database\WINDOWS.X64_193000_db_home\bin;C:\Program Files\Common Files\Oracle\Java\javapath;C:\WINDOWS\system32;C:\WINDOWS;C:\WINDOWS\System32\Wbem;C:\WINDOWS\System32\WindowsPowerShell\v1.0\;C:\WINDOWS\System32\OpenSSH\;C:\Program Files\Git\cmd;C:\Program Files\MySQL\MySQL Server 8.0\bin;C:\Program Files\Java\jdk-20\bin;C:\Program Files\nodejs\;C:\Program Files\HP\HP One Agent;C:\Program Files\MySQL\MySQL Shell 8.0\bin\;C:\Users\ADE PAVAN\AppData\Local\Programs\Python\Python310\Scripts\;C:\Users\ADE PAVAN\AppData\Local\Programs\Python\Python310\;C:\Users\ADE PAVAN\AppData\Local\Microsoft\WindowsApps;C:\Users\ADE PAVAN\AppData\Local\Programs\Microsoft VS Code\bin;C:\MinGW\bin;C:\Users\ADE PAVAN\AppData\Roaming\npm;C:\Users\ADE PAVAN\Documents\Spring\eclipse;
USERNAME=ADE PAVAN
OS=Windows_NT
PROCESSOR_IDENTIFIER=Intel64 Family 6 Model 142 Stepping 12, GenuineIntel
TMP=C:\Users\ADEPAV~1\AppData\Local\Temp
TEMP=C:\Users\ADEPAV~1\AppData\Local\Temp




---------------  S Y S T E M  ---------------

OS:
 Windows 11 , 64 bit Build 22621 (10.0.22621.3672)
OS uptime: 0 days 3:04 hours

CPU: total 4 (initial active 4) (2 cores per cpu, 2 threads per core) family 6 model 142 stepping 12 microcode 0xea, cx8, cmov, fxsr, ht, mmx, 3dnowpref, sse, sse2, sse3, ssse3, sse4.1, sse4.2, popcnt, lzcnt, tsc, tscinvbit, avx, avx2, aes, erms, clmul, bmi1, bmi2, adx, fma, vzeroupper, clflush, clflushopt, rdtscp, f16c

Memory: 4k page, system-wide physical 7996M (719M free)
TotalPageFile size 13996M (AvailPageFile size 5M)
current process WorkingSet (physical memory assigned to process): 112M, peak: 112M
current process commit charge ("private bytes"): 235M, peak: 235M

vm_info: Java HotSpot(TM) 64-Bit Server VM (20.0.2+9-78) for windows-amd64 JRE (20.0.2+9-78), built on 2023-06-14T10:08:48Z by "mach5one" with MS VC++ 17.1 (VS2022)

END.
