#
# There is insufficient memory for the Java Runtime Environment to continue.
# Native memory allocation (mmap) failed to map 65536 bytes for Failed to commit metaspace.
# Possible reasons:
#   The system is out of physical RAM or swap space
#   The process is running with CompressedOops enabled, and the Java Heap may be blocking the growth of the native heap
# Possible solutions:
#   Reduce memory load on the system
#   Increase physical memory or swap space
#   Check if swap backing store is full
#   Decrease Java heap size (-Xmx/-Xms)
#   Decrease number of Java threads
#   Decrease Java thread stack sizes (-Xss)
#   Set larger code cache with -XX:ReservedCodeCacheSize=
#   JVM is running with Unscaled Compressed Oops mode in which the Java heap is
#     placed in the first 4GB address space. The Java Heap base address is the
#     maximum limit for the native heap growth. Please use -XX:HeapBaseMinAddress
#     to set the Java Heap base and to place the Java Heap above 4GB virtual address.
# This output file may be truncated or incomplete.
#
#  Out of Memory Error (virtualSpaceNode.cpp:110), pid=13524, tid=19100
#
# JRE version: Java(TM) SE Runtime Environment (20.0.2+9) (build 20.0.2+9-78)
# Java VM: Java HotSpot(TM) 64-Bit Server VM (20.0.2+9-78, mixed mode, tiered, compressed oops, compressed class ptrs, g1 gc, windows-amd64)
# No core dump will be written. Minidumps are not enabled by default on client versions of Windows
#

---------------  S U M M A R Y ------------

Command Line: C:\Users\ADEPAV~1\AppData\Local\Temp\surefire1308965622645447222\surefirebooter5437990617750745835.jar C:\Users\ADE PAVAN\AppData\Local\Temp\surefire1308965622645447222 2024-07-14T16-06-22_583-jvmRun1 surefire14871676739035082534tmp surefire_04621958722029074163tmp

Host: Intel(R) Core(TM) i3-10110U CPU @ 2.10GHz, 4 cores, 7G,  Windows 11 , 64 bit Build 22621 (10.0.22621.3672)
Time: Sun Jul 14 16:06:23 2024 India Standard Time elapsed time: 0.105637 seconds (0d 0h 0m 0s)

---------------  T H R E A D  ---------------

Current thread (0x000001b2a7ec9fb0):  JavaThread "C1 CompilerThread0" daemon [_thread_in_vm, id=19100, stack(0x0000000298000000,0x0000000298100000)]


Current CompileTask:
C1:    105   44       3       java.util.HashMap::putVal (300 bytes)

Stack: [0x0000000298000000,0x0000000298100000]
Native frames: (J=compiled Java code, j=interpreted, Vv=VM code, C=native code)
V  [jvm.dll+0x6bc25a]
V  [jvm.dll+0x84971a]
V  [jvm.dll+0x84b315]
V  [jvm.dll+0x84ba13]
V  [jvm.dll+0x280e4f]
V  [jvm.dll+0x84565b]
V  [jvm.dll+0x660616]
V  [jvm.dll+0x66067a]
V  [jvm.dll+0x662f53]
V  [jvm.dll+0x662e1e]
V  [jvm.dll+0x66102e]
V  [jvm.dll+0x67248a]
V  [jvm.dll+0x66b9b2]
V  [jvm.dll+0x1f9260]
V  [jvm.dll+0x1f9448]
V  [jvm.dll+0x16ac26]
V  [jvm.dll+0x16aa75]
V  [jvm.dll+0x162555]
V  [jvm.dll+0x1647d7]
V  [jvm.dll+0x162df5]
V  [jvm.dll+0x15cc4a]
V  [jvm.dll+0x16c776]
V  [jvm.dll+0x157ed0]
V  [jvm.dll+0x158253]
V  [jvm.dll+0x158514]
V  [jvm.dll+0x157956]
V  [jvm.dll+0x15968d]
V  [jvm.dll+0x25a0eb]
V  [jvm.dll+0x2587c0]
V  [jvm.dll+0x3f2dd5]
V  [jvm.dll+0x7f5c76]
V  [jvm.dll+0x6baecb]
C  [ucrtbase.dll+0x29333]
C  [KERNEL32.DLL+0x1257d]
C  [ntdll.dll+0x5af28]


---------------  P R O C E S S  ---------------

Threads class SMR info:
_java_thread_list=0x000001b2ac03a2c0, length=9, elements={
0x000001b28bdbda20, 0x000001b2ac036a70, 0x000001b2ac038250, 0x000001b2ac057910,
0x000001b2ac059720, 0x000001b2ac03d420, 0x000001b2ac03fea0, 0x000001b2ac066c30,
0x000001b2a7ec9fb0
}

Java Threads: ( => current thread )
  0x000001b28bdbda20 JavaThread "main" [_thread_in_vm, id=14928, stack(0x0000000297200000,0x0000000297300000)]
  0x000001b2ac036a70 JavaThread "Reference Handler" daemon [_thread_blocked, id=13912, stack(0x0000000297900000,0x0000000297a00000)]
  0x000001b2ac038250 JavaThread "Finalizer" daemon [_thread_blocked, id=18028, stack(0x0000000297a00000,0x0000000297b00000)]
  0x000001b2ac057910 JavaThread "Signal Dispatcher" daemon [_thread_blocked, id=17444, stack(0x0000000297b00000,0x0000000297c00000)]
  0x000001b2ac059720 JavaThread "Attach Listener" daemon [_thread_blocked, id=17144, stack(0x0000000297c00000,0x0000000297d00000)]
  0x000001b2ac03d420 JavaThread "Service Thread" daemon [_thread_blocked, id=12216, stack(0x0000000297d00000,0x0000000297e00000)]
  0x000001b2ac03fea0 JavaThread "Monitor Deflation Thread" daemon [_thread_blocked, id=19240, stack(0x0000000297e00000,0x0000000297f00000)]
  0x000001b2ac066c30 JavaThread "C2 CompilerThread0" daemon [_thread_blocked, id=18256, stack(0x0000000297f00000,0x0000000298000000)]
=>0x000001b2a7ec9fb0 JavaThread "C1 CompilerThread0" daemon [_thread_in_vm, id=19100, stack(0x0000000298000000,0x0000000298100000)]

Other Threads:
  0x000001b2a7e9e890 VMThread "VM Thread" [stack: 0x0000000297800000,0x0000000297900000] [id=6792]
  0x000001b28be1c570 WorkerThread "GC Thread#0" [stack: 0x0000000297300000,0x0000000297400000] [id=14204]
  0x000001b28be2d0a0 ConcurrentGCThread "G1 Main Marker" [stack: 0x0000000297400000,0x0000000297500000] [id=6692]
  0x000001b28be2e270 WorkerThread "G1 Conc#0" [stack: 0x0000000297500000,0x0000000297600000] [id=15204]
  0x000001b2a7d034d0 ConcurrentGCThread "G1 Refine#0" [stack: 0x0000000297600000,0x0000000297700000] [id=7600]
  0x000001b28be7ac00 ConcurrentGCThread "G1 Service" [stack: 0x0000000297700000,0x0000000297800000] [id=8888]

Threads with active compile tasks:
C1 CompilerThread0      131   44       3       java.util.HashMap::putVal (300 bytes)

VM state: not at safepoint (normal execution)

VM Mutex/Monitor currently owned by a thread:  ([mutex/lock_event])
[0x000001b28bdb69e0] Metaspace_lock - owner thread: 0x000001b2a7ec9fb0

Heap address: 0x0000000083000000, size: 2000 MB, Compressed Oops mode: 32-bit

CDS archive(s) not mapped
Compressed class space mapped at: 0x0000000100000000-0x0000000140000000, reserved size: 1073741824
Narrow klass base: 0x0000000000000000, Narrow klass shift: 3, Narrow klass range: 0x140000000

GC Precious Log:
 CardTable entry size: 512
 Card Set container configuration: InlinePtr #cards 5 size 8 Array Of Cards #cards 12 size 40 Howl #buckets 4 coarsen threshold 1843 Howl Bitmap #cards 512 size 80 coarsen threshold 460 Card regions per heap region 1 cards per card region 2048
 CPUs: 4 total, 4 available
 Memory: 7996M
 Large Page Support: Disabled
 NUMA Support: Disabled
 Compressed Oops: Enabled (32-bit)
 Heap Region Size: 1M
 Heap Min Capacity: 8M
 Heap Initial Capacity: 126M
 Heap Max Capacity: 2000M
 Pre-touch: Disabled
 Parallel Workers: 4
 Concurrent Workers: 1
 Concurrent Refinement Workers: 4
 Periodic GC: Disabled

Heap:
 garbage-first heap   total 129024K, used 1024K [0x0000000083000000, 0x0000000100000000)
  region size 1024K, 2 young (2048K), 0 survivors (0K)
 Metaspace       used 3815K, committed 3840K, reserved 1114112K
  class space    used 295K, committed 320K, reserved 1048576K

Heap Regions: E=young(eden), S=young(survivor), O=old, HS=humongous(starts), HC=humongous(continues), CS=collection set, F=free, OA=open archive, CA=closed archive, TAMS=top-at-mark-start, PB=parsable bottom
|   0|0x0000000083000000, 0x0000000083000000, 0x0000000083100000|  0%| F|  |TAMS 0x0000000083000000| PB 0x0000000083000000| Untracked 
|   1|0x0000000083100000, 0x0000000083100000, 0x0000000083200000|  0%| F|  |TAMS 0x0000000083100000| PB 0x0000000083100000| Untracked 
|   2|0x0000000083200000, 0x0000000083200000, 0x0000000083300000|  0%| F|  |TAMS 0x0000000083200000| PB 0x0000000083200000| Untracked 
|   3|0x0000000083300000, 0x0000000083300000, 0x0000000083400000|  0%| F|  |TAMS 0x0000000083300000| PB 0x0000000083300000| Untracked 
|   4|0x0000000083400000, 0x0000000083400000, 0x0000000083500000|  0%| F|  |TAMS 0x0000000083400000| PB 0x0000000083400000| Untracked 
|   5|0x0000000083500000, 0x0000000083500000, 0x0000000083600000|  0%| F|  |TAMS 0x0000000083500000| PB 0x0000000083500000| Untracked 
|   6|0x0000000083600000, 0x0000000083600000, 0x0000000083700000|  0%| F|  |TAMS 0x0000000083600000| PB 0x0000000083600000| Untracked 
|   7|0x0000000083700000, 0x0000000083700000, 0x0000000083800000|  0%| F|  |TAMS 0x0000000083700000| PB 0x0000000083700000| Untracked 
|   8|0x0000000083800000, 0x0000000083800000, 0x0000000083900000|  0%| F|  |TAMS 0x0000000083800000| PB 0x0000000083800000| Untracked 
|   9|0x0000000083900000, 0x0000000083900000, 0x0000000083a00000|  0%| F|  |TAMS 0x0000000083900000| PB 0x0000000083900000| Untracked 
|  10|0x0000000083a00000, 0x0000000083a00000, 0x0000000083b00000|  0%| F|  |TAMS 0x0000000083a00000| PB 0x0000000083a00000| Untracked 
|  11|0x0000000083b00000, 0x0000000083b00000, 0x0000000083c00000|  0%| F|  |TAMS 0x0000000083b00000| PB 0x0000000083b00000| Untracked 
|  12|0x0000000083c00000, 0x0000000083c00000, 0x0000000083d00000|  0%| F|  |TAMS 0x0000000083c00000| PB 0x0000000083c00000| Untracked 
|  13|0x0000000083d00000, 0x0000000083d00000, 0x0000000083e00000|  0%| F|  |TAMS 0x0000000083d00000| PB 0x0000000083d00000| Untracked 
|  14|0x0000000083e00000, 0x0000000083e00000, 0x0000000083f00000|  0%| F|  |TAMS 0x0000000083e00000| PB 0x0000000083e00000| Untracked 
|  15|0x0000000083f00000, 0x0000000083f00000, 0x0000000084000000|  0%| F|  |TAMS 0x0000000083f00000| PB 0x0000000083f00000| Untracked 
|  16|0x0000000084000000, 0x0000000084000000, 0x0000000084100000|  0%| F|  |TAMS 0x0000000084000000| PB 0x0000000084000000| Untracked 
|  17|0x0000000084100000, 0x0000000084100000, 0x0000000084200000|  0%| F|  |TAMS 0x0000000084100000| PB 0x0000000084100000| Untracked 
|  18|0x0000000084200000, 0x0000000084200000, 0x0000000084300000|  0%| F|  |TAMS 0x0000000084200000| PB 0x0000000084200000| Untracked 
|  19|0x0000000084300000, 0x0000000084300000, 0x0000000084400000|  0%| F|  |TAMS 0x0000000084300000| PB 0x0000000084300000| Untracked 
|  20|0x0000000084400000, 0x0000000084400000, 0x0000000084500000|  0%| F|  |TAMS 0x0000000084400000| PB 0x0000000084400000| Untracked 
|  21|0x0000000084500000, 0x0000000084500000, 0x0000000084600000|  0%| F|  |TAMS 0x0000000084500000| PB 0x0000000084500000| Untracked 
|  22|0x0000000084600000, 0x0000000084600000, 0x0000000084700000|  0%| F|  |TAMS 0x0000000084600000| PB 0x0000000084600000| Untracked 
|  23|0x0000000084700000, 0x0000000084700000, 0x0000000084800000|  0%| F|  |TAMS 0x0000000084700000| PB 0x0000000084700000| Untracked 
|  24|0x0000000084800000, 0x0000000084800000, 0x0000000084900000|  0%| F|  |TAMS 0x0000000084800000| PB 0x0000000084800000| Untracked 
|  25|0x0000000084900000, 0x0000000084900000, 0x0000000084a00000|  0%| F|  |TAMS 0x0000000084900000| PB 0x0000000084900000| Untracked 
|  26|0x0000000084a00000, 0x0000000084a00000, 0x0000000084b00000|  0%| F|  |TAMS 0x0000000084a00000| PB 0x0000000084a00000| Untracked 
|  27|0x0000000084b00000, 0x0000000084b00000, 0x0000000084c00000|  0%| F|  |TAMS 0x0000000084b00000| PB 0x0000000084b00000| Untracked 
|  28|0x0000000084c00000, 0x0000000084c00000, 0x0000000084d00000|  0%| F|  |TAMS 0x0000000084c00000| PB 0x0000000084c00000| Untracked 
|  29|0x0000000084d00000, 0x0000000084d00000, 0x0000000084e00000|  0%| F|  |TAMS 0x0000000084d00000| PB 0x0000000084d00000| Untracked 
|  30|0x0000000084e00000, 0x0000000084e00000, 0x0000000084f00000|  0%| F|  |TAMS 0x0000000084e00000| PB 0x0000000084e00000| Untracked 
|  31|0x0000000084f00000, 0x0000000084f00000, 0x0000000085000000|  0%| F|  |TAMS 0x0000000084f00000| PB 0x0000000084f00000| Untracked 
|  32|0x0000000085000000, 0x0000000085000000, 0x0000000085100000|  0%| F|  |TAMS 0x0000000085000000| PB 0x0000000085000000| Untracked 
|  33|0x0000000085100000, 0x0000000085100000, 0x0000000085200000|  0%| F|  |TAMS 0x0000000085100000| PB 0x0000000085100000| Untracked 
|  34|0x0000000085200000, 0x0000000085200000, 0x0000000085300000|  0%| F|  |TAMS 0x0000000085200000| PB 0x0000000085200000| Untracked 
|  35|0x0000000085300000, 0x0000000085300000, 0x0000000085400000|  0%| F|  |TAMS 0x0000000085300000| PB 0x0000000085300000| Untracked 
|  36|0x0000000085400000, 0x0000000085400000, 0x0000000085500000|  0%| F|  |TAMS 0x0000000085400000| PB 0x0000000085400000| Untracked 
|  37|0x0000000085500000, 0x0000000085500000, 0x0000000085600000|  0%| F|  |TAMS 0x0000000085500000| PB 0x0000000085500000| Untracked 
|  38|0x0000000085600000, 0x0000000085600000, 0x0000000085700000|  0%| F|  |TAMS 0x0000000085600000| PB 0x0000000085600000| Untracked 
|  39|0x0000000085700000, 0x0000000085700000, 0x0000000085800000|  0%| F|  |TAMS 0x0000000085700000| PB 0x0000000085700000| Untracked 
|  40|0x0000000085800000, 0x0000000085800000, 0x0000000085900000|  0%| F|  |TAMS 0x0000000085800000| PB 0x0000000085800000| Untracked 
|  41|0x0000000085900000, 0x0000000085900000, 0x0000000085a00000|  0%| F|  |TAMS 0x0000000085900000| PB 0x0000000085900000| Untracked 
|  42|0x0000000085a00000, 0x0000000085a00000, 0x0000000085b00000|  0%| F|  |TAMS 0x0000000085a00000| PB 0x0000000085a00000| Untracked 
|  43|0x0000000085b00000, 0x0000000085b00000, 0x0000000085c00000|  0%| F|  |TAMS 0x0000000085b00000| PB 0x0000000085b00000| Untracked 
|  44|0x0000000085c00000, 0x0000000085c00000, 0x0000000085d00000|  0%| F|  |TAMS 0x0000000085c00000| PB 0x0000000085c00000| Untracked 
|  45|0x0000000085d00000, 0x0000000085d00000, 0x0000000085e00000|  0%| F|  |TAMS 0x0000000085d00000| PB 0x0000000085d00000| Untracked 
|  46|0x0000000085e00000, 0x0000000085e00000, 0x0000000085f00000|  0%| F|  |TAMS 0x0000000085e00000| PB 0x0000000085e00000| Untracked 
|  47|0x0000000085f00000, 0x0000000085f00000, 0x0000000086000000|  0%| F|  |TAMS 0x0000000085f00000| PB 0x0000000085f00000| Untracked 
|  48|0x0000000086000000, 0x0000000086000000, 0x0000000086100000|  0%| F|  |TAMS 0x0000000086000000| PB 0x0000000086000000| Untracked 
|  49|0x0000000086100000, 0x0000000086100000, 0x0000000086200000|  0%| F|  |TAMS 0x0000000086100000| PB 0x0000000086100000| Untracked 
|  50|0x0000000086200000, 0x0000000086200000, 0x0000000086300000|  0%| F|  |TAMS 0x0000000086200000| PB 0x0000000086200000| Untracked 
|  51|0x0000000086300000, 0x0000000086300000, 0x0000000086400000|  0%| F|  |TAMS 0x0000000086300000| PB 0x0000000086300000| Untracked 
|  52|0x0000000086400000, 0x0000000086400000, 0x0000000086500000|  0%| F|  |TAMS 0x0000000086400000| PB 0x0000000086400000| Untracked 
|  53|0x0000000086500000, 0x0000000086500000, 0x0000000086600000|  0%| F|  |TAMS 0x0000000086500000| PB 0x0000000086500000| Untracked 
|  54|0x0000000086600000, 0x0000000086600000, 0x0000000086700000|  0%| F|  |TAMS 0x0000000086600000| PB 0x0000000086600000| Untracked 
|  55|0x0000000086700000, 0x0000000086700000, 0x0000000086800000|  0%| F|  |TAMS 0x0000000086700000| PB 0x0000000086700000| Untracked 
|  56|0x0000000086800000, 0x0000000086800000, 0x0000000086900000|  0%| F|  |TAMS 0x0000000086800000| PB 0x0000000086800000| Untracked 
|  57|0x0000000086900000, 0x0000000086900000, 0x0000000086a00000|  0%| F|  |TAMS 0x0000000086900000| PB 0x0000000086900000| Untracked 
|  58|0x0000000086a00000, 0x0000000086a00000, 0x0000000086b00000|  0%| F|  |TAMS 0x0000000086a00000| PB 0x0000000086a00000| Untracked 
|  59|0x0000000086b00000, 0x0000000086b00000, 0x0000000086c00000|  0%| F|  |TAMS 0x0000000086b00000| PB 0x0000000086b00000| Untracked 
|  60|0x0000000086c00000, 0x0000000086c00000, 0x0000000086d00000|  0%| F|  |TAMS 0x0000000086c00000| PB 0x0000000086c00000| Untracked 
|  61|0x0000000086d00000, 0x0000000086d00000, 0x0000000086e00000|  0%| F|  |TAMS 0x0000000086d00000| PB 0x0000000086d00000| Untracked 
|  62|0x0000000086e00000, 0x0000000086e00000, 0x0000000086f00000|  0%| F|  |TAMS 0x0000000086e00000| PB 0x0000000086e00000| Untracked 
|  63|0x0000000086f00000, 0x0000000086f00000, 0x0000000087000000|  0%| F|  |TAMS 0x0000000086f00000| PB 0x0000000086f00000| Untracked 
|  64|0x0000000087000000, 0x0000000087000000, 0x0000000087100000|  0%| F|  |TAMS 0x0000000087000000| PB 0x0000000087000000| Untracked 
|  65|0x0000000087100000, 0x0000000087100000, 0x0000000087200000|  0%| F|  |TAMS 0x0000000087100000| PB 0x0000000087100000| Untracked 
|  66|0x0000000087200000, 0x0000000087200000, 0x0000000087300000|  0%| F|  |TAMS 0x0000000087200000| PB 0x0000000087200000| Untracked 
|  67|0x0000000087300000, 0x0000000087300000, 0x0000000087400000|  0%| F|  |TAMS 0x0000000087300000| PB 0x0000000087300000| Untracked 
|  68|0x0000000087400000, 0x0000000087400000, 0x0000000087500000|  0%| F|  |TAMS 0x0000000087400000| PB 0x0000000087400000| Untracked 
|  69|0x0000000087500000, 0x0000000087500000, 0x0000000087600000|  0%| F|  |TAMS 0x0000000087500000| PB 0x0000000087500000| Untracked 
|  70|0x0000000087600000, 0x0000000087600000, 0x0000000087700000|  0%| F|  |TAMS 0x0000000087600000| PB 0x0000000087600000| Untracked 
|  71|0x0000000087700000, 0x0000000087700000, 0x0000000087800000|  0%| F|  |TAMS 0x0000000087700000| PB 0x0000000087700000| Untracked 
|  72|0x0000000087800000, 0x0000000087800000, 0x0000000087900000|  0%| F|  |TAMS 0x0000000087800000| PB 0x0000000087800000| Untracked 
|  73|0x0000000087900000, 0x0000000087900000, 0x0000000087a00000|  0%| F|  |TAMS 0x0000000087900000| PB 0x0000000087900000| Untracked 
|  74|0x0000000087a00000, 0x0000000087a00000, 0x0000000087b00000|  0%| F|  |TAMS 0x0000000087a00000| PB 0x0000000087a00000| Untracked 
|  75|0x0000000087b00000, 0x0000000087b00000, 0x0000000087c00000|  0%| F|  |TAMS 0x0000000087b00000| PB 0x0000000087b00000| Untracked 
|  76|0x0000000087c00000, 0x0000000087c00000, 0x0000000087d00000|  0%| F|  |TAMS 0x0000000087c00000| PB 0x0000000087c00000| Untracked 
|  77|0x0000000087d00000, 0x0000000087d00000, 0x0000000087e00000|  0%| F|  |TAMS 0x0000000087d00000| PB 0x0000000087d00000| Untracked 
|  78|0x0000000087e00000, 0x0000000087e00000, 0x0000000087f00000|  0%| F|  |TAMS 0x0000000087e00000| PB 0x0000000087e00000| Untracked 
|  79|0x0000000087f00000, 0x0000000087f00000, 0x0000000088000000|  0%| F|  |TAMS 0x0000000087f00000| PB 0x0000000087f00000| Untracked 
|  80|0x0000000088000000, 0x0000000088000000, 0x0000000088100000|  0%| F|  |TAMS 0x0000000088000000| PB 0x0000000088000000| Untracked 
|  81|0x0000000088100000, 0x0000000088100000, 0x0000000088200000|  0%| F|  |TAMS 0x0000000088100000| PB 0x0000000088100000| Untracked 
|  82|0x0000000088200000, 0x0000000088200000, 0x0000000088300000|  0%| F|  |TAMS 0x0000000088200000| PB 0x0000000088200000| Untracked 
|  83|0x0000000088300000, 0x0000000088300000, 0x0000000088400000|  0%| F|  |TAMS 0x0000000088300000| PB 0x0000000088300000| Untracked 
|  84|0x0000000088400000, 0x0000000088400000, 0x0000000088500000|  0%| F|  |TAMS 0x0000000088400000| PB 0x0000000088400000| Untracked 
|  85|0x0000000088500000, 0x0000000088500000, 0x0000000088600000|  0%| F|  |TAMS 0x0000000088500000| PB 0x0000000088500000| Untracked 
|  86|0x0000000088600000, 0x0000000088600000, 0x0000000088700000|  0%| F|  |TAMS 0x0000000088600000| PB 0x0000000088600000| Untracked 
|  87|0x0000000088700000, 0x0000000088700000, 0x0000000088800000|  0%| F|  |TAMS 0x0000000088700000| PB 0x0000000088700000| Untracked 
|  88|0x0000000088800000, 0x0000000088800000, 0x0000000088900000|  0%| F|  |TAMS 0x0000000088800000| PB 0x0000000088800000| Untracked 
|  89|0x0000000088900000, 0x0000000088900000, 0x0000000088a00000|  0%| F|  |TAMS 0x0000000088900000| PB 0x0000000088900000| Untracked 
|  90|0x0000000088a00000, 0x0000000088a00000, 0x0000000088b00000|  0%| F|  |TAMS 0x0000000088a00000| PB 0x0000000088a00000| Untracked 
|  91|0x0000000088b00000, 0x0000000088b00000, 0x0000000088c00000|  0%| F|  |TAMS 0x0000000088b00000| PB 0x0000000088b00000| Untracked 
|  92|0x0000000088c00000, 0x0000000088c00000, 0x0000000088d00000|  0%| F|  |TAMS 0x0000000088c00000| PB 0x0000000088c00000| Untracked 
|  93|0x0000000088d00000, 0x0000000088d00000, 0x0000000088e00000|  0%| F|  |TAMS 0x0000000088d00000| PB 0x0000000088d00000| Untracked 
|  94|0x0000000088e00000, 0x0000000088e00000, 0x0000000088f00000|  0%| F|  |TAMS 0x0000000088e00000| PB 0x0000000088e00000| Untracked 
|  95|0x0000000088f00000, 0x0000000088f00000, 0x0000000089000000|  0%| F|  |TAMS 0x0000000088f00000| PB 0x0000000088f00000| Untracked 
|  96|0x0000000089000000, 0x0000000089000000, 0x0000000089100000|  0%| F|  |TAMS 0x0000000089000000| PB 0x0000000089000000| Untracked 
|  97|0x0000000089100000, 0x0000000089100000, 0x0000000089200000|  0%| F|  |TAMS 0x0000000089100000| PB 0x0000000089100000| Untracked 
|  98|0x0000000089200000, 0x0000000089200000, 0x0000000089300000|  0%| F|  |TAMS 0x0000000089200000| PB 0x0000000089200000| Untracked 
|  99|0x0000000089300000, 0x0000000089300000, 0x0000000089400000|  0%| F|  |TAMS 0x0000000089300000| PB 0x0000000089300000| Untracked 
| 100|0x0000000089400000, 0x0000000089400000, 0x0000000089500000|  0%| F|  |TAMS 0x0000000089400000| PB 0x0000000089400000| Untracked 
| 101|0x0000000089500000, 0x0000000089500000, 0x0000000089600000|  0%| F|  |TAMS 0x0000000089500000| PB 0x0000000089500000| Untracked 
| 102|0x0000000089600000, 0x0000000089600000, 0x0000000089700000|  0%| F|  |TAMS 0x0000000089600000| PB 0x0000000089600000| Untracked 
| 103|0x0000000089700000, 0x0000000089700000, 0x0000000089800000|  0%| F|  |TAMS 0x0000000089700000| PB 0x0000000089700000| Untracked 
| 104|0x0000000089800000, 0x0000000089800000, 0x0000000089900000|  0%| F|  |TAMS 0x0000000089800000| PB 0x0000000089800000| Untracked 
| 105|0x0000000089900000, 0x0000000089900000, 0x0000000089a00000|  0%| F|  |TAMS 0x0000000089900000| PB 0x0000000089900000| Untracked 
| 106|0x0000000089a00000, 0x0000000089a00000, 0x0000000089b00000|  0%| F|  |TAMS 0x0000000089a00000| PB 0x0000000089a00000| Untracked 
| 107|0x0000000089b00000, 0x0000000089b00000, 0x0000000089c00000|  0%| F|  |TAMS 0x0000000089b00000| PB 0x0000000089b00000| Untracked 
| 108|0x0000000089c00000, 0x0000000089c00000, 0x0000000089d00000|  0%| F|  |TAMS 0x0000000089c00000| PB 0x0000000089c00000| Untracked 
| 109|0x0000000089d00000, 0x0000000089d00000, 0x0000000089e00000|  0%| F|  |TAMS 0x0000000089d00000| PB 0x0000000089d00000| Untracked 
| 110|0x0000000089e00000, 0x0000000089e00000, 0x0000000089f00000|  0%| F|  |TAMS 0x0000000089e00000| PB 0x0000000089e00000| Untracked 
| 111|0x0000000089f00000, 0x0000000089f00000, 0x000000008a000000|  0%| F|  |TAMS 0x0000000089f00000| PB 0x0000000089f00000| Untracked 
| 112|0x000000008a000000, 0x000000008a000000, 0x000000008a100000|  0%| F|  |TAMS 0x000000008a000000| PB 0x000000008a000000| Untracked 
| 113|0x000000008a100000, 0x000000008a100000, 0x000000008a200000|  0%| F|  |TAMS 0x000000008a100000| PB 0x000000008a100000| Untracked 
| 114|0x000000008a200000, 0x000000008a200000, 0x000000008a300000|  0%| F|  |TAMS 0x000000008a200000| PB 0x000000008a200000| Untracked 
| 115|0x000000008a300000, 0x000000008a300000, 0x000000008a400000|  0%| F|  |TAMS 0x000000008a300000| PB 0x000000008a300000| Untracked 
| 116|0x000000008a400000, 0x000000008a400000, 0x000000008a500000|  0%| F|  |TAMS 0x000000008a400000| PB 0x000000008a400000| Untracked 
| 117|0x000000008a500000, 0x000000008a500000, 0x000000008a600000|  0%| F|  |TAMS 0x000000008a500000| PB 0x000000008a500000| Untracked 
| 118|0x000000008a600000, 0x000000008a600000, 0x000000008a700000|  0%| F|  |TAMS 0x000000008a600000| PB 0x000000008a600000| Untracked 
| 119|0x000000008a700000, 0x000000008a700000, 0x000000008a800000|  0%| F|  |TAMS 0x000000008a700000| PB 0x000000008a700000| Untracked 
| 120|0x000000008a800000, 0x000000008a800000, 0x000000008a900000|  0%| F|  |TAMS 0x000000008a800000| PB 0x000000008a800000| Untracked 
| 121|0x000000008a900000, 0x000000008a900000, 0x000000008aa00000|  0%| F|  |TAMS 0x000000008a900000| PB 0x000000008a900000| Untracked 
| 122|0x000000008aa00000, 0x000000008aa00000, 0x000000008ab00000|  0%| F|  |TAMS 0x000000008aa00000| PB 0x000000008aa00000| Untracked 
| 123|0x000000008ab00000, 0x000000008ab00000, 0x000000008ac00000|  0%| F|  |TAMS 0x000000008ab00000| PB 0x000000008ab00000| Untracked 
| 124|0x000000008ac00000, 0x000000008ac43300, 0x000000008ad00000| 26%| E|  |TAMS 0x000000008ac00000| PB 0x000000008ac00000| Complete 
| 125|0x000000008ad00000, 0x000000008ae00000, 0x000000008ae00000|100%| E|CS|TAMS 0x000000008ad00000| PB 0x000000008ad00000| Complete 

Card table byte_map: [0x000001b2a3280000,0x000001b2a3670000] _byte_map_base: 0x000001b2a2e68000

Marking Bits: (CMBitMap*) 0x000001b28be1cba0
 Bits: [0x000001b2a3a60000, 0x000001b2a59a0000)

Polling page: 0x000001b289cb0000

Metaspace:

Usage:
  Non-class:      3.44 MB used.
      Class:    295.59 KB used.
       Both:      3.73 MB used.

Virtual space:
  Non-class space:       64.00 MB reserved,       3.44 MB (  5%) committed,  1 nodes.
      Class space:        1.00 GB reserved,     320.00 KB ( <1%) committed,  1 nodes.
             Both:        1.06 GB reserved,       3.75 MB ( <1%) committed. 

Chunk freelists:
   Non-Class:  0 bytes
       Class:  3.62 MB
        Both:  3.62 MB

MaxMetaspaceSize: unlimited
CompressedClassSpaceSize: 1.00 GB
Initial GC threshold: 21.00 MB
Current GC threshold: 21.00 MB
CDS: off
MetaspaceReclaimPolicy: balanced
 - commit_granule_bytes: 65536.
 - commit_granule_words: 8192.
 - virtual_space_node_default_size: 8388608.
 - enlarge_chunks_in_place: 1.
 - new_chunks_are_fully_committed: 0.
 - uncommit_free_chunks: 1.
 - use_allocation_guard: 0.


Internal statistics:

num_allocs_failed_limit: 0.
num_arena_births: 2.
num_arena_deaths: 0.
num_vsnodes_births: 2.
num_vsnodes_deaths: 0.
num_space_committed: 60.
num_space_uncommitted: 0.
num_chunks_returned_to_freelist: 0.
num_chunks_taken_from_freelist: 4.
num_chunk_merges: 0.
num_chunk_splits: 1.
num_chunks_enlarged: 0.
num_inconsistent_stats: 0.

CodeHeap 'non-profiled nmethods': size=120000Kb used=7Kb max_used=7Kb free=119992Kb
 bounds [0x000001b29b960000, 0x000001b29bbd0000, 0x000001b2a2e90000]
CodeHeap 'profiled nmethods': size=120000Kb used=58Kb max_used=58Kb free=119941Kb
 bounds [0x000001b293e90000, 0x000001b294100000, 0x000001b29b3c0000]
CodeHeap 'non-nmethods': size=5760Kb used=1218Kb max_used=1222Kb free=4541Kb
 bounds [0x000001b29b3c0000, 0x000001b29b630000, 0x000001b29b960000]
 total_blobs=335 nmethods=44 adapters=202
 compilation: enabled
              stopped_count=0, restarted_count=0
 full_count=0

Compilation events (20 events):
Event: 0.100 Thread 0x000001b2a7ec9fb0 nmethod 31 0x000001b293e98810 code [0x000001b293e989e0, 0x000001b293e98ea8]
Event: 0.100 Thread 0x000001b2a7ec9fb0   32       3       java.util.ImmutableCollections$MapN::probe (60 bytes)
Event: 0.100 Thread 0x000001b2a7ec9fb0 nmethod 32 0x000001b293e99090 code [0x000001b293e99260, 0x000001b293e997a0]
Event: 0.100 Thread 0x000001b2a7ec9fb0   33       3       java.util.ImmutableCollections$MapN::get (35 bytes)
Event: 0.100 Thread 0x000001b2a7ec9fb0 nmethod 33 0x000001b293e99990 code [0x000001b293e99b60, 0x000001b293e99f08]
Event: 0.100 Thread 0x000001b2a7ec9fb0   36   !   3       java.util.concurrent.ConcurrentHashMap::putVal (432 bytes)
Event: 0.102 Thread 0x000001b2a7ec9fb0 nmethod 36 0x000001b293e9a090 code [0x000001b293e9a3e0, 0x000001b293e9beb0]
Event: 0.102 Thread 0x000001b2a7ec9fb0   37       3       java.util.concurrent.ConcurrentHashMap::spread (10 bytes)
Event: 0.102 Thread 0x000001b2a7ec9fb0 nmethod 37 0x000001b293e9c890 code [0x000001b293e9ca20, 0x000001b293e9cb18]
Event: 0.102 Thread 0x000001b2a7ec9fb0   38       3       java.util.concurrent.ConcurrentHashMap$Node::<init> (20 bytes)
Event: 0.102 Thread 0x000001b2a7ec9fb0 nmethod 38 0x000001b293e9cb90 code [0x000001b293e9cd20, 0x000001b293e9cf50]
Event: 0.102 Thread 0x000001b2a7ec9fb0   39       3       java.util.concurrent.ConcurrentHashMap::addCount (280 bytes)
Event: 0.103 Thread 0x000001b2a7ec9fb0 nmethod 39 0x000001b293e9d010 code [0x000001b293e9d240, 0x000001b293e9dbb8]
Event: 0.103 Thread 0x000001b2a7ec9fb0   42       3       java.util.concurrent.ConcurrentHashMap::putIfAbsent (8 bytes)
Event: 0.104 Thread 0x000001b2a7ec9fb0 nmethod 42 0x000001b293e9de90 code [0x000001b293e9e020, 0x000001b293e9e158]
Event: 0.104 Thread 0x000001b2a7ec9fb0   41       3       java.util.concurrent.ConcurrentHashMap::casTabAt (21 bytes)
Event: 0.104 Thread 0x000001b2a7ec9fb0 nmethod 41 0x000001b293e9e210 code [0x000001b293e9e3a0, 0x000001b293e9e510]
Event: 0.104 Thread 0x000001b2a7ec9fb0   34       3       java.util.HashMap::hash (20 bytes)
Event: 0.104 Thread 0x000001b2a7ec9fb0 nmethod 34 0x000001b293e9e590 code [0x000001b293e9e720, 0x000001b293e9e920]
Event: 0.104 Thread 0x000001b2a7ec9fb0   44       3       java.util.HashMap::putVal (300 bytes)

GC Heap History (0 events):
No events

Dll operation events (2 events):
Event: 0.009 Loaded shared library C:\Program Files\Java\jdk-20\bin\java.dll
Event: 0.042 Loaded shared library C:\Program Files\Java\jdk-20\bin\jsvml.dll

Deoptimization events (0 events):
No events

Classes loaded (20 events):
Event: 0.099 Loading class java/lang/module/Configuration
Event: 0.099 Loading class java/lang/module/Configuration done
Event: 0.099 Loading class java/lang/module/ResolvedModule
Event: 0.099 Loading class java/lang/module/ResolvedModule done
Event: 0.099 Loading class java/util/AbstractMap$1
Event: 0.099 Loading class java/util/AbstractMap$1 done
Event: 0.099 Loading class java/util/AbstractMap$1$1
Event: 0.099 Loading class java/util/AbstractMap$1$1 done
Event: 0.100 Loading class jdk/internal/module/ModuleLoaderMap
Event: 0.100 Loading class jdk/internal/module/ModuleLoaderMap done
Event: 0.100 Loading class jdk/internal/module/ModuleLoaderMap$Mapper
Event: 0.100 Loading class jdk/internal/module/ModuleLoaderMap$Mapper done
Event: 0.100 Loading class jdk/internal/module/ModuleLoaderMap$Modules
Event: 0.100 Loading class jdk/internal/module/ModuleLoaderMap$Modules done
Event: 0.101 Loading class java/lang/ModuleLayer
Event: 0.101 Loading class java/lang/ModuleLayer done
Event: 0.101 Loading class java/util/ImmutableCollections$ListItr
Event: 0.101 Loading class java/util/ListIterator
Event: 0.101 Loading class java/util/ListIterator done
Event: 0.101 Loading class java/util/ImmutableCollections$ListItr done

Classes unloaded (0 events):
No events

Classes redefined (0 events):
No events

Internal exceptions (0 events):
No events

VM Operations (0 events):
No events

Events (9 events):
Event: 0.042 Thread 0x000001b28bdbda20 Thread added: 0x000001b28bdbda20
Event: 0.070 Thread 0x000001b2ac036a70 Thread added: 0x000001b2ac036a70
Event: 0.070 Thread 0x000001b2ac038250 Thread added: 0x000001b2ac038250
Event: 0.071 Thread 0x000001b2ac057910 Thread added: 0x000001b2ac057910
Event: 0.071 Thread 0x000001b2ac059720 Thread added: 0x000001b2ac059720
Event: 0.072 Thread 0x000001b2ac03d420 Thread added: 0x000001b2ac03d420
Event: 0.072 Thread 0x000001b2ac03fea0 Thread added: 0x000001b2ac03fea0
Event: 0.072 Thread 0x000001b2ac066c30 Thread added: 0x000001b2ac066c30
Event: 0.072 Thread 0x000001b2a7ec9fb0 Thread added: 0x000001b2a7ec9fb0


Dynamic libraries:
0x00007ff78abd0000 - 0x00007ff78abe0000 	C:\Program Files\Java\jdk-20\bin\java.exe
0x00007ff8a95f0000 - 0x00007ff8a9807000 	C:\WINDOWS\SYSTEM32\ntdll.dll
0x00007ff8a91d0000 - 0x00007ff8a9294000 	C:\WINDOWS\System32\KERNEL32.DLL
0x00007ff8a69c0000 - 0x00007ff8a6d6d000 	C:\WINDOWS\System32\KERNELBASE.dll
0x00007ff8a6f00000 - 0x00007ff8a7011000 	C:\WINDOWS\System32\ucrtbase.dll
0x00007ff89ef60000 - 0x00007ff89ef7b000 	C:\Program Files\Java\jdk-20\bin\VCRUNTIME140.dll
0x00007ff89fb20000 - 0x00007ff89fb39000 	C:\Program Files\Java\jdk-20\bin\jli.dll
0x00007ff8a8220000 - 0x00007ff8a82d2000 	C:\WINDOWS\System32\ADVAPI32.dll
0x00007ff8a80f0000 - 0x00007ff8a8197000 	C:\WINDOWS\System32\msvcrt.dll
0x00007ff8a7330000 - 0x00007ff8a73d9000 	C:\WINDOWS\System32\sechost.dll
0x00007ff8a6ed0000 - 0x00007ff8a6ef8000 	C:\WINDOWS\System32\bcrypt.dll
0x00007ff8a7c40000 - 0x00007ff8a7d54000 	C:\WINDOWS\System32\RPCRT4.dll
0x00007ff8a8d40000 - 0x00007ff8a8eee000 	C:\WINDOWS\System32\USER32.dll
0x00007ff8a6d70000 - 0x00007ff8a6d96000 	C:\WINDOWS\System32\win32u.dll
0x00007ff8a90a0000 - 0x00007ff8a90c9000 	C:\WINDOWS\System32\GDI32.dll
0x00007ff8a70a0000 - 0x00007ff8a71b9000 	C:\WINDOWS\System32\gdi32full.dll
0x00007ff8a6920000 - 0x00007ff8a69ba000 	C:\WINDOWS\System32\msvcp_win.dll
0x00007ff88ca90000 - 0x00007ff88cd23000 	C:\WINDOWS\WinSxS\amd64_microsoft.windows.common-controls_6595b64144ccf1df_6.0.22621.3672_none_2713b9d173822955\COMCTL32.dll
0x00007ff89d820000 - 0x00007ff89d82a000 	C:\WINDOWS\SYSTEM32\VERSION.dll
0x00007ff8a81e0000 - 0x00007ff8a8211000 	C:\WINDOWS\System32\IMM32.DLL
0x00007ff89ef20000 - 0x00007ff89ef2c000 	C:\Program Files\Java\jdk-20\bin\vcruntime140_1.dll
0x00007ff88c490000 - 0x00007ff88c51e000 	C:\Program Files\Java\jdk-20\bin\msvcp140.dll
0x00007ffff53c0000 - 0x00007ffff6058000 	C:\Program Files\Java\jdk-20\bin\server\jvm.dll
0x00007ff89f5d0000 - 0x00007ff89f604000 	C:\WINDOWS\SYSTEM32\WINMM.dll
0x00007ff87b2f0000 - 0x00007ff87b2f9000 	C:\WINDOWS\SYSTEM32\WSOCK32.dll
0x00007ff8a87f0000 - 0x00007ff8a8861000 	C:\WINDOWS\System32\WS2_32.dll
0x00007ff8a5950000 - 0x00007ff8a5968000 	C:\WINDOWS\SYSTEM32\kernel.appcore.dll
0x00007ff89eef0000 - 0x00007ff89eefa000 	C:\Program Files\Java\jdk-20\bin\jimage.dll
0x00007ff8a3b40000 - 0x00007ff8a3d72000 	C:\WINDOWS\SYSTEM32\DBGHELP.DLL
0x00007ff8a7d60000 - 0x00007ff8a80e8000 	C:\WINDOWS\System32\combase.dll
0x00007ff8a9310000 - 0x00007ff8a93e7000 	C:\WINDOWS\System32\OLEAUT32.dll
0x00007ff87b970000 - 0x00007ff87b9a2000 	C:\WINDOWS\SYSTEM32\dbgcore.DLL
0x00007ff8a7020000 - 0x00007ff8a709b000 	C:\WINDOWS\System32\bcryptPrimitives.dll
0x00007ff89eea0000 - 0x00007ff89eec6000 	C:\Program Files\Java\jdk-20\bin\java.dll
0x00007ff86b550000 - 0x00007ff86b627000 	C:\Program Files\Java\jdk-20\bin\jsvml.dll
0x00007ff8a73e0000 - 0x00007ff8a7c3f000 	C:\WINDOWS\System32\SHELL32.dll
0x00007ff8a4870000 - 0x00007ff8a516c000 	C:\WINDOWS\SYSTEM32\windows.storage.dll
0x00007ff8a4730000 - 0x00007ff8a486f000 	C:\WINDOWS\SYSTEM32\wintypes.dll
0x00007ff8a90d0000 - 0x00007ff8a91c4000 	C:\WINDOWS\System32\SHCORE.dll
0x00007ff8a8510000 - 0x00007ff8a856e000 	C:\WINDOWS\System32\shlwapi.dll
0x00007ff8a6850000 - 0x00007ff8a6871000 	C:\WINDOWS\SYSTEM32\profapi.dll

dbghelp: loaded successfully - version: 4.0.5 - missing functions: none
symbol engine: initialized successfully - sym options: 0x614 - pdb path: .;C:\Program Files\Java\jdk-20\bin;C:\WINDOWS\SYSTEM32;C:\WINDOWS\WinSxS\amd64_microsoft.windows.common-controls_6595b64144ccf1df_6.0.22621.3672_none_2713b9d173822955;C:\Program Files\Java\jdk-20\bin\server

VM Arguments:
java_command: C:\Users\ADEPAV~1\AppData\Local\Temp\surefire1308965622645447222\surefirebooter5437990617750745835.jar C:\Users\ADE PAVAN\AppData\Local\Temp\surefire1308965622645447222 2024-07-14T16-06-22_583-jvmRun1 surefire14871676739035082534tmp surefire_04621958722029074163tmp
java_class_path (initial): C:\Users\ADEPAV~1\AppData\Local\Temp\surefire1308965622645447222\surefirebooter5437990617750745835.jar
Launcher Type: SUN_STANDARD

[Global flags]
     intx CICompilerCount                          = 3                                         {product} {ergonomic}
     uint ConcGCThreads                            = 1                                         {product} {ergonomic}
     uint G1ConcRefinementThreads                  = 4                                         {product} {ergonomic}
   size_t G1HeapRegionSize                         = 1048576                                   {product} {ergonomic}
    uintx GCDrainStackTargetSize                   = 64                                        {product} {ergonomic}
   size_t InitialHeapSize                          = 132120576                                 {product} {ergonomic}
   size_t MarkStackSize                            = 4194304                                   {product} {ergonomic}
   size_t MaxHeapSize                              = 2097152000                                {product} {ergonomic}
   size_t MaxNewSize                               = 1258291200                                {product} {ergonomic}
   size_t MinHeapDeltaBytes                        = 1048576                                   {product} {ergonomic}
   size_t MinHeapSize                              = 8388608                                   {product} {ergonomic}
    uintx NonNMethodCodeHeapSize                   = 5832780                                {pd product} {ergonomic}
    uintx NonProfiledCodeHeapSize                  = 122912730                              {pd product} {ergonomic}
    uintx ProfiledCodeHeapSize                     = 122912730                              {pd product} {ergonomic}
    uintx ReservedCodeCacheSize                    = 251658240                              {pd product} {ergonomic}
     bool SegmentedCodeCache                       = true                                      {product} {ergonomic}
   size_t SoftMaxHeapSize                          = 2097152000                             {manageable} {ergonomic}
     bool UseCompressedClassPointers               = true                           {product lp64_product} {ergonomic}
     bool UseCompressedOops                        = true                           {product lp64_product} {ergonomic}
     bool UseG1GC                                  = true                                      {product} {ergonomic}
     bool UseLargePagesIndividualAllocation        = false                                  {pd product} {ergonomic}

Logging:
Log output configuration:
 #0: stdout all=warning uptime,level,tags foldmultilines=false
 #1: stderr all=off uptime,level,tags foldmultilines=false

Environment Variables:
JAVA_HOME=C:\Program Files\Java\jdk-20
PATH=C:/Users/ADE PAVAN/Documents/Spring/eclipse//plugins/org.eclipse.justj.openjdk.hotspot.jre.full.win32.x86_64_21.0.3.v20240426-1530/jre/bin/server;C:/Users/ADE PAVAN/Documents/Spring/eclipse//plugins/org.eclipse.justj.openjdk.hotspot.jre.full.win32.x86_64_21.0.3.v20240426-1530/jre/bin;C:\Oracle_database\WINDOWS.X64_193000_db_home\bin;C:\Program Files\Common Files\Oracle\Java\javapath;C:\WINDOWS\system32;C:\WINDOWS;C:\WINDOWS\System32\Wbem;C:\WINDOWS\System32\WindowsPowerShell\v1.0\;C:\WINDOWS\System32\OpenSSH\;C:\Program Files\Git\cmd;C:\Program Files\MySQL\MySQL Server 8.0\bin;C:\Program Files\Java\jdk-20\bin;C:\Program Files\nodejs\;C:\Program Files\HP\HP One Agent;C:\Program Files\MySQL\MySQL Shell 8.0\bin\;C:\Users\ADE PAVAN\AppData\Local\Programs\Python\Python310\Scripts\;C:\Users\ADE PAVAN\AppData\Local\Programs\Python\Python310\;C:\Users\ADE PAVAN\AppData\Local\Microsoft\WindowsApps;C:\Users\ADE PAVAN\AppData\Local\Programs\Microsoft VS Code\bin;C:\MinGW\bin;C:\Users\ADE PAVAN\AppData\Roaming\npm;C:\Users\ADE PAVAN\Documents\Spring\eclipse;
USERNAME=ADE PAVAN
OS=Windows_NT
PROCESSOR_IDENTIFIER=Intel64 Family 6 Model 142 Stepping 12, GenuineIntel
TMP=C:\Users\ADEPAV~1\AppData\Local\Temp
TEMP=C:\Users\ADEPAV~1\AppData\Local\Temp




---------------  S Y S T E M  ---------------

OS:
 Windows 11 , 64 bit Build 22621 (10.0.22621.3672)
OS uptime: 0 days 2:54 hours

CPU: total 4 (initial active 4) (2 cores per cpu, 2 threads per core) family 6 model 142 stepping 12 microcode 0xea, cx8, cmov, fxsr, ht, mmx, 3dnowpref, sse, sse2, sse3, ssse3, sse4.1, sse4.2, popcnt, lzcnt, tsc, tscinvbit, avx, avx2, aes, erms, clmul, bmi1, bmi2, adx, fma, vzeroupper, clflush, clflushopt, rdtscp, f16c

Memory: 4k page, system-wide physical 7996M (894M free)
TotalPageFile size 13996M (AvailPageFile size 3M)
current process WorkingSet (physical memory assigned to process): 26M, peak: 26M
current process commit charge ("private bytes"): 189M, peak: 189M

vm_info: Java HotSpot(TM) 64-Bit Server VM (20.0.2+9-78) for windows-amd64 JRE (20.0.2+9-78), built on 2023-06-14T10:08:48Z by "mach5one" with MS VC++ 17.1 (VS2022)

END.
