#
# There is insufficient memory for the Java Runtime Environment to continue.
# Native memory allocation (mmap) failed to map 132120576 bytes for G1 virtual space
# Possible reasons:
#   The system is out of physical RAM or swap space
#   The process is running with CompressedOops enabled, and the Java Heap may be blocking the growth of the native heap
# Possible solutions:
#   Reduce memory load on the system
#   Increase physical memory or swap space
#   Check if swap backing store is full
#   Decrease Java heap size (-Xmx/-Xms)
#   Decrease number of Java threads
#   Decrease Java thread stack sizes (-Xss)
#   Set larger code cache with -XX:ReservedCodeCacheSize=
#   JVM is running with Unscaled Compressed Oops mode in which the Java heap is
#     placed in the first 4GB address space. The Java Heap base address is the
#     maximum limit for the native heap growth. Please use -XX:HeapBaseMinAddress
#     to set the Java Heap base and to place the Java Heap above 4GB virtual address.
# This output file may be truncated or incomplete.
#
#  Out of Memory Error (os_windows.cpp:3528), pid=19112, tid=1212
#
# JRE version:  (20.0.2+9) (build )
# Java VM: Java HotSpot(TM) 64-Bit Server VM (20.0.2+9-78, mixed mode, sharing, tiered, compressed oops, compressed class ptrs, g1 gc, windows-amd64)
# No core dump will be written. Minidumps are not enabled by default on client versions of Windows
#

---------------  S U M M A R Y ------------

Command Line: C:\Users\ADEPAV~1\AppData\Local\Temp\surefire10306767300499149898\surefirebooter1223840700445702220.jar C:\Users\ADE PAVAN\AppData\Local\Temp\surefire10306767300499149898 2024-07-14T16-11-01_287-jvmRun1 surefire10567071582345166325tmp surefire_05280072465338366984tmp

Host: Intel(R) Core(TM) i3-10110U CPU @ 2.10GHz, 4 cores, 7G,  Windows 11 , 64 bit Build 22621 (10.0.22621.3672)
Time: Sun Jul 14 16:11:01 2024 India Standard Time elapsed time: 0.019015 seconds (0d 0h 0m 0s)

---------------  T H R E A D  ---------------

Current thread (0x00000192e562f140):  JavaThread "Unknown thread" [_thread_in_vm, id=1212, stack(0x0000000bef800000,0x0000000bef900000)]

Stack: [0x0000000bef800000,0x0000000bef900000]
Native frames: (J=compiled Java code, j=interpreted, Vv=VM code, C=native code)
V  [jvm.dll+0x6bc25a]
V  [jvm.dll+0x84971a]
V  [jvm.dll+0x84b315]
V  [jvm.dll+0x84ba13]
V  [jvm.dll+0x280e4f]
V  [jvm.dll+0x6b8fe9]
V  [jvm.dll+0x6adbca]
V  [jvm.dll+0x35b165]
V  [jvm.dll+0x363386]
V  [jvm.dll+0x3b400e]
V  [jvm.dll+0x3b4295]
V  [jvm.dll+0x32b86a]
V  [jvm.dll+0x32c68b]
V  [jvm.dll+0x8123df]
V  [jvm.dll+0x3c1261]
V  [jvm.dll+0x7fe103]
V  [jvm.dll+0x44ccaf]
V  [jvm.dll+0x44e621]
C  [jli.dll+0x5287]
C  [ucrtbase.dll+0x29333]
C  [KERNEL32.DLL+0x1257d]
C  [ntdll.dll+0x5af28]


---------------  P R O C E S S  ---------------

Threads class SMR info:
_java_thread_list=0x00007ffff5f1b118, length=0, elements={
}

Java Threads: ( => current thread )

Other Threads:
  0x00000192e568ca00 WorkerThread "GC Thread#0" [stack: 0x0000000bef900000,0x0000000befa00000] [id=3596]
  0x00000192e569d4b0 ConcurrentGCThread "G1 Main Marker" [stack: 0x0000000befa00000,0x0000000befb00000] [id=13456]
  0x00000192e569e680 WorkerThread "G1 Conc#0" [stack: 0x0000000befb00000,0x0000000befc00000] [id=17696]

[error occurred during error reporting (printing all threads), id 0xc0000005, EXCEPTION_ACCESS_VIOLATION (0xc0000005) at pc=0x00007ffff56feea7]
VM state: not at safepoint (not fully initialized)

VM Mutex/Monitor currently owned by a thread:  ([mutex/lock_event])
[0x00000192e5629100] Heap_lock - owner thread: 0x00000192e562f140

Heap address: 0x0000000083000000, size: 2000 MB, Compressed Oops mode: 32-bit

CDS archive(s) mapped at: [0x0000000000000000-0x0000000000000000-0x0000000000000000), size 0, SharedBaseAddress: 0x0000000800000000, ArchiveRelocationMode: 1.
Narrow klass base: 0x0000000000000000, Narrow klass shift: 0, Narrow klass range: 0x0

GC Precious Log:
 CardTable entry size: 512
 Card Set container configuration: InlinePtr #cards 5 size 8 Array Of Cards #cards 12 size 40 Howl #buckets 4 coarsen threshold 1843 Howl Bitmap #cards 512 size 80 coarsen threshold 460 Card regions per heap region 1 cards per card region 2048

Heap:
 garbage-first heap   total 0K, used 0K [0x0000000083000000, 0x0000000100000000)
  region size 1024K, 0 young (0K), 0 survivors (0K)

[error occurred during error reporting (printing heap information), id 0xc0000005, EXCEPTION_ACCESS_VIOLATION (0xc0000005) at pc=0x00007ffff5ad47b9]
GC Heap History (0 events):
No events

Dll operation events (1 events):
Event: 0.011 Loaded shared library C:\Program Files\Java\jdk-20\bin\java.dll

Deoptimization events (0 events):
No events

Classes loaded (0 events):
No events

Classes unloaded (0 events):
No events

Classes redefined (0 events):
No events

Internal exceptions (0 events):
No events

VM Operations (0 events):
No events

Events (0 events):
No events


Dynamic libraries:
0x00007ff78abd0000 - 0x00007ff78abe0000 	C:\Program Files\Java\jdk-20\bin\java.exe
0x00007ff8a95f0000 - 0x00007ff8a9807000 	C:\WINDOWS\SYSTEM32\ntdll.dll
0x00007ff8a91d0000 - 0x00007ff8a9294000 	C:\WINDOWS\System32\KERNEL32.DLL
0x00007ff8a69c0000 - 0x00007ff8a6d6d000 	C:\WINDOWS\System32\KERNELBASE.dll
0x00007ff8a6f00000 - 0x00007ff8a7011000 	C:\WINDOWS\System32\ucrtbase.dll
0x00007ff89ef60000 - 0x00007ff89ef7b000 	C:\Program Files\Java\jdk-20\bin\VCRUNTIME140.dll
0x00007ff89fb20000 - 0x00007ff89fb39000 	C:\Program Files\Java\jdk-20\bin\jli.dll
0x00007ff8a8220000 - 0x00007ff8a82d2000 	C:\WINDOWS\System32\ADVAPI32.dll
0x00007ff8a80f0000 - 0x00007ff8a8197000 	C:\WINDOWS\System32\msvcrt.dll
0x00007ff8a7330000 - 0x00007ff8a73d9000 	C:\WINDOWS\System32\sechost.dll
0x00007ff8a6ed0000 - 0x00007ff8a6ef8000 	C:\WINDOWS\System32\bcrypt.dll
0x00007ff8a7c40000 - 0x00007ff8a7d54000 	C:\WINDOWS\System32\RPCRT4.dll
0x00007ff8a8d40000 - 0x00007ff8a8eee000 	C:\WINDOWS\System32\USER32.dll
0x00007ff8a6d70000 - 0x00007ff8a6d96000 	C:\WINDOWS\System32\win32u.dll
0x00007ff8a90a0000 - 0x00007ff8a90c9000 	C:\WINDOWS\System32\GDI32.dll
0x00007ff8a70a0000 - 0x00007ff8a71b9000 	C:\WINDOWS\System32\gdi32full.dll
0x00007ff8a6920000 - 0x00007ff8a69ba000 	C:\WINDOWS\System32\msvcp_win.dll
0x00007ff88ca90000 - 0x00007ff88cd23000 	C:\WINDOWS\WinSxS\amd64_microsoft.windows.common-controls_6595b64144ccf1df_6.0.22621.3672_none_2713b9d173822955\COMCTL32.dll
0x00007ff89d820000 - 0x00007ff89d82a000 	C:\WINDOWS\SYSTEM32\VERSION.dll
0x00007ff8a81e0000 - 0x00007ff8a8211000 	C:\WINDOWS\System32\IMM32.DLL
0x00007ff89ef20000 - 0x00007ff89ef2c000 	C:\Program Files\Java\jdk-20\bin\vcruntime140_1.dll
0x00007ff88c490000 - 0x00007ff88c51e000 	C:\Program Files\Java\jdk-20\bin\msvcp140.dll
0x00007ffff53c0000 - 0x00007ffff6058000 	C:\Program Files\Java\jdk-20\bin\server\jvm.dll
0x00007ff87b2f0000 - 0x00007ff87b2f9000 	C:\WINDOWS\SYSTEM32\WSOCK32.dll
0x00007ff89f5d0000 - 0x00007ff89f604000 	C:\WINDOWS\SYSTEM32\WINMM.dll
0x00007ff8a87f0000 - 0x00007ff8a8861000 	C:\WINDOWS\System32\WS2_32.dll
0x00007ff8a5950000 - 0x00007ff8a5968000 	C:\WINDOWS\SYSTEM32\kernel.appcore.dll
0x00007ff89eef0000 - 0x00007ff89eefa000 	C:\Program Files\Java\jdk-20\bin\jimage.dll
0x00007ff8a3b40000 - 0x00007ff8a3d72000 	C:\WINDOWS\SYSTEM32\DBGHELP.DLL
0x00007ff8a7d60000 - 0x00007ff8a80e8000 	C:\WINDOWS\System32\combase.dll
0x00007ff8a9310000 - 0x00007ff8a93e7000 	C:\WINDOWS\System32\OLEAUT32.dll
0x00007ff87b970000 - 0x00007ff87b9a2000 	C:\WINDOWS\SYSTEM32\dbgcore.DLL
0x00007ff8a7020000 - 0x00007ff8a709b000 	C:\WINDOWS\System32\bcryptPrimitives.dll
0x00007ff89eea0000 - 0x00007ff89eec6000 	C:\Program Files\Java\jdk-20\bin\java.dll

dbghelp: loaded successfully - version: 4.0.5 - missing functions: none
symbol engine: initialized successfully - sym options: 0x614 - pdb path: .;C:\Program Files\Java\jdk-20\bin;C:\WINDOWS\SYSTEM32;C:\WINDOWS\WinSxS\amd64_microsoft.windows.common-controls_6595b64144ccf1df_6.0.22621.3672_none_2713b9d173822955;C:\Program Files\Java\jdk-20\bin\server

VM Arguments:
java_command: C:\Users\ADEPAV~1\AppData\Local\Temp\surefire10306767300499149898\surefirebooter1223840700445702220.jar C:\Users\ADE PAVAN\AppData\Local\Temp\surefire10306767300499149898 2024-07-14T16-11-01_287-jvmRun1 surefire10567071582345166325tmp surefire_05280072465338366984tmp
java_class_path (initial): C:\Users\ADEPAV~1\AppData\Local\Temp\surefire10306767300499149898\surefirebooter1223840700445702220.jar
Launcher Type: SUN_STANDARD

[Global flags]
     intx CICompilerCount                          = 3                                         {product} {ergonomic}
     uint ConcGCThreads                            = 1                                         {product} {ergonomic}
     uint G1ConcRefinementThreads                  = 4                                         {product} {ergonomic}
   size_t G1HeapRegionSize                         = 1048576                                   {product} {ergonomic}
    uintx GCDrainStackTargetSize                   = 64                                        {product} {ergonomic}
   size_t InitialHeapSize                          = 132120576                                 {product} {ergonomic}
   size_t MarkStackSize                            = 4194304                                   {product} {ergonomic}
   size_t MaxHeapSize                              = 2097152000                                {product} {ergonomic}
   size_t MinHeapDeltaBytes                        = 1048576                                   {product} {ergonomic}
   size_t MinHeapSize                              = 8388608                                   {product} {ergonomic}
    uintx NonNMethodCodeHeapSize                   = 5832780                                {pd product} {ergonomic}
    uintx NonProfiledCodeHeapSize                  = 122912730                              {pd product} {ergonomic}
    uintx ProfiledCodeHeapSize                     = 122912730                              {pd product} {ergonomic}
    uintx ReservedCodeCacheSize                    = 251658240                              {pd product} {ergonomic}
     bool SegmentedCodeCache                       = true                                      {product} {ergonomic}
   size_t SoftMaxHeapSize                          = 2097152000                             {manageable} {ergonomic}
     bool UseCompressedClassPointers               = true                           {product lp64_product} {ergonomic}
     bool UseCompressedOops                        = true                           {product lp64_product} {ergonomic}
     bool UseG1GC                                  = true                                      {product} {ergonomic}
     bool UseLargePagesIndividualAllocation        = false                                  {pd product} {ergonomic}

Logging:
Log output configuration:
 #0: stdout all=warning uptime,level,tags foldmultilines=false
 #1: stderr all=off uptime,level,tags foldmultilines=false

Environment Variables:
JAVA_HOME=C:\Program Files\Java\jdk-20
PATH=C:/Users/ADE PAVAN/Documents/Spring/eclipse//plugins/org.eclipse.justj.openjdk.hotspot.jre.full.win32.x86_64_21.0.3.v20240426-1530/jre/bin/server;C:/Users/ADE PAVAN/Documents/Spring/eclipse//plugins/org.eclipse.justj.openjdk.hotspot.jre.full.win32.x86_64_21.0.3.v20240426-1530/jre/bin;C:\Oracle_database\WINDOWS.X64_193000_db_home\bin;C:\Program Files\Common Files\Oracle\Java\javapath;C:\WINDOWS\system32;C:\WINDOWS;C:\WINDOWS\System32\Wbem;C:\WINDOWS\System32\WindowsPowerShell\v1.0\;C:\WINDOWS\System32\OpenSSH\;C:\Program Files\Git\cmd;C:\Program Files\MySQL\MySQL Server 8.0\bin;C:\Program Files\Java\jdk-20\bin;C:\Program Files\nodejs\;C:\Program Files\HP\HP One Agent;C:\Program Files\MySQL\MySQL Shell 8.0\bin\;C:\Users\ADE PAVAN\AppData\Local\Programs\Python\Python310\Scripts\;C:\Users\ADE PAVAN\AppData\Local\Programs\Python\Python310\;C:\Users\ADE PAVAN\AppData\Local\Microsoft\WindowsApps;C:\Users\ADE PAVAN\AppData\Local\Programs\Microsoft VS Code\bin;C:\MinGW\bin;C:\Users\ADE PAVAN\AppData\Roaming\npm;C:\Users\ADE PAVAN\Documents\Spring\eclipse;
USERNAME=ADE PAVAN
OS=Windows_NT
PROCESSOR_IDENTIFIER=Intel64 Family 6 Model 142 Stepping 12, GenuineIntel
TMP=C:\Users\ADEPAV~1\AppData\Local\Temp
TEMP=C:\Users\ADEPAV~1\AppData\Local\Temp




---------------  S Y S T E M  ---------------

OS:
 Windows 11 , 64 bit Build 22621 (10.0.22621.3672)
OS uptime: 0 days 2:58 hours

CPU: total 4 (initial active 4) (2 cores per cpu, 2 threads per core) family 6 model 142 stepping 12 microcode 0xea, cx8, cmov, fxsr, ht, mmx, 3dnowpref, sse, sse2, sse3, ssse3, sse4.1, sse4.2, popcnt, lzcnt, tsc, tscinvbit, avx, avx2, aes, erms, clmul, bmi1, bmi2, adx, fma, vzeroupper, clflush, clflushopt, rdtscp, f16c

Memory: 4k page, system-wide physical 7996M (815M free)
TotalPageFile size 13996M (AvailPageFile size 125M)
current process WorkingSet (physical memory assigned to process): 11M, peak: 11M
current process commit charge ("private bytes"): 52M, peak: 178M

vm_info: Java HotSpot(TM) 64-Bit Server VM (20.0.2+9-78) for windows-amd64 JRE (20.0.2+9-78), built on 2023-06-14T10:08:48Z by "mach5one" with MS VC++ 17.1 (VS2022)

END.
